#
# There is insufficient memory for the Java Runtime Environment to continue.
# Native memory allocation (mmap) failed to map 132120576 bytes for G1 virtual space
# Possible reasons:
#   The system is out of physical RAM or swap space
#   The process is running with CompressedOops enabled, and the Java Heap may be blocking the growth of the native heap
# Possible solutions:
#   Reduce memory load on the system
#   Increase physical memory or swap space
#   Check if swap backing store is full
#   Decrease Java heap size (-Xmx/-Xms)
#   Decrease number of Java threads
#   Decrease Java thread stack sizes (-Xss)
#   Set larger code cache with -XX:ReservedCodeCacheSize=
#   JVM is running with Unscaled Compressed Oops mode in which the Java heap is
#     placed in the first 4GB address space. The Java Heap base address is the
#     maximum limit for the native heap growth. Please use -XX:HeapBaseMinAddress
#     to set the Java Heap base and to place the Java Heap above 4GB virtual address.
# This output file may be truncated or incomplete.
#
#  Out of Memory Error (os_windows.cpp:3825), pid=7596, tid=18540
#
# JRE version:  (17.0.10) (build )
# Java VM: OpenJDK 64-Bit Server VM (17.0.10+0--11609105, mixed mode, sharing, tiered, compressed oops, compressed class ptrs, g1 gc, windows-amd64)
# No core dump will be written. Minidumps are not enabled by default on client versions of Windows
#

---------------  S U M M A R Y ------------

Command Line: org.jetbrains.kotlin.cli.jvm.K2JVMCompiler @E:\Android\Movies\domain\build\20240604_15108349603937168176.compiler.options

Host: Intel(R) Core(TM) i5-9300H CPU @ 2.40GHz, 8 cores, 7G,  Windows 11 , 64 bit Build 22621 (10.0.22621.3672)
Time: Tue Jun  4 21:25:46 2024 Egypt Daylight Time elapsed time: 0.013615 seconds (0d 0h 0m 0s)

---------------  T H R E A D  ---------------

Current thread (0x000001eccaa11700):  JavaThread "Unknown thread" [_thread_in_vm, id=18540, stack(0x000000a776000000,0x000000a776100000)]

Stack: [0x000000a776000000,0x000000a776100000]
Native frames: (J=compiled Java code, j=interpreted, Vv=VM code, C=native code)
V  [jvm.dll+0x688de9]
V  [jvm.dll+0x8423da]
V  [jvm.dll+0x84401e]
V  [jvm.dll+0x844683]
V  [jvm.dll+0x24be0f]
V  [jvm.dll+0x685bb9]
V  [jvm.dll+0x67a46a]
V  [jvm.dll+0x30cbab]
V  [jvm.dll+0x314056]
V  [jvm.dll+0x363dce]
V  [jvm.dll+0x363fff]
V  [jvm.dll+0x2e2978]
V  [jvm.dll+0x2e38e4]
V  [jvm.dll+0x812f71]
V  [jvm.dll+0x371c81]
V  [jvm.dll+0x7f1ac6]
V  [jvm.dll+0x3f58df]
V  [jvm.dll+0x3f7511]
C  [jli.dll+0x528f]
C  [ucrtbase.dll+0x29333]
C  [KERNEL32.DLL+0x1257d]
C  [ntdll.dll+0x5aa48]


---------------  P R O C E S S  ---------------

Threads class SMR info:
_java_thread_list=0x00007ffd66d5ef58, length=0, elements={
}

Java Threads: ( => current thread )

Other Threads:
  0x000001eccaa6b4c0 GCTaskThread "GC Thread#0" [stack: 0x000000a776100000,0x000000a776200000] [id=14652]
  0x000001eccaa7cf60 ConcurrentGCThread "G1 Main Marker" [stack: 0x000000a776200000,0x000000a776300000] [id=18756]
  0x000001eccaa7e120 ConcurrentGCThread "G1 Conc#0" [stack: 0x000000a776300000,0x000000a776400000] [id=13164]

[error occurred during error reporting (printing all threads), id 0xc0000005, EXCEPTION_ACCESS_VIOLATION (0xc0000005) at pc=0x00007ffd66513547]

VM state: not at safepoint (not fully initialized)

VM Mutex/Monitor currently owned by a thread:  ([mutex/lock_event])
[0x000001eccaa0a920] Heap_lock - owner thread: 0x000001eccaa11700

Heap address: 0x0000000082600000, size: 2010 MB, Compressed Oops mode: 32-bit

CDS archive(s) mapped at: [0x0000000000000000-0x0000000000000000-0x0000000000000000), size 0, SharedBaseAddress: 0x0000000800000000, ArchiveRelocationMode: 1.
Narrow klass base: 0x0000000000000000, Narrow klass shift: 0, Narrow klass range: 0x0

GC Precious Log:
<Empty>

Heap:
 garbage-first heap   total 0K, used 0K [0x0000000082600000, 0x0000000100000000)
  region size 1024K, 0 young (0K), 0 survivors (0K)
 Metaspace       used 0K, committed 0K, reserved 0K
  class space    used 0K, committed 0K, reserved 0K

Heap Regions: E=young(eden), S=young(survivor), O=old, HS=humongous(starts), HC=humongous(continues), CS=collection set, F=free, OA=open archive, CA=closed archive, TAMS=top-at-mark-start (previous, next)

Card table byte_map: [0x000001ecdd600000,0x000001ecdd9f0000] _byte_map_base: 0x000001ecdd1ed000

Marking Bits (Prev, Next): (CMBitMap*) 0x000001eccaa6caf0, (CMBitMap*) 0x000001eccaa6cb30
 Prev Bits: [0x000001ecddde0000, 0x000001ecdfd48000)
 Next Bits: [0x000001ecdfd50000, 0x000001ece1cb8000)

GC Heap History (0 events):
No events

Dll operation events (1 events):
Event: 0.008 Loaded shared library C:\Program Files\Android\Android Studio\jbr\bin\java.dll

Deoptimization events (0 events):
No events

Classes unloaded (0 events):
No events

Classes redefined (0 events):
No events

Internal exceptions (0 events):
No events

VM Operations (0 events):
No events

Events (0 events):
No events


Dynamic libraries:
0x00007ff770c10000 - 0x00007ff770c1a000 	C:\Program Files\Android\Android Studio\jbr\bin\java.exe
0x00007ffe12d50000 - 0x00007ffe12f67000 	C:\WINDOWS\SYSTEM32\ntdll.dll
0x00007ffe12150000 - 0x00007ffe12214000 	C:\WINDOWS\System32\KERNEL32.DLL
0x00007ffe10140000 - 0x00007ffe104ec000 	C:\WINDOWS\System32\KERNELBASE.dll
0x00007ffe10970000 - 0x00007ffe10a81000 	C:\WINDOWS\System32\ucrtbase.dll
0x00007ffd6d490000 - 0x00007ffd6d4a7000 	C:\Program Files\Android\Android Studio\jbr\bin\jli.dll
0x00007ffe0b030000 - 0x00007ffe0b04b000 	C:\Program Files\Android\Android Studio\jbr\bin\VCRUNTIME140.dll
0x00007ffe12940000 - 0x00007ffe12aee000 	C:\WINDOWS\System32\USER32.dll
0x00007ffe10820000 - 0x00007ffe10846000 	C:\WINDOWS\System32\win32u.dll
0x00007ffdf1960000 - 0x00007ffdf1bf3000 	C:\WINDOWS\WinSxS\amd64_microsoft.windows.common-controls_6595b64144ccf1df_6.0.22621.3672_none_2713b9d173822955\COMCTL32.dll
0x00007ffe12af0000 - 0x00007ffe12b97000 	C:\WINDOWS\System32\msvcrt.dll
0x00007ffe12120000 - 0x00007ffe12149000 	C:\WINDOWS\System32\GDI32.dll
0x00007ffe10850000 - 0x00007ffe10969000 	C:\WINDOWS\System32\gdi32full.dll
0x00007ffe104f0000 - 0x00007ffe1058a000 	C:\WINDOWS\System32\msvcp_win.dll
0x00007ffe12900000 - 0x00007ffe12931000 	C:\WINDOWS\System32\IMM32.DLL
0x00007ffe0b640000 - 0x00007ffe0b64c000 	C:\Program Files\Android\Android Studio\jbr\bin\vcruntime140_1.dll
0x00007ffdf5020000 - 0x00007ffdf50ad000 	C:\Program Files\Android\Android Studio\jbr\bin\msvcp140.dll
0x00007ffd66220000 - 0x00007ffd66ea3000 	C:\Program Files\Android\Android Studio\jbr\bin\server\jvm.dll
0x00007ffe12060000 - 0x00007ffe12112000 	C:\WINDOWS\System32\ADVAPI32.dll
0x00007ffe11be0000 - 0x00007ffe11c88000 	C:\WINDOWS\System32\sechost.dll
0x00007ffe10590000 - 0x00007ffe105b8000 	C:\WINDOWS\System32\bcrypt.dll
0x00007ffe10bd0000 - 0x00007ffe10ce5000 	C:\WINDOWS\System32\RPCRT4.dll
0x00007ffe0ef10000 - 0x00007ffe0ef5d000 	C:\WINDOWS\SYSTEM32\POWRPROF.dll
0x00007ffdf48f0000 - 0x00007ffdf48f9000 	C:\WINDOWS\SYSTEM32\WSOCK32.dll
0x00007ffe10ae0000 - 0x00007ffe10b51000 	C:\WINDOWS\System32\WS2_32.dll
0x00007ffe06a90000 - 0x00007ffe06ac4000 	C:\WINDOWS\SYSTEM32\WINMM.dll
0x00007ffe08740000 - 0x00007ffe0874a000 	C:\WINDOWS\SYSTEM32\VERSION.dll
0x00007ffe0eef0000 - 0x00007ffe0ef03000 	C:\WINDOWS\SYSTEM32\UMPDC.dll
0x00007ffe0f1a0000 - 0x00007ffe0f1b8000 	C:\WINDOWS\SYSTEM32\kernel.appcore.dll
0x00007ffe07880000 - 0x00007ffe0788a000 	C:\Program Files\Android\Android Studio\jbr\bin\jimage.dll
0x00007ffe0d9c0000 - 0x00007ffe0dbf2000 	C:\WINDOWS\SYSTEM32\DBGHELP.DLL
0x00007ffe10e50000 - 0x00007ffe111d8000 	C:\WINDOWS\System32\combase.dll
0x00007ffe10d70000 - 0x00007ffe10e47000 	C:\WINDOWS\System32\OLEAUT32.dll
0x00007ffded120000 - 0x00007ffded152000 	C:\WINDOWS\SYSTEM32\dbgcore.DLL
0x00007ffe105c0000 - 0x00007ffe1063b000 	C:\WINDOWS\System32\bcryptPrimitives.dll
0x00007ffd6ede0000 - 0x00007ffd6ee05000 	C:\Program Files\Android\Android Studio\jbr\bin\java.dll

dbghelp: loaded successfully - version: 4.0.5 - missing functions: none
symbol engine: initialized successfully - sym options: 0x614 - pdb path: .;C:\Program Files\Android\Android Studio\jbr\bin;C:\WINDOWS\SYSTEM32;C:\WINDOWS\WinSxS\amd64_microsoft.windows.common-controls_6595b64144ccf1df_6.0.22621.3672_none_2713b9d173822955;C:\Program Files\Android\Android Studio\jbr\bin\server

VM Arguments:
java_command: org.jetbrains.kotlin.cli.jvm.K2JVMCompiler @E:\Android\Movies\domain\build\20240604_15108349603937168176.compiler.options
java_class_path (initial): C:\Users\compu market\.gradle\caches\modules-2\files-2.1\org.jetbrains.kotlin\kotlin-compiler-embeddable\1.7.20\8db18559a581dd2c36ddfd5046af145650f5b126\kotlin-compiler-embeddable-1.7.20.jar;C:\Users\compu market\.gradle\caches\modules-2\files-2.1\org.jetbrains.kotlin\kotlin-reflect\1.7.20\12b2501e33bb6373e8e347c86d85481863629381\kotlin-reflect-1.7.20.jar;C:\Users\compu market\.gradle\caches\modules-2\files-2.1\org.jetbrains.kotlin\kotlin-stdlib\1.7.20\726594ea9ba2beb2ee113647fefa9a10f9fabe52\kotlin-stdlib-1.7.20.jar;C:\Users\compu market\.gradle\caches\modules-2\files-2.1\org.jetbrains.kotlin\kotlin-script-runtime\1.7.20\bcd1cc6f865e632550357fcc59f5ffd532615a8\kotlin-script-runtime-1.7.20.jar;C:\Users\compu market\.gradle\caches\modules-2\files-2.1\org.jetbrains.kotlin\kotlin-daemon-embeddable\1.7.20\1e24355adad8d529d75d5b19eab55484057431ba\kotlin-daemon-embeddable-1.7.20.jar;C:\Users\compu market\.gradle\caches\modules-2\files-2.1\org.jetbrains.intellij.deps\trove4j\1.0.20200330\3afb14d5f9ceb459d724e907a21145e8ff394f02\trove4j-1.0.20200330.jar;C:\Users\compu market\.gradle\caches\modules-2\files-2.1\net.java.dev.jna\jna\5.6.0\330f2244e9030119ab3030fc3fededc86713d9cc\jna-5.6.0.jar;C:\Users\compu market\.gradle\caches\modules-2\files-2.1\org.jetbrains.kotlin\kotlin-stdlib-common\1.7.20\e15351bdaf9fa06f009be5da7a202e4184f00ae3\kotlin-stdlib-common-1.7.20.jar;C:\Users\compu market\.gradle\caches\modules-2\files-2.1\org.jetbrains\annotations\13.0\919f0dfe192fb4e063e7dacadee7f8bb9a2672a9\annotations-13.0.jar
Launcher Type: SUN_STANDARD

[Global flags]
     intx CICompilerCount                          = 4                                         {product} {ergonomic}
     uint ConcGCThreads                            = 2                                         {product} {ergonomic}
     uint G1ConcRefinementThreads                  = 8                                         {product} {ergonomic}
   size_t G1HeapRegionSize                         = 1048576                                   {product} {ergonomic}
    uintx GCDrainStackTargetSize                   = 64                                        {product} {ergonomic}
   size_t InitialHeapSize                          = 132120576                                 {product} {ergonomic}
   size_t MarkStackSize                            = 4194304                                   {product} {ergonomic}
   size_t MaxHeapSize                              = 2107637760                                {product} {ergonomic}
   size_t MinHeapDeltaBytes                        = 1048576                                   {product} {ergonomic}
   size_t MinHeapSize                              = 8388608                                   {product} {ergonomic}
    uintx NonNMethodCodeHeapSize                   = 5839372                                {pd product} {ergonomic}
    uintx NonProfiledCodeHeapSize                  = 122909434                              {pd product} {ergonomic}
    uintx ProfiledCodeHeapSize                     = 122909434                              {pd product} {ergonomic}
    uintx ReservedCodeCacheSize                    = 251658240                              {pd product} {ergonomic}
     bool SegmentedCodeCache                       = true                                      {product} {ergonomic}
   size_t SoftMaxHeapSize                          = 2107637760                             {manageable} {ergonomic}
     bool UseCompressedClassPointers               = true                           {product lp64_product} {ergonomic}
     bool UseCompressedOops                        = true                           {product lp64_product} {ergonomic}
     bool UseG1GC                                  = true                                      {product} {ergonomic}
     bool UseLargePagesIndividualAllocation        = false                                  {pd product} {ergonomic}

Logging:
Log output configuration:
 #0: stdout all=warning uptime,level,tags
 #1: stderr all=off uptime,level,tags

Environment Variables:
PATH=C:\Program Files\Common Files\Oracle\Java\javapath;C:\Program Files (x86)\Common Files\Intel\Shared Libraries\redist\intel64\compiler;C:\windows\system32;C:\windows;C:\windows\System32\Wbem;C:\windows\System32\WindowsPowerShell\v1.0\;C:\windows\System32\OpenSSH\;C:\Program Files (x86)\NVIDIA Corporation\PhysX\Common;C:\Program Files\NVIDIA Corporation\NVIDIA NvDLISR;C:\WINDOWS\system32;C:\WINDOWS;C:\WINDOWS\System32\Wbem;C:\WINDOWS\System32\WindowsPowerShell\v1.0\;C:\WINDOWS\System32\OpenSSH\;C:\PROGRA~2\PICC;C:\Program Files\Microsoft SQL Server\130\Tools\Binn\;C:\Program Files\Microsoft SQL Server\Client SDK\ODBC\170\Tools\Binn\;C:\Program Files (x86)\Microsoft SQL Server\150\Tools\Binn\;C:\Program Files\Microsoft SQL Server\150\Tools\Binn\;C:\Program Files\Microsoft SQL Server\150\DTS\Binn\;C:\Program Files (x86)\Microsoft SQL Server\150\DTS\Binn\;C:\Program Files\Azure Data Studio\bin;C:\Program Files\HP\HP One Agent;C:\Program Files\Git\cmd;C:\Users\compu market\AppData\Local\Microsoft\WindowsApps;C:\Users\compu market\AppData\Local\atom\bin;C:\Users\compu market\AppData\Local\Microsoft\WindowsApps;;C:\Program Files\Azure Data Studio\bin
USERNAME=Abdulrahman
OS=Windows_NT
PROCESSOR_IDENTIFIER=Intel64 Family 6 Model 158 Stepping 10, GenuineIntel
TMP=C:\Users\COMPUM~1\AppData\Local\Temp
TEMP=C:\Users\COMPUM~1\AppData\Local\Temp



Periodic native trim disabled

JNI global refs:
JNI global refs: 0, weak refs: 0

JNI global refs memory usage: 0, weak refs: 0

OOME stack traces (most recent first):
Classloader memory used:


---------------  S Y S T E M  ---------------

OS:
 Windows 11 , 64 bit Build 22621 (10.0.22621.3672)
OS uptime: 0 days 0:13 hours

CPU: total 8 (initial active 8) (4 cores per cpu, 2 threads per core) family 6 model 158 stepping 10 microcode 0xf6, cx8, cmov, fxsr, ht, mmx, 3dnowpref, sse, sse2, sse3, ssse3, sse4.1, sse4.2, popcnt, lzcnt, tsc, tscinvbit, avx, avx2, aes, erms, clmul, bmi1, bmi2, adx, fma, vzeroupper, clflush, clflushopt
Processor Information for all 8 processors :
  Max Mhz: 2400, Current Mhz: 2400, Mhz Limit: 2400

Memory: 4k page, system-wide physical 8033M (585M free)
TotalPageFile size 10081M (AvailPageFile size 108M)
current process WorkingSet (physical memory assigned to process): 11M, peak: 11M
current process commit charge ("private bytes"): 60M, peak: 186M

vm_info: OpenJDK 64-Bit Server VM (17.0.10+0--11609105) for windows-amd64 JRE (17.0.10+0--11609105), built on Mar 21 2024 19:10:56 by "androidbuild" with MS VC++ 16.10 / 16.11 (VS2019)

END.
