#
# There is insufficient memory for the Java Runtime Environment to continue.
# Native memory allocation (mmap) failed to map 20971520 bytes for G1 virtual space
# Possible reasons:
#   The system is out of physical RAM or swap space
#   The process is running with CompressedOops enabled, and the Java Heap may be blocking the growth of the native heap
# Possible solutions:
#   Reduce memory load on the system
#   Increase physical memory or swap space
#   Check if swap backing store is full
#   Decrease Java heap size (-Xmx/-Xms)
#   Decrease number of Java threads
#   Decrease Java thread stack sizes (-Xss)
#   Set larger code cache with -XX:ReservedCodeCacheSize=
#   JVM is running with Unscaled Compressed Oops mode in which the Java heap is
#     placed in the first 4GB address space. The Java Heap base address is the
#     maximum limit for the native heap growth. Please use -XX:HeapBaseMinAddress
#     to set the Java Heap base and to place the Java Heap above 4GB virtual address.
# This output file may be truncated or incomplete.
#
#  Out of Memory Error (os_windows.cpp:3825), pid=15760, tid=4436
#
# JRE version: OpenJDK Runtime Environment (17.0.10) (build 17.0.10+0--11609105)
# Java VM: OpenJDK 64-Bit Server VM (17.0.10+0--11609105, mixed mode, tiered, compressed oops, compressed class ptrs, g1 gc, windows-amd64)
# No core dump will be written. Minidumps are not enabled by default on client versions of Windows
#

---------------  S U M M A R Y ------------

Command Line: --add-opens=java.base/java.util=ALL-UNNAMED --add-opens=java.base/java.lang=ALL-UNNAMED --add-opens=java.base/java.lang.invoke=ALL-UNNAMED --add-opens=java.prefs/java.util.prefs=ALL-UNNAMED --add-opens=java.base/java.nio.charset=ALL-UNNAMED --add-opens=java.base/java.net=ALL-UNNAMED --add-opens=java.base/java.util.concurrent.atomic=ALL-UNNAMED -Xmx2048m -Dfile.encoding=UTF-8 -Duser.country=US -Duser.language=en -Duser.variant -javaagent:C:\Users\compu market\.gradle\wrapper\dists\gradle-8.6-bin\afr5mpiioh2wthjmwnkmdsd5w\gradle-8.6\lib\agents\gradle-instrumentation-agent-8.6.jar org.gradle.launcher.daemon.bootstrap.GradleDaemon 8.6

Host: Intel(R) Core(TM) i5-9300H CPU @ 2.40GHz, 8 cores, 7G,  Windows 11 , 64 bit Build 22621 (10.0.22621.3672)
Time: Tue Jun  4 21:27:37 2024 Egypt Daylight Time elapsed time: 7.086890 seconds (0d 0h 0m 7s)

---------------  T H R E A D  ---------------

Current thread (0x00000158c4013a30):  VMThread "VM Thread" [stack: 0x0000002219400000,0x0000002219500000] [id=4436]

Stack: [0x0000002219400000,0x0000002219500000]
Native frames: (J=compiled Java code, j=interpreted, Vv=VM code, C=native code)
V  [jvm.dll+0x688de9]
V  [jvm.dll+0x8423da]
V  [jvm.dll+0x84401e]
V  [jvm.dll+0x844683]
V  [jvm.dll+0x24be0f]
V  [jvm.dll+0x685bb9]
V  [jvm.dll+0x67a46a]
V  [jvm.dll+0x30cbab]
V  [jvm.dll+0x314056]
V  [jvm.dll+0x363dce]
V  [jvm.dll+0x363fff]
V  [jvm.dll+0x2e2978]
V  [jvm.dll+0x2e0b54]
V  [jvm.dll+0x2e015c]
V  [jvm.dll+0x32502b]
V  [jvm.dll+0x848d7b]
V  [jvm.dll+0x849ac1]
V  [jvm.dll+0x849fdd]
V  [jvm.dll+0x84a3b4]
V  [jvm.dll+0x84a480]
V  [jvm.dll+0x7f0c7a]
V  [jvm.dll+0x687c65]
C  [ucrtbase.dll+0x29333]
C  [KERNEL32.DLL+0x1257d]
C  [ntdll.dll+0x5aa48]

VM_Operation (0x000000221adf5b70): G1CollectForAllocation, mode: safepoint, requested by thread 0x00000158c6125430


---------------  P R O C E S S  ---------------

Threads class SMR info:
_java_thread_list=0x00000158c8dcf970, length=49, elements={
0x00000158a5cefc10, 0x00000158bfb4d100, 0x00000158bfb4df80, 0x00000158bfb63f30,
0x00000158bfb64a60, 0x00000158bfb66630, 0x00000158bfb69000, 0x00000158c4046010,
0x00000158c4049e20, 0x00000158c4052830, 0x00000158c4127910, 0x00000158c4293bc0,
0x00000158c437ef00, 0x00000158c6b77a60, 0x00000158c62bf280, 0x00000158c661dcd0,
0x00000158c6708010, 0x00000158c67084f0, 0x00000158c6124f50, 0x00000158c6125430,
0x00000158c4187300, 0x00000158c41859b0, 0x00000158c41868e0, 0x00000158c4187d20,
0x00000158c4187810, 0x00000158c6fb58f0, 0x00000158c6fb3070, 0x00000158c6fb8170,
0x00000158c6fb53e0, 0x00000158c6fba9f0, 0x00000158c6fb90a0, 0x00000158c6fb5e00,
0x00000158c6fb7750, 0x00000158c6fb44b0, 0x00000158c6fb4ed0, 0x00000158c6fb9ac0,
0x00000158c6fb9fd0, 0x00000158c6fb6310, 0x00000158c6fb6820, 0x00000158c6fba4e0,
0x00000158c6fb6d30, 0x00000158c6fb7240, 0x00000158c4188740, 0x00000158c4184f90,
0x00000158c41863d0, 0x00000158c56032d0, 0x00000158c5601470, 0x00000158c5604200,
0x00000158c95553d0
}

Java Threads: ( => current thread )
  0x00000158a5cefc10 JavaThread "main" [_thread_blocked, id=3516, stack(0x0000002218e00000,0x0000002218f00000)]
  0x00000158bfb4d100 JavaThread "Reference Handler" daemon [_thread_blocked, id=1696, stack(0x0000002219500000,0x0000002219600000)]
  0x00000158bfb4df80 JavaThread "Finalizer" daemon [_thread_blocked, id=7588, stack(0x0000002219600000,0x0000002219700000)]
  0x00000158bfb63f30 JavaThread "Signal Dispatcher" daemon [_thread_blocked, id=6252, stack(0x0000002219700000,0x0000002219800000)]
  0x00000158bfb64a60 JavaThread "Attach Listener" daemon [_thread_blocked, id=5368, stack(0x0000002219800000,0x0000002219900000)]
  0x00000158bfb66630 JavaThread "Service Thread" daemon [_thread_blocked, id=14124, stack(0x0000002219900000,0x0000002219a00000)]
  0x00000158bfb69000 JavaThread "Monitor Deflation Thread" daemon [_thread_blocked, id=15160, stack(0x0000002219a00000,0x0000002219b00000)]
  0x00000158c4046010 JavaThread "C2 CompilerThread0" daemon [_thread_blocked, id=3088, stack(0x0000002219b00000,0x0000002219c00000)]
  0x00000158c4049e20 JavaThread "C1 CompilerThread0" daemon [_thread_blocked, id=11040, stack(0x0000002219c00000,0x0000002219d00000)]
  0x00000158c4052830 JavaThread "Sweeper thread" daemon [_thread_blocked, id=14436, stack(0x0000002219d00000,0x0000002219e00000)]
  0x00000158c4127910 JavaThread "Common-Cleaner" daemon [_thread_blocked, id=16116, stack(0x0000002219e00000,0x0000002219f00000)]
  0x00000158c4293bc0 JavaThread "Notification Thread" daemon [_thread_blocked, id=15768, stack(0x0000002219f00000,0x000000221a000000)]
  0x00000158c437ef00 JavaThread "C2 CompilerThread1" daemon [_thread_blocked, id=12544, stack(0x000000221a100000,0x000000221a200000)]
  0x00000158c6b77a60 JavaThread "Daemon health stats" [_thread_blocked, id=18312, stack(0x000000221a700000,0x000000221a800000)]
  0x00000158c62bf280 JavaThread "Incoming local TCP Connector on port 1757" [_thread_in_native, id=14136, stack(0x000000221a800000,0x000000221a900000)]
  0x00000158c661dcd0 JavaThread "Daemon periodic checks" [_thread_blocked, id=704, stack(0x000000221a900000,0x000000221aa00000)]
  0x00000158c6708010 JavaThread "Daemon" [_thread_blocked, id=696, stack(0x000000221aa00000,0x000000221ab00000)]
  0x00000158c67084f0 JavaThread "Handler for socket connection from /127.0.0.1:1757 to /127.0.0.1:1758" [_thread_in_native, id=7688, stack(0x000000221ab00000,0x000000221ac00000)]
  0x00000158c6124f50 JavaThread "Cancel handler" [_thread_blocked, id=11668, stack(0x000000221ac00000,0x000000221ad00000)]
  0x00000158c6125430 JavaThread "Daemon worker" [_thread_blocked, id=8944, stack(0x000000221ad00000,0x000000221ae00000)]
  0x00000158c4187300 JavaThread "Asynchronous log dispatcher for DefaultDaemonConnection: socket connection from /127.0.0.1:1757 to /127.0.0.1:1758" [_thread_blocked, id=18936, stack(0x000000221ae00000,0x000000221af00000)]
  0x00000158c41859b0 JavaThread "Stdin handler" [_thread_blocked, id=9036, stack(0x000000221af00000,0x000000221b000000)]
  0x00000158c41868e0 JavaThread "Daemon client event forwarder" [_thread_blocked, id=18792, stack(0x000000221b000000,0x000000221b100000)]
  0x00000158c4187d20 JavaThread "Cache worker for journal cache (C:\Users\compu market\.gradle\caches\journal-1)" [_thread_blocked, id=5840, stack(0x000000221b500000,0x000000221b600000)]
  0x00000158c4187810 JavaThread "File lock request listener" [_thread_in_native, id=9720, stack(0x000000221b600000,0x000000221b700000)]
  0x00000158c6fb58f0 JavaThread "Cache worker for file hash cache (C:\Users\compu market\.gradle\caches\8.6\fileHashes)" [_thread_blocked, id=10788, stack(0x000000221b700000,0x000000221b800000)]
  0x00000158c6fb3070 JavaThread "File watcher server" daemon [_thread_in_native, id=1224, stack(0x000000221b800000,0x000000221b900000)]
  0x00000158c6fb8170 JavaThread "File watcher consumer" daemon [_thread_blocked, id=6004, stack(0x000000221b900000,0x000000221ba00000)]
  0x00000158c6fb53e0 JavaThread "Cache worker for checksums cache (E:\Android\Movies\.gradle\8.6\checksums)" [_thread_blocked, id=9956, stack(0x000000221ba00000,0x000000221bb00000)]
  0x00000158c6fba9f0 JavaThread "Cache worker for file hash cache (E:\Android\Movies\.gradle\8.6\fileHashes)" [_thread_blocked, id=5176, stack(0x000000221bb00000,0x000000221bc00000)]
  0x00000158c6fb90a0 JavaThread "Cache worker for cache directory md-supplier (C:\Users\compu market\.gradle\caches\8.6\md-supplier)" [_thread_blocked, id=18596, stack(0x000000221bc00000,0x000000221bd00000)]
  0x00000158c6fb5e00 JavaThread "Cache worker for cache directory md-rule (C:\Users\compu market\.gradle\caches\8.6\md-rule)" [_thread_blocked, id=5992, stack(0x000000221bd00000,0x000000221be00000)]
  0x00000158c6fb7750 JavaThread "Cache worker for file content cache (C:\Users\compu market\.gradle\caches\8.6\fileContent)" [_thread_blocked, id=2256, stack(0x000000221be00000,0x000000221bf00000)]
  0x00000158c6fb44b0 JavaThread "jar transforms" [_thread_blocked, id=14752, stack(0x000000221c000000,0x000000221c100000)]
  0x00000158c6fb4ed0 JavaThread "jar transforms Thread 2" [_thread_blocked, id=13244, stack(0x000000221c100000,0x000000221c200000)]
  0x00000158c6fb9ac0 JavaThread "jar transforms Thread 3" [_thread_blocked, id=14976, stack(0x000000221c200000,0x000000221c300000)]
  0x00000158c6fb9fd0 JavaThread "Cache worker for Build Output Cleanup Cache (E:\Android\Movies\.gradle\buildOutputCleanup)" [_thread_blocked, id=820, stack(0x000000221c300000,0x000000221c400000)]
  0x00000158c6fb6310 JavaThread "Unconstrained build operations" [_thread_blocked, id=13780, stack(0x000000221c400000,0x000000221c500000)]
  0x00000158c6fb6820 JavaThread "Unconstrained build operations Thread 2" [_thread_blocked, id=10600, stack(0x000000221c500000,0x000000221c600000)]
  0x00000158c6fba4e0 JavaThread "Unconstrained build operations Thread 3" [_thread_blocked, id=12300, stack(0x000000221c600000,0x000000221c700000)]
  0x00000158c6fb6d30 JavaThread "Unconstrained build operations Thread 4" [_thread_blocked, id=2800, stack(0x000000221c700000,0x000000221c800000)]
  0x00000158c6fb7240 JavaThread "Unconstrained build operations Thread 5" [_thread_blocked, id=17880, stack(0x000000221c800000,0x000000221c900000)]
  0x00000158c4188740 JavaThread "Unconstrained build operations Thread 6" [_thread_blocked, id=1088, stack(0x000000221c900000,0x000000221ca00000)]
  0x00000158c4184f90 JavaThread "Unconstrained build operations Thread 7" [_thread_blocked, id=10568, stack(0x000000221ca00000,0x000000221cb00000)]
  0x00000158c41863d0 JavaThread "jar transforms Thread 4" [_thread_blocked, id=19532, stack(0x000000221cb00000,0x000000221cc00000)]
  0x00000158c56032d0 JavaThread "jar transforms Thread 5" [_thread_blocked, id=14468, stack(0x000000221cc00000,0x000000221cd00000)]
  0x00000158c5601470 JavaThread "build event listener" [_thread_blocked, id=2436, stack(0x000000221a600000,0x000000221a700000)]
  0x00000158c5604200 JavaThread "Memory manager" [_thread_blocked, id=10116, stack(0x000000221cd00000,0x000000221ce00000)]
  0x00000158c95553d0 JavaThread "C2 CompilerThread2" daemon [_thread_blocked, id=3456, stack(0x000000221ce00000,0x000000221cf00000)]

Other Threads:
=>0x00000158c4013a30 VMThread "VM Thread" [stack: 0x0000002219400000,0x0000002219500000] [id=4436]
  0x00000158c42e6c90 WatcherThread [stack: 0x000000221a000000,0x000000221a100000] [id=4860]
  0x00000158a5d4a590 GCTaskThread "GC Thread#0" [stack: 0x0000002218f00000,0x0000002219000000] [id=10344]
  0x00000158c498bdc0 GCTaskThread "GC Thread#1" [stack: 0x000000221a300000,0x000000221a400000] [id=15680]
  0x00000158c498c080 GCTaskThread "GC Thread#2" [stack: 0x000000221a400000,0x000000221a500000] [id=14456]
  0x00000158c4891200 GCTaskThread "GC Thread#3" [stack: 0x000000221a500000,0x000000221a600000] [id=18676]
  0x00000158c52ed3a0 GCTaskThread "GC Thread#4" [stack: 0x000000221a200000,0x000000221a300000] [id=13952]
  0x00000158c52ecb60 GCTaskThread "GC Thread#5" [stack: 0x000000221b100000,0x000000221b200000] [id=4980]
  0x00000158c52ebda0 GCTaskThread "GC Thread#6" [stack: 0x000000221b200000,0x000000221b300000] [id=3868]
  0x00000158c52ece20 GCTaskThread "GC Thread#7" [stack: 0x000000221b300000,0x000000221b400000] [id=19148]
  0x00000158a5d5b4e0 ConcurrentGCThread "G1 Main Marker" [stack: 0x0000002219000000,0x0000002219100000] [id=6132]
  0x00000158a5d5bf00 ConcurrentGCThread "G1 Conc#0" [stack: 0x0000002219100000,0x0000002219200000] [id=4948]
  0x00000158c52ed0e0 ConcurrentGCThread "G1 Conc#1" [stack: 0x000000221b400000,0x000000221b500000] [id=13304]
  0x00000158a5d9ea60 ConcurrentGCThread "G1 Refine#0" [stack: 0x0000002219200000,0x0000002219300000] [id=14464]
  0x00000158c5a91950 ConcurrentGCThread "G1 Refine#1" [stack: 0x000000221bf00000,0x000000221c000000] [id=2952]
  0x00000158bf9bc670 ConcurrentGCThread "G1 Service" [stack: 0x0000002219300000,0x0000002219400000] [id=17380]

Threads with active compile tasks:
C2 CompilerThread0     7111 7055       4       java.lang.invoke.LambdaForm::prepare (112 bytes)
C2 CompilerThread2     7111 7061       4       java.lang.invoke.MethodHandle::<init> (37 bytes)

VM state: at safepoint (normal execution)

VM Mutex/Monitor currently owned by a thread:  ([mutex/lock_event])
[0x00000158a5ceb940] Threads_lock - owner thread: 0x00000158c4013a30
[0x00000158a5cebaf0] Heap_lock - owner thread: 0x00000158c6125430

Heap address: 0x0000000080000000, size: 2048 MB, Compressed Oops mode: 32-bit

CDS archive(s) not mapped
Compressed class space mapped at: 0x0000000100000000-0x0000000140000000, reserved size: 1073741824
Narrow klass base: 0x0000000000000000, Narrow klass shift: 3, Narrow klass range: 0x140000000

GC Precious Log:
 CPUs: 8 total, 8 available
 Memory: 8033M
 Large Page Support: Disabled
 NUMA Support: Disabled
 Compressed Oops: Enabled (32-bit)
 Heap Region Size: 1M
 Heap Min Capacity: 8M
 Heap Initial Capacity: 126M
 Heap Max Capacity: 2G
 Pre-touch: Disabled
 Parallel Workers: 8
 Concurrent Workers: 2
 Concurrent Refinement Workers: 8
 Periodic GC: Disabled

Heap:
 garbage-first heap   total 111616K, used 68078K [0x0000000080000000, 0x0000000100000000)
  region size 1024K, 2 young (2048K), 2 survivors (2048K)
 Metaspace       used 69641K, committed 70208K, reserved 1114112K
  class space    used 9369K, committed 9664K, reserved 1048576K

Heap Regions: E=young(eden), S=young(survivor), O=old, HS=humongous(starts), HC=humongous(continues), CS=collection set, F=free, OA=open archive, CA=closed archive, TAMS=top-at-mark-start (previous, next)
|   0|0x0000000080000000, 0x0000000080100000, 0x0000000080100000|100%|HS|  |TAMS 0x0000000080100000, 0x0000000080100000| Complete 
|   1|0x0000000080100000, 0x0000000080200000, 0x0000000080200000|100%|HC|  |TAMS 0x0000000080200000, 0x0000000080200000| Complete 
|   2|0x0000000080200000, 0x0000000080300000, 0x0000000080300000|100%|HC|  |TAMS 0x0000000080300000, 0x0000000080300000| Complete 
|   3|0x0000000080300000, 0x0000000080400000, 0x0000000080400000|100%|HC|  |TAMS 0x0000000080400000, 0x0000000080400000| Complete 
|   4|0x0000000080400000, 0x0000000080500000, 0x0000000080500000|100%| O|  |TAMS 0x0000000080500000, 0x0000000080500000| Untracked 
|   5|0x0000000080500000, 0x0000000080600000, 0x0000000080600000|100%| O|  |TAMS 0x0000000080600000, 0x0000000080600000| Untracked 
|   6|0x0000000080600000, 0x0000000080700000, 0x0000000080700000|100%| O|  |TAMS 0x0000000080700000, 0x0000000080700000| Untracked 
|   7|0x0000000080700000, 0x0000000080800000, 0x0000000080800000|100%| O|  |TAMS 0x0000000080800000, 0x0000000080800000| Untracked 
|   8|0x0000000080800000, 0x0000000080900000, 0x0000000080900000|100%| O|  |TAMS 0x0000000080900000, 0x0000000080900000| Untracked 
|   9|0x0000000080900000, 0x0000000080a00000, 0x0000000080a00000|100%| O|  |TAMS 0x0000000080a00000, 0x0000000080a00000| Untracked 
|  10|0x0000000080a00000, 0x0000000080b00000, 0x0000000080b00000|100%| O|  |TAMS 0x0000000080a00000, 0x0000000080b00000| Untracked 
|  11|0x0000000080b00000, 0x0000000080c00000, 0x0000000080c00000|100%| O|  |TAMS 0x0000000080c00000, 0x0000000080c00000| Untracked 
|  12|0x0000000080c00000, 0x0000000080d00000, 0x0000000080d00000|100%| O|  |TAMS 0x0000000080d00000, 0x0000000080d00000| Untracked 
|  13|0x0000000080d00000, 0x0000000080e00000, 0x0000000080e00000|100%| O|  |TAMS 0x0000000080e00000, 0x0000000080e00000| Untracked 
|  14|0x0000000080e00000, 0x0000000080f00000, 0x0000000080f00000|100%| O|  |TAMS 0x0000000080f00000, 0x0000000080f00000| Untracked 
|  15|0x0000000080f00000, 0x0000000081000000, 0x0000000081000000|100%| O|  |TAMS 0x0000000081000000, 0x0000000081000000| Untracked 
|  16|0x0000000081000000, 0x0000000081100000, 0x0000000081100000|100%| O|  |TAMS 0x0000000081100000, 0x0000000081100000| Untracked 
|  17|0x0000000081100000, 0x0000000081200000, 0x0000000081200000|100%| O|  |TAMS 0x0000000081200000, 0x0000000081200000| Untracked 
|  18|0x0000000081200000, 0x0000000081300000, 0x0000000081300000|100%| O|  |TAMS 0x0000000081300000, 0x0000000081300000| Untracked 
|  19|0x0000000081300000, 0x0000000081400000, 0x0000000081400000|100%| O|  |TAMS 0x0000000081400000, 0x0000000081400000| Untracked 
|  20|0x0000000081400000, 0x0000000081500000, 0x0000000081500000|100%| O|  |TAMS 0x0000000081500000, 0x0000000081500000| Untracked 
|  21|0x0000000081500000, 0x0000000081600000, 0x0000000081600000|100%| O|  |TAMS 0x0000000081600000, 0x0000000081600000| Untracked 
|  22|0x0000000081600000, 0x0000000081700000, 0x0000000081700000|100%| O|  |TAMS 0x0000000081700000, 0x0000000081700000| Untracked 
|  23|0x0000000081700000, 0x0000000081800000, 0x0000000081800000|100%| O|  |TAMS 0x00000000817c8400, 0x0000000081800000| Untracked 
|  24|0x0000000081800000, 0x0000000081800000, 0x0000000081900000|  0%| F|  |TAMS 0x0000000081800000, 0x0000000081800000| Untracked 
|  25|0x0000000081900000, 0x0000000081a00000, 0x0000000081a00000|100%| O|  |TAMS 0x0000000081a00000, 0x0000000081a00000| Untracked 
|  26|0x0000000081a00000, 0x0000000081b00000, 0x0000000081b00000|100%| O|  |TAMS 0x0000000081b00000, 0x0000000081b00000| Untracked 
|  27|0x0000000081b00000, 0x0000000081c00000, 0x0000000081c00000|100%| O|  |TAMS 0x0000000081c00000, 0x0000000081c00000| Untracked 
|  28|0x0000000081c00000, 0x0000000081d00000, 0x0000000081d00000|100%| O|  |TAMS 0x0000000081d00000, 0x0000000081d00000| Untracked 
|  29|0x0000000081d00000, 0x0000000081e00000, 0x0000000081e00000|100%| O|  |TAMS 0x0000000081e00000, 0x0000000081e00000| Untracked 
|  30|0x0000000081e00000, 0x0000000081f00000, 0x0000000081f00000|100%| O|  |TAMS 0x0000000081f00000, 0x0000000081f00000| Untracked 
|  31|0x0000000081f00000, 0x0000000082000000, 0x0000000082000000|100%| O|  |TAMS 0x0000000082000000, 0x0000000082000000| Untracked 
|  32|0x0000000082000000, 0x0000000082100000, 0x0000000082100000|100%| O|  |TAMS 0x0000000082100000, 0x0000000082100000| Untracked 
|  33|0x0000000082100000, 0x0000000082200000, 0x0000000082200000|100%| O|  |TAMS 0x0000000082200000, 0x0000000082200000| Untracked 
|  34|0x0000000082200000, 0x0000000082300000, 0x0000000082300000|100%| O|  |TAMS 0x0000000082300000, 0x0000000082300000| Untracked 
|  35|0x0000000082300000, 0x0000000082400000, 0x0000000082400000|100%| O|  |TAMS 0x0000000082400000, 0x0000000082400000| Untracked 
|  36|0x0000000082400000, 0x0000000082500000, 0x0000000082500000|100%| O|  |TAMS 0x0000000082500000, 0x0000000082500000| Untracked 
|  37|0x0000000082500000, 0x0000000082600000, 0x0000000082600000|100%| O|  |TAMS 0x0000000082600000, 0x0000000082600000| Untracked 
|  38|0x0000000082600000, 0x0000000082700000, 0x0000000082700000|100%| O|  |TAMS 0x0000000082700000, 0x0000000082700000| Untracked 
|  39|0x0000000082700000, 0x0000000082800000, 0x0000000082800000|100%| O|  |TAMS 0x0000000082800000, 0x0000000082800000| Untracked 
|  40|0x0000000082800000, 0x0000000082900000, 0x0000000082900000|100%| O|  |TAMS 0x0000000082900000, 0x0000000082900000| Untracked 
|  41|0x0000000082900000, 0x0000000082a00000, 0x0000000082a00000|100%|HS|  |TAMS 0x0000000082a00000, 0x0000000082a00000| Complete 
|  42|0x0000000082a00000, 0x0000000082b00000, 0x0000000082b00000|100%|HS|  |TAMS 0x0000000082b00000, 0x0000000082b00000| Complete 
|  43|0x0000000082b00000, 0x0000000082c00000, 0x0000000082c00000|100%|HS|  |TAMS 0x0000000082c00000, 0x0000000082c00000| Complete 
|  44|0x0000000082c00000, 0x0000000082d00000, 0x0000000082d00000|100%|HS|  |TAMS 0x0000000082d00000, 0x0000000082d00000| Complete 
|  45|0x0000000082d00000, 0x0000000082e00000, 0x0000000082e00000|100%|HS|  |TAMS 0x0000000082e00000, 0x0000000082e00000| Complete 
|  46|0x0000000082e00000, 0x0000000082f00000, 0x0000000082f00000|100%|HS|  |TAMS 0x0000000082f00000, 0x0000000082f00000| Complete 
|  47|0x0000000082f00000, 0x0000000083000000, 0x0000000083000000|100%|HC|  |TAMS 0x0000000083000000, 0x0000000083000000| Complete 
|  48|0x0000000083000000, 0x0000000083100000, 0x0000000083100000|100%|HC|  |TAMS 0x0000000083100000, 0x0000000083100000| Complete 
|  49|0x0000000083100000, 0x0000000083200000, 0x0000000083200000|100%|HC|  |TAMS 0x0000000083200000, 0x0000000083200000| Complete 
|  50|0x0000000083200000, 0x0000000083300000, 0x0000000083300000|100%|HS|  |TAMS 0x0000000083300000, 0x0000000083300000| Complete 
|  51|0x0000000083300000, 0x0000000083400000, 0x0000000083400000|100%|HS|  |TAMS 0x0000000083400000, 0x0000000083400000| Complete 
|  52|0x0000000083400000, 0x0000000083500000, 0x0000000083500000|100%|HS|  |TAMS 0x0000000083500000, 0x0000000083500000| Complete 
|  53|0x0000000083500000, 0x0000000083600000, 0x0000000083600000|100%| O|  |TAMS 0x0000000083500000, 0x0000000083600000| Untracked 
|  54|0x0000000083600000, 0x0000000083700000, 0x0000000083700000|100%| O|  |TAMS 0x0000000083600000, 0x0000000083700000| Untracked 
|  55|0x0000000083700000, 0x0000000083800000, 0x0000000083800000|100%| O|  |TAMS 0x0000000083700000, 0x0000000083800000| Untracked 
|  56|0x0000000083800000, 0x0000000083900000, 0x0000000083900000|100%|HS|  |TAMS 0x0000000083800000, 0x0000000083900000| Complete 
|  57|0x0000000083900000, 0x0000000083a00000, 0x0000000083a00000|100%| O|  |TAMS 0x0000000083a00000, 0x0000000083a00000| Untracked 
|  58|0x0000000083a00000, 0x0000000083b00000, 0x0000000083b00000|100%| O|  |TAMS 0x0000000083b00000, 0x0000000083b00000| Untracked 
|  59|0x0000000083b00000, 0x0000000083c00000, 0x0000000083c00000|100%| O|  |TAMS 0x0000000083c00000, 0x0000000083c00000| Untracked 
|  60|0x0000000083c00000, 0x0000000083d00000, 0x0000000083d00000|100%| O|  |TAMS 0x0000000083d00000, 0x0000000083d00000| Untracked 
|  61|0x0000000083d00000, 0x0000000083e00000, 0x0000000083e00000|100%| O|  |TAMS 0x0000000083e00000, 0x0000000083e00000| Untracked 
|  62|0x0000000083e00000, 0x0000000083f00000, 0x0000000083f00000|100%| O|  |TAMS 0x0000000083e00000, 0x0000000083f00000| Untracked 
|  63|0x0000000083f00000, 0x0000000083f2a400, 0x0000000084000000| 16%| O|  |TAMS 0x0000000083f00000, 0x0000000083f2a400| Untracked 
|  64|0x0000000084000000, 0x0000000084000000, 0x0000000084100000|  0%| F|  |TAMS 0x0000000084000000, 0x0000000084000000| Untracked 
|  65|0x0000000084100000, 0x0000000084100000, 0x0000000084200000|  0%| F|  |TAMS 0x0000000084100000, 0x0000000084100000| Untracked 
|  66|0x0000000084200000, 0x0000000084200000, 0x0000000084300000|  0%| F|  |TAMS 0x0000000084200000, 0x0000000084200000| Untracked 
|  67|0x0000000084300000, 0x0000000084300000, 0x0000000084400000|  0%| F|  |TAMS 0x0000000084300000, 0x0000000084300000| Untracked 
|  68|0x0000000084400000, 0x0000000084400000, 0x0000000084500000|  0%| F|  |TAMS 0x0000000084400000, 0x0000000084400000| Untracked 
|  69|0x0000000084500000, 0x0000000084500000, 0x0000000084600000|  0%| F|  |TAMS 0x0000000084500000, 0x0000000084500000| Untracked 
|  70|0x0000000084600000, 0x0000000084600000, 0x0000000084700000|  0%| F|  |TAMS 0x0000000084600000, 0x0000000084600000| Untracked 
|  71|0x0000000084700000, 0x0000000084700000, 0x0000000084800000|  0%| F|  |TAMS 0x0000000084700000, 0x0000000084700000| Untracked 
|  72|0x0000000084800000, 0x0000000084800000, 0x0000000084900000|  0%| F|  |TAMS 0x0000000084800000, 0x0000000084800000| Untracked 
|  73|0x0000000084900000, 0x0000000084900000, 0x0000000084a00000|  0%| F|  |TAMS 0x0000000084900000, 0x0000000084900000| Untracked 
|  74|0x0000000084a00000, 0x0000000084a00000, 0x0000000084b00000|  0%| F|  |TAMS 0x0000000084a00000, 0x0000000084a00000| Untracked 
|  75|0x0000000084b00000, 0x0000000084b00000, 0x0000000084c00000|  0%| F|  |TAMS 0x0000000084b00000, 0x0000000084b00000| Untracked 
|  76|0x0000000084c00000, 0x0000000084c00000, 0x0000000084d00000|  0%| F|  |TAMS 0x0000000084c00000, 0x0000000084c00000| Untracked 
|  77|0x0000000084d00000, 0x0000000084d00000, 0x0000000084e00000|  0%| F|  |TAMS 0x0000000084d00000, 0x0000000084d00000| Untracked 
|  78|0x0000000084e00000, 0x0000000084e00000, 0x0000000084f00000|  0%| F|  |TAMS 0x0000000084e00000, 0x0000000084e00000| Untracked 
|  79|0x0000000084f00000, 0x0000000084f00000, 0x0000000085000000|  0%| F|  |TAMS 0x0000000084f00000, 0x0000000084f00000| Untracked 
|  80|0x0000000085000000, 0x00000000850517b0, 0x0000000085100000| 31%| S|CS|TAMS 0x0000000085000000, 0x0000000085000000| Complete 
|  81|0x0000000085100000, 0x0000000085200000, 0x0000000085200000|100%| S|CS|TAMS 0x0000000085100000, 0x0000000085100000| Complete 
|  82|0x0000000085200000, 0x0000000085200000, 0x0000000085300000|  0%| F|  |TAMS 0x0000000085200000, 0x0000000085200000| Untracked 
|  83|0x0000000085300000, 0x0000000085300000, 0x0000000085400000|  0%| F|  |TAMS 0x0000000085300000, 0x0000000085300000| Untracked 
|  84|0x0000000085400000, 0x0000000085400000, 0x0000000085500000|  0%| F|  |TAMS 0x0000000085400000, 0x0000000085400000| Untracked 
|  85|0x0000000085500000, 0x0000000085500000, 0x0000000085600000|  0%| F|  |TAMS 0x0000000085500000, 0x0000000085500000| Untracked 
|  86|0x0000000085600000, 0x0000000085600000, 0x0000000085700000|  0%| F|  |TAMS 0x0000000085600000, 0x0000000085600000| Untracked 
|  87|0x0000000085700000, 0x0000000085700000, 0x0000000085800000|  0%| F|  |TAMS 0x0000000085700000, 0x0000000085700000| Untracked 
|  88|0x0000000085800000, 0x0000000085800000, 0x0000000085900000|  0%| F|  |TAMS 0x0000000085800000, 0x0000000085800000| Untracked 
|  89|0x0000000085900000, 0x0000000085900000, 0x0000000085a00000|  0%| F|  |TAMS 0x0000000085900000, 0x0000000085900000| Untracked 
|  90|0x0000000085a00000, 0x0000000085a00000, 0x0000000085b00000|  0%| F|  |TAMS 0x0000000085a00000, 0x0000000085a00000| Untracked 
|  91|0x0000000085b00000, 0x0000000085b00000, 0x0000000085c00000|  0%| F|  |TAMS 0x0000000085b00000, 0x0000000085b00000| Untracked 
|  92|0x0000000085c00000, 0x0000000085c00000, 0x0000000085d00000|  0%| F|  |TAMS 0x0000000085c00000, 0x0000000085c00000| Untracked 
|  93|0x0000000085d00000, 0x0000000085d00000, 0x0000000085e00000|  0%| F|  |TAMS 0x0000000085d00000, 0x0000000085d00000| Untracked 
|  94|0x0000000085e00000, 0x0000000085e00000, 0x0000000085f00000|  0%| F|  |TAMS 0x0000000085e00000, 0x0000000085e00000| Untracked 
|  95|0x0000000085f00000, 0x0000000085f00000, 0x0000000086000000|  0%| F|  |TAMS 0x0000000085f00000, 0x0000000085f00000| Untracked 
|  96|0x0000000086000000, 0x0000000086000000, 0x0000000086100000|  0%| F|  |TAMS 0x0000000086000000, 0x0000000086000000| Untracked 
|  97|0x0000000086100000, 0x0000000086100000, 0x0000000086200000|  0%| F|  |TAMS 0x0000000086100000, 0x0000000086100000| Untracked 
|  98|0x0000000086200000, 0x0000000086200000, 0x0000000086300000|  0%| F|  |TAMS 0x0000000086200000, 0x0000000086200000| Untracked 
|  99|0x0000000086300000, 0x0000000086300000, 0x0000000086400000|  0%| F|  |TAMS 0x0000000086300000, 0x0000000086300000| Untracked 
| 100|0x0000000086400000, 0x0000000086400000, 0x0000000086500000|  0%| F|  |TAMS 0x0000000086400000, 0x0000000086400000| Untracked 
| 101|0x0000000086500000, 0x0000000086500000, 0x0000000086600000|  0%| F|  |TAMS 0x0000000086500000, 0x0000000086500000| Untracked 
| 102|0x0000000086600000, 0x0000000086600000, 0x0000000086700000|  0%| F|  |TAMS 0x0000000086600000, 0x0000000086600000| Untracked 
| 103|0x0000000086700000, 0x0000000086700000, 0x0000000086800000|  0%| F|  |TAMS 0x0000000086700000, 0x0000000086700000| Untracked 
| 104|0x0000000086800000, 0x0000000086800000, 0x0000000086900000|  0%| F|  |TAMS 0x0000000086800000, 0x0000000086800000| Untracked 
| 125|0x0000000087d00000, 0x0000000087d00000, 0x0000000087e00000|  0%| F|  |TAMS 0x0000000087d00000, 0x0000000087d00000| Untracked 
|2045|0x00000000ffd00000, 0x00000000ffe00000, 0x00000000ffe00000|100%| O|  |TAMS 0x00000000ffe00000, 0x00000000ffe00000| Untracked 
|2046|0x00000000ffe00000, 0x00000000fff00000, 0x00000000fff00000|100%| O|  |TAMS 0x00000000fff00000, 0x00000000fff00000| Untracked 
|2047|0x00000000fff00000, 0x0000000100000000, 0x0000000100000000|100%| O|  |TAMS 0x0000000100000000, 0x0000000100000000| Untracked 

Card table byte_map: [0x00000158b88f0000,0x00000158b8cf0000] _byte_map_base: 0x00000158b84f0000

Marking Bits (Prev, Next): (CMBitMap*) 0x00000158a5d4abf0, (CMBitMap*) 0x00000158a5d4abb0
 Prev Bits: [0x00000158bb0f0000, 0x00000158bd0f0000)
 Next Bits: [0x00000158b90f0000, 0x00000158bb0f0000)

Polling page: 0x00000158a54a0000

Metaspace:

Usage:
  Non-class:     58.86 MB used.
      Class:      9.15 MB used.
       Both:     68.01 MB used.

Virtual space:
  Non-class space:       64.00 MB reserved,      59.12 MB ( 92%) committed,  1 nodes.
      Class space:        1.00 GB reserved,       9.44 MB ( <1%) committed,  1 nodes.
             Both:        1.06 GB reserved,      68.56 MB (  6%) committed. 

Chunk freelists:
   Non-Class:  4.81 MB
       Class:  6.42 MB
        Both:  11.23 MB

MaxMetaspaceSize: unlimited
CompressedClassSpaceSize: 1.00 GB
Initial GC threshold: 21.00 MB
Current GC threshold: 107.75 MB
CDS: off
MetaspaceReclaimPolicy: balanced
 - commit_granule_bytes: 65536.
 - commit_granule_words: 8192.
 - virtual_space_node_default_size: 8388608.
 - enlarge_chunks_in_place: 1.
 - new_chunks_are_fully_committed: 0.
 - uncommit_free_chunks: 1.
 - use_allocation_guard: 0.
 - handle_deallocations: 1.


Internal statistics:

num_allocs_failed_limit: 6.
num_arena_births: 658.
num_arena_deaths: 24.
num_vsnodes_births: 2.
num_vsnodes_deaths: 0.
num_space_committed: 1097.
num_space_uncommitted: 0.
num_chunks_returned_to_freelist: 42.
num_chunks_taken_from_freelist: 3060.
num_chunk_merges: 18.
num_chunk_splits: 2014.
num_chunks_enlarged: 1374.
num_inconsistent_stats: 0.

CodeHeap 'non-profiled nmethods': size=120000Kb used=3811Kb max_used=3811Kb free=116188Kb
 bounds [0x00000158b0c90000, 0x00000158b1050000, 0x00000158b81c0000]
CodeHeap 'profiled nmethods': size=120000Kb used=11827Kb max_used=11827Kb free=108172Kb
 bounds [0x00000158a91c0000, 0x00000158a9d50000, 0x00000158b06f0000]
CodeHeap 'non-nmethods': size=5760Kb used=2343Kb max_used=2405Kb free=3416Kb
 bounds [0x00000158b06f0000, 0x00000158b0970000, 0x00000158b0c90000]
 total_blobs=7181 nmethods=6316 adapters=777
 compilation: enabled
              stopped_count=0, restarted_count=0
 full_count=0

Compilation events (20 events):
Event: 7.076 Thread 0x00000158c4049e20 nmethod 7074 0x00000158b1047a10 code [0x00000158b1047ba0, 0x00000158b1047c78]
Event: 7.076 Thread 0x00000158c4049e20 7075       3       org.objectweb.asm.Handler::getExceptionTableLength (21 bytes)
Event: 7.076 Thread 0x00000158c4049e20 nmethod 7075 0x00000158a9d49c90 code [0x00000158a9d49e20, 0x00000158a9d49fb8]
Event: 7.076 Thread 0x00000158c4049e20 7078       3       org.gradle.model.internal.asm.BytecodeFragment$$Lambda$138/0x00000001002a21c8::emit (5 bytes)
Event: 7.076 Thread 0x00000158c4049e20 nmethod 7078 0x00000158a9d4a090 code [0x00000158a9d4a220, 0x00000158a9d4a378]
Event: 7.076 Thread 0x00000158c4049e20 7079       3       org.gradle.model.internal.asm.BytecodeFragment::lambda$static$0 (1 bytes)
Event: 7.076 Thread 0x00000158c4049e20 nmethod 7079 0x00000158a9d4a410 code [0x00000158a9d4a5a0, 0x00000158a9d4a698]
Event: 7.076 Thread 0x00000158c4049e20 7070       1       kotlin.sequences.TransformingSequence::access$getSequence$p (5 bytes)
Event: 7.076 Thread 0x00000158c4049e20 nmethod 7070 0x00000158b1047d10 code [0x00000158b1047ea0, 0x00000158b1047f58]
Event: 7.078 Thread 0x00000158c4049e20 7080       3       org.objectweb.asm.MethodWriter::visitInsn (115 bytes)
Event: 7.078 Thread 0x00000158c4049e20 nmethod 7080 0x00000158a9d4a710 code [0x00000158a9d4a8e0, 0x00000158a9d4ad68]
Event: 7.078 Thread 0x00000158c4049e20 7083       3       org.objectweb.asm.ByteVector::putInt (74 bytes)
Event: 7.079 Thread 0x00000158c4049e20 nmethod 7083 0x00000158a9d4af10 code [0x00000158a9d4b0c0, 0x00000158a9d4b328]
Event: 7.079 Thread 0x00000158c4049e20 7081       3       org.objectweb.asm.commons.GeneratorAdapter::fieldInsn (19 bytes)
Event: 7.079 Thread 0x00000158c4049e20 nmethod 7081 0x00000158a9d4b490 code [0x00000158a9d4b660, 0x00000158a9d4b948]
Event: 7.079 Thread 0x00000158c4049e20 7082       3       org.objectweb.asm.MethodWriter::visitFieldInsn (258 bytes)
Event: 7.080 Thread 0x00000158c437ef00 nmethod 7076 0x00000158b1048010 code [0x00000158b10481a0, 0x00000158b10487f8]
Event: 7.080 Thread 0x00000158c437ef00 7077       4       org.gradle.internal.instantiation.generator.AbstractClassGenerator::assertNotAbstract (61 bytes)
Event: 7.080 Thread 0x00000158c4049e20 nmethod 7082 0x00000158a9d4bb10 code [0x00000158a9d4bd80, 0x00000158a9d4c9a8]
Event: 7.081 Thread 0x00000158c437ef00 nmethod 7077 0x00000158b1048a10 code [0x00000158b1048b80, 0x00000158b1048c78]

GC Heap History (20 events):
Event: 5.552 GC heap after
{Heap after GC invocations=15 (full 0):
 garbage-first heap   total 86016K, used 40740K [0x0000000080000000, 0x0000000100000000)
  region size 1024K, 3 young (3072K), 3 survivors (3072K)
 Metaspace       used 55233K, committed 55680K, reserved 1114112K
  class space    used 7536K, committed 7744K, reserved 1048576K
}
Event: 5.632 GC heap before
{Heap before GC invocations=15 (full 0):
 garbage-first heap   total 86016K, used 47908K [0x0000000080000000, 0x0000000100000000)
  region size 1024K, 12 young (12288K), 3 survivors (3072K)
 Metaspace       used 55496K, committed 55936K, reserved 1114112K
  class space    used 7573K, committed 7744K, reserved 1048576K
}
Event: 5.635 GC heap after
{Heap after GC invocations=16 (full 0):
 garbage-first heap   total 86016K, used 41469K [0x0000000080000000, 0x0000000100000000)
  region size 1024K, 1 young (1024K), 1 survivors (1024K)
 Metaspace       used 55496K, committed 55936K, reserved 1114112K
  class space    used 7573K, committed 7744K, reserved 1048576K
}
Event: 5.855 GC heap before
{Heap before GC invocations=17 (full 0):
 garbage-first heap   total 86016K, used 79357K [0x0000000080000000, 0x0000000100000000)
  region size 1024K, 27 young (27648K), 1 survivors (1024K)
 Metaspace       used 56868K, committed 57280K, reserved 1114112K
  class space    used 7757K, committed 7936K, reserved 1048576K
}
Event: 5.858 GC heap after
{Heap after GC invocations=18 (full 0):
 garbage-first heap   total 89088K, used 59636K [0x0000000080000000, 0x0000000100000000)
  region size 1024K, 4 young (4096K), 4 survivors (4096K)
 Metaspace       used 56868K, committed 57280K, reserved 1114112K
  class space    used 7757K, committed 7936K, reserved 1048576K
}
Event: 5.867 GC heap before
{Heap before GC invocations=18 (full 0):
 garbage-first heap   total 89088K, used 61684K [0x0000000080000000, 0x0000000100000000)
  region size 1024K, 5 young (5120K), 4 survivors (4096K)
 Metaspace       used 56933K, committed 57408K, reserved 1114112K
  class space    used 7766K, committed 8000K, reserved 1048576K
}
Event: 5.869 GC heap after
{Heap after GC invocations=19 (full 0):
 garbage-first heap   total 107520K, used 60288K [0x0000000080000000, 0x0000000100000000)
  region size 1024K, 1 young (1024K), 1 survivors (1024K)
 Metaspace       used 56933K, committed 57408K, reserved 1114112K
  class space    used 7766K, committed 8000K, reserved 1048576K
}
Event: 6.055 GC heap before
{Heap before GC invocations=19 (full 0):
 garbage-first heap   total 107520K, used 82816K [0x0000000080000000, 0x0000000100000000)
  region size 1024K, 24 young (24576K), 1 survivors (1024K)
 Metaspace       used 59053K, committed 59520K, reserved 1114112K
  class space    used 8063K, committed 8256K, reserved 1048576K
}
Event: 6.057 GC heap after
{Heap after GC invocations=20 (full 0):
 garbage-first heap   total 107520K, used 60780K [0x0000000080000000, 0x0000000100000000)
  region size 1024K, 1 young (1024K), 1 survivors (1024K)
 Metaspace       used 59053K, committed 59520K, reserved 1114112K
  class space    used 8063K, committed 8256K, reserved 1048576K
}
Event: 6.289 GC heap before
{Heap before GC invocations=21 (full 0):
 garbage-first heap   total 109568K, used 84332K [0x0000000080000000, 0x0000000100000000)
  region size 1024K, 25 young (25600K), 1 survivors (1024K)
 Metaspace       used 62061K, committed 62592K, reserved 1114112K
  class space    used 8390K, committed 8640K, reserved 1048576K
}
Event: 6.291 GC heap after
{Heap after GC invocations=22 (full 0):
 garbage-first heap   total 109568K, used 61332K [0x0000000080000000, 0x0000000100000000)
  region size 1024K, 2 young (2048K), 2 survivors (2048K)
 Metaspace       used 62061K, committed 62592K, reserved 1114112K
  class space    used 8390K, committed 8640K, reserved 1048576K
}
Event: 6.327 GC heap before
{Heap before GC invocations=22 (full 0):
 garbage-first heap   total 109568K, used 63380K [0x0000000080000000, 0x0000000100000000)
  region size 1024K, 5 young (5120K), 2 survivors (2048K)
 Metaspace       used 62351K, committed 62848K, reserved 1114112K
  class space    used 8418K, committed 8640K, reserved 1048576K
}
Event: 6.332 GC heap after
{Heap after GC invocations=23 (full 0):
 garbage-first heap   total 109568K, used 61416K [0x0000000080000000, 0x0000000100000000)
  region size 1024K, 1 young (1024K), 1 survivors (1024K)
 Metaspace       used 62351K, committed 62848K, reserved 1114112K
  class space    used 8418K, committed 8640K, reserved 1048576K
}
Event: 6.557 GC heap before
{Heap before GC invocations=23 (full 0):
 garbage-first heap   total 109568K, used 87016K [0x0000000080000000, 0x0000000100000000)
  region size 1024K, 27 young (27648K), 1 survivors (1024K)
 Metaspace       used 65425K, committed 65920K, reserved 1114112K
  class space    used 8805K, committed 9024K, reserved 1048576K
}
Event: 6.560 GC heap after
{Heap after GC invocations=24 (full 0):
 garbage-first heap   total 109568K, used 62355K [0x0000000080000000, 0x0000000100000000)
  region size 1024K, 2 young (2048K), 2 survivors (2048K)
 Metaspace       used 65425K, committed 65920K, reserved 1114112K
  class space    used 8805K, committed 9024K, reserved 1048576K
}
Event: 6.796 GC heap before
{Heap before GC invocations=25 (full 0):
 garbage-first heap   total 111616K, used 94099K [0x0000000080000000, 0x0000000100000000)
  region size 1024K, 28 young (28672K), 2 survivors (2048K)
 Metaspace       used 67632K, committed 68288K, reserved 1114112K
  class space    used 9100K, committed 9408K, reserved 1048576K
}
Event: 6.798 GC heap after
{Heap after GC invocations=26 (full 0):
 garbage-first heap   total 111616K, used 67176K [0x0000000080000000, 0x0000000100000000)
  region size 1024K, 4 young (4096K), 4 survivors (4096K)
 Metaspace       used 67632K, committed 68288K, reserved 1114112K
  class space    used 9100K, committed 9408K, reserved 1048576K
}
Event: 6.808 GC heap before
{Heap before GC invocations=26 (full 0):
 garbage-first heap   total 111616K, used 68200K [0x0000000080000000, 0x0000000100000000)
  region size 1024K, 5 young (5120K), 4 survivors (4096K)
 Metaspace       used 67700K, committed 68288K, reserved 1114112K
  class space    used 9114K, committed 9408K, reserved 1048576K
}
Event: 6.811 GC heap after
{Heap after GC invocations=27 (full 0):
 garbage-first heap   total 111616K, used 67323K [0x0000000080000000, 0x0000000100000000)
  region size 1024K, 1 young (1024K), 1 survivors (1024K)
 Metaspace       used 67700K, committed 68288K, reserved 1114112K
  class space    used 9114K, committed 9408K, reserved 1048576K
}
Event: 7.083 GC heap before
{Heap before GC invocations=27 (full 0):
 garbage-first heap   total 111616K, used 90875K [0x0000000080000000, 0x0000000100000000)
  region size 1024K, 24 young (24576K), 1 survivors (1024K)
 Metaspace       used 69641K, committed 70208K, reserved 1114112K
  class space    used 9369K, committed 9664K, reserved 1048576K
}

Dll operation events (3 events):
Event: 0.007 Loaded shared library C:\Program Files\Android\Android Studio\jbr\bin\java.dll
Event: 0.108 Loaded shared library C:\Program Files\Android\Android Studio\jbr\bin\zip.dll
Event: 0.357 Loaded shared library C:\Program Files\Android\Android Studio\jbr\bin\verify.dll

Deoptimization events (20 events):
Event: 6.869 Thread 0x00000158c6125430 DEOPT PACKING pc=0x00000158b0cfc690 sp=0x000000221adf6ce0
Event: 6.869 Thread 0x00000158c6125430 DEOPT UNPACKING pc=0x00000158b07469a3 sp=0x000000221adf6bb8 mode 2
Event: 6.869 Thread 0x00000158c6125430 Uncommon trap: trap_request=0xffffffc6 fr.pc=0x00000158b0cfc690 relative=0x0000000000002810
Event: 6.869 Thread 0x00000158c6125430 Uncommon trap: reason=bimorphic_or_optimized_type_check action=maybe_recompile pc=0x00000158b0cfc690 method=java.util.HashMap.putVal(ILjava/lang/Object;Ljava/lang/Object;ZZ)Ljava/lang/Object; @ 91 c2
Event: 6.869 Thread 0x00000158c6125430 DEOPT PACKING pc=0x00000158b0cfc690 sp=0x000000221adf6ce0
Event: 6.869 Thread 0x00000158c6125430 DEOPT UNPACKING pc=0x00000158b07469a3 sp=0x000000221adf6bb8 mode 2
Event: 6.884 Thread 0x00000158c6125430 Uncommon trap: trap_request=0xffffffc6 fr.pc=0x00000158b0defa20 relative=0x0000000000000060
Event: 6.884 Thread 0x00000158c6125430 Uncommon trap: reason=bimorphic_or_optimized_type_check action=maybe_recompile pc=0x00000158b0defa20 method=java.util.AbstractQueue.add(Ljava/lang/Object;)Z @ 2 c2
Event: 6.884 Thread 0x00000158c6125430 DEOPT PACKING pc=0x00000158b0defa20 sp=0x000000221adf6f20
Event: 6.884 Thread 0x00000158c6125430 DEOPT UNPACKING pc=0x00000158b07469a3 sp=0x000000221adf6ee8 mode 2
Event: 6.884 Thread 0x00000158c6125430 Uncommon trap: trap_request=0xffffffc6 fr.pc=0x00000158b0defa20 relative=0x0000000000000060
Event: 6.884 Thread 0x00000158c6125430 Uncommon trap: reason=bimorphic_or_optimized_type_check action=maybe_recompile pc=0x00000158b0defa20 method=java.util.AbstractQueue.add(Ljava/lang/Object;)Z @ 2 c2
Event: 6.884 Thread 0x00000158c6125430 DEOPT PACKING pc=0x00000158b0defa20 sp=0x000000221adf6f20
Event: 6.884 Thread 0x00000158c6125430 DEOPT UNPACKING pc=0x00000158b07469a3 sp=0x000000221adf6ee8 mode 2
Event: 7.032 Thread 0x00000158c6125430 Uncommon trap: trap_request=0xffffffdc fr.pc=0x00000158b1040fc0 relative=0x00000000000002a0
Event: 7.032 Thread 0x00000158c6125430 Uncommon trap: reason=class_check action=make_not_entrant pc=0x00000158b1040fc0 method=java.util.ArrayList.toArray([Ljava/lang/Object;)[Ljava/lang/Object; @ 21 c2
Event: 7.032 Thread 0x00000158c6125430 DEOPT PACKING pc=0x00000158b1040fc0 sp=0x000000221adf5fd0
Event: 7.032 Thread 0x00000158c6125430 DEOPT UNPACKING pc=0x00000158b07469a3 sp=0x000000221adf5fa0 mode 2
Event: 7.052 Thread 0x00000158c6125430 DEOPT PACKING pc=0x00000158a9cfe42a sp=0x000000221adf51a0
Event: 7.052 Thread 0x00000158c6125430 DEOPT UNPACKING pc=0x00000158b0747143 sp=0x000000221adf4660 mode 0

Classes unloaded (12 events):
Event: 6.094 Thread 0x00000158c4013a30 Unloading class 0x00000001007a1400 'java/lang/invoke/LambdaForm$DMH+0x00000001007a1400'
Event: 6.094 Thread 0x00000158c4013a30 Unloading class 0x00000001007a1000 'java/lang/invoke/LambdaForm$DMH+0x00000001007a1000'
Event: 6.094 Thread 0x00000158c4013a30 Unloading class 0x00000001007a0c00 'java/lang/invoke/LambdaForm$DMH+0x00000001007a0c00'
Event: 6.094 Thread 0x00000158c4013a30 Unloading class 0x00000001007a0400 'java/lang/invoke/LambdaForm$DMH+0x00000001007a0400'
Event: 6.094 Thread 0x00000158c4013a30 Unloading class 0x00000001007a0000 'java/lang/invoke/LambdaForm$DMH+0x00000001007a0000'
Event: 6.094 Thread 0x00000158c4013a30 Unloading class 0x0000000100795c00 'java/lang/invoke/LambdaForm$DMH+0x0000000100795c00'
Event: 6.094 Thread 0x00000158c4013a30 Unloading class 0x0000000100795800 'java/lang/invoke/LambdaForm$DMH+0x0000000100795800'
Event: 6.094 Thread 0x00000158c4013a30 Unloading class 0x0000000100795400 'java/lang/invoke/LambdaForm$DMH+0x0000000100795400'
Event: 6.094 Thread 0x00000158c4013a30 Unloading class 0x0000000100795000 'java/lang/invoke/LambdaForm$DMH+0x0000000100795000'
Event: 6.094 Thread 0x00000158c4013a30 Unloading class 0x0000000100794c00 'java/lang/invoke/LambdaForm$DMH+0x0000000100794c00'
Event: 6.094 Thread 0x00000158c4013a30 Unloading class 0x0000000100794000 'java/lang/invoke/LambdaForm$DMH+0x0000000100794000'
Event: 6.094 Thread 0x00000158c4013a30 Unloading class 0x0000000100794800 'java/lang/invoke/LambdaForm$DMH+0x0000000100794800'

Classes redefined (0 events):
No events

Internal exceptions (20 events):
Event: 5.389 Thread 0x00000158c6fb6d30 Exception <a 'java/lang/NoSuchMethodError'{0x0000000084efd190}: 'void java.lang.invoke.DirectMethodHandle$Holder.invokeStatic(java.lang.Object, java.lang.Object, java.lang.Object, int)'> (0x0000000084efd190) 
thrown [s\src\hotspot\share\interpreter\linkResolver.cpp, line 771]
Event: 5.389 Thread 0x00000158c6fb6820 Exception <a 'java/lang/NoSuchMethodError'{0x0000000084d0ae40}: 'void java.lang.invoke.DirectMethodHandle$Holder.invokeStatic(java.lang.Object, java.lang.Object, java.lang.Object, int)'> (0x0000000084d0ae40) 
thrown [s\src\hotspot\share\interpreter\linkResolver.cpp, line 771]
Event: 5.389 Thread 0x00000158c4184f90 Exception <a 'java/lang/NoSuchMethodError'{0x0000000084ed3130}: 'void java.lang.invoke.DirectMethodHandle$Holder.invokeStatic(java.lang.Object, java.lang.Object, java.lang.Object, int)'> (0x0000000084ed3130) 
thrown [s\src\hotspot\share\interpreter\linkResolver.cpp, line 771]
Event: 5.613 Thread 0x00000158c6125430 Exception <a 'java/lang/NoSuchMethodError'{0x0000000084c2cfe8}: 'long java.lang.invoke.DirectMethodHandle$Holder.invokeVirtual(java.lang.Object, java.lang.Object)'> (0x0000000084c2cfe8) 
thrown [s\src\hotspot\share\interpreter\linkResolver.cpp, line 771]
Event: 5.616 Thread 0x00000158c41868e0 Exception <a 'java/lang/NoSuchMethodError'{0x0000000084c7fe78}: static Lorg/gradle/internal/build/event/types/DefaultOperationFinishedProgressEvent;.<clinit>()V> (0x0000000084c7fe78) 
thrown [s\src\hotspot\share\prims\jni.cpp, line 1108]
Event: 5.618 Thread 0x00000158c41868e0 Exception <a 'java/lang/NoSuchMethodError'{0x0000000084caa060}: static Lorg/gradle/internal/build/event/types/DefaultProjectConfigurationSuccessResult;.<clinit>()V> (0x0000000084caa060) 
thrown [s\src\hotspot\share\prims\jni.cpp, line 1108]
Event: 5.618 Thread 0x00000158c41868e0 Exception <a 'java/lang/NoSuchMethodError'{0x0000000084cab5a8}: static Lorg/gradle/internal/build/event/types/AbstractProjectConfigurationResult;.<clinit>()V> (0x0000000084cab5a8) 
thrown [s\src\hotspot\share\prims\jni.cpp, line 1108]
Event: 5.618 Thread 0x00000158c41868e0 Exception <a 'java/lang/NoSuchMethodError'{0x0000000084cacce0}: static Lorg/gradle/internal/build/event/types/AbstractOperationResult;.<clinit>()V> (0x0000000084cacce0) 
thrown [s\src\hotspot\share\prims\jni.cpp, line 1108]
Event: 5.618 Thread 0x00000158c41868e0 Exception <a 'java/lang/NoSuchMethodError'{0x0000000084cae140}: static Lorg/gradle/internal/build/event/types/AbstractResult;.<clinit>()V> (0x0000000084cae140) 
thrown [s\src\hotspot\share\prims\jni.cpp, line 1108]
Event: 5.619 Thread 0x00000158c41868e0 Exception <a 'java/lang/NoSuchMethodError'{0x0000000084cc6450}: static Lorg/gradle/internal/build/event/types/DefaultPluginApplicationResult;.<clinit>()V> (0x0000000084cc6450) 
thrown [s\src\hotspot\share\prims\jni.cpp, line 1108]
Event: 5.619 Thread 0x00000158c41868e0 Exception <a 'java/lang/NoSuchMethodError'{0x0000000084cd2ee8}: static Lorg/gradle/internal/build/event/types/DefaultBinaryPluginIdentifier;.<clinit>()V> (0x0000000084cd2ee8) 
thrown [s\src\hotspot\share\prims\jni.cpp, line 1108]
Event: 5.621 Thread 0x00000158c41868e0 Exception <a 'java/lang/NoSuchMethodError'{0x0000000084b126f8}: static Lorg/gradle/internal/build/event/types/DefaultScriptPluginIdentifier;.<clinit>()V> (0x0000000084b126f8) 
thrown [s\src\hotspot\share\prims\jni.cpp, line 1108]
Event: 5.628 Thread 0x00000158c6125430 Exception <a 'java/lang/ClassNotFoundException'{0x0000000084b8f9c0}: build_40bi82dipzs5jjpuzz5ory5qoBeanInfo> (0x0000000084b8f9c0) 
thrown [s\src\hotspot\share\classfile\systemDictionary.cpp, line 256]
Event: 5.629 Thread 0x00000158c6125430 Exception <a 'java/lang/ClassNotFoundException'{0x0000000084b96320}: build_40bi82dipzs5jjpuzz5ory5qoCustomizer> (0x0000000084b96320) 
thrown [s\src\hotspot\share\classfile\systemDictionary.cpp, line 256]
Event: 5.724 Thread 0x00000158c6125430 Exception <a 'java/lang/ClassNotFoundException'{0x00000000848da8f8}: sun/misc/SharedSecrets> (0x00000000848da8f8) 
thrown [s\src\hotspot\share\classfile\systemDictionary.cpp, line 256]
Event: 5.724 Thread 0x00000158c6125430 Exception <a 'java/lang/ClassNotFoundException'{0x00000000848dbed0}: org/gradle/api/internal/plugins/DefaultObjectConfigurationActionBeanInfo> (0x00000000848dbed0) 
thrown [s\src\hotspot\share\classfile\systemDictionary.cpp, line 256]
Event: 5.725 Thread 0x00000158c6125430 Exception <a 'java/lang/ClassNotFoundException'{0x00000000848eee70}: org/gradle/api/internal/plugins/DefaultObjectConfigurationActionCustomizer> (0x00000000848eee70) 
thrown [s\src\hotspot\share\classfile\systemDictionary.cpp, line 256]
Event: 6.702 Thread 0x00000158c6125430 Implicit null exception at 0x00000158b0e92a0c to 0x00000158b0e92b42
Event: 6.764 Thread 0x00000158c6125430 Implicit null exception at 0x00000158b100b5ca to 0x00000158b100be3a
Event: 6.786 Thread 0x00000158c6125430 Exception <a 'sun/nio/fs/WindowsException'{0x0000000085017680}> (0x0000000085017680) 
thrown [s\src\hotspot\share\prims\jni.cpp, line 517]

VM Operations (20 events):
Event: 6.291 Executing VM operation: G1CollectForAllocation done
Event: 6.327 Executing VM operation: G1CollectForAllocation
Event: 6.332 Executing VM operation: G1CollectForAllocation done
Event: 6.557 Executing VM operation: G1CollectForAllocation
Event: 6.560 Executing VM operation: G1CollectForAllocation done
Event: 6.590 Executing VM operation: G1PauseRemark
Event: 6.593 Executing VM operation: G1PauseRemark done
Event: 6.610 Executing VM operation: G1PauseCleanup
Event: 6.611 Executing VM operation: G1PauseCleanup done
Event: 6.681 Executing VM operation: HandshakeAllThreads
Event: 6.681 Executing VM operation: HandshakeAllThreads done
Event: 6.709 Executing VM operation: HandshakeAllThreads
Event: 6.709 Executing VM operation: HandshakeAllThreads done
Event: 6.710 Executing VM operation: HandshakeAllThreads
Event: 6.710 Executing VM operation: HandshakeAllThreads done
Event: 6.796 Executing VM operation: G1CollectForAllocation
Event: 6.798 Executing VM operation: G1CollectForAllocation done
Event: 6.808 Executing VM operation: G1CollectForAllocation
Event: 6.811 Executing VM operation: G1CollectForAllocation done
Event: 7.083 Executing VM operation: G1CollectForAllocation

Events (20 events):
Event: 6.736 loading class java/security/interfaces/ECKey done
Event: 6.736 loading class java/security/interfaces/XECKey
Event: 6.736 loading class java/security/interfaces/XECKey done
Event: 6.737 loading class sun/security/util/KeyUtil
Event: 6.737 loading class sun/security/util/KeyUtil done
Event: 6.737 loading class sun/security/util/Length
Event: 6.737 loading class sun/security/util/Length done
Event: 6.737 loading class javax/crypto/SecretKey
Event: 6.737 loading class javax/crypto/SecretKey done
Event: 6.737 loading class java/util/Base64
Event: 6.737 loading class java/util/Base64 done
Event: 6.737 loading class java/util/Base64$Decoder
Event: 6.738 loading class java/util/Base64$Decoder done
Event: 6.738 loading class java/util/Base64$Encoder
Event: 6.738 loading class java/util/Base64$Encoder done
Event: 6.739 loading class java/util/jar/JarVerifier$VerifierStream
Event: 6.739 loading class java/util/jar/JarVerifier$VerifierStream done
Event: 6.739 loading class sun/security/util/ManifestEntryVerifier$SunProviderHolder
Event: 6.739 loading class sun/security/util/ManifestEntryVerifier$SunProviderHolder done
Event: 6.752 Thread 0x00000158c95553d0 Thread added: 0x00000158c95553d0


Dynamic libraries:
0x00007ff770c10000 - 0x00007ff770c1a000 	C:\Program Files\Android\Android Studio\jbr\bin\java.exe
0x00007ffe12d50000 - 0x00007ffe12f67000 	C:\WINDOWS\SYSTEM32\ntdll.dll
0x00007ffe12150000 - 0x00007ffe12214000 	C:\WINDOWS\System32\KERNEL32.DLL
0x00007ffe10140000 - 0x00007ffe104ec000 	C:\WINDOWS\System32\KERNELBASE.dll
0x00007ffe10970000 - 0x00007ffe10a81000 	C:\WINDOWS\System32\ucrtbase.dll
0x00007ffd6d490000 - 0x00007ffd6d4a7000 	C:\Program Files\Android\Android Studio\jbr\bin\jli.dll
0x00007ffe0b650000 - 0x00007ffe0b66b000 	C:\Program Files\Android\Android Studio\jbr\bin\VCRUNTIME140.dll
0x00007ffe12940000 - 0x00007ffe12aee000 	C:\WINDOWS\System32\USER32.dll
0x00007ffdf1960000 - 0x00007ffdf1bf3000 	C:\WINDOWS\WinSxS\amd64_microsoft.windows.common-controls_6595b64144ccf1df_6.0.22621.3672_none_2713b9d173822955\COMCTL32.dll
0x00007ffe10820000 - 0x00007ffe10846000 	C:\WINDOWS\System32\win32u.dll
0x00007ffe12af0000 - 0x00007ffe12b97000 	C:\WINDOWS\System32\msvcrt.dll
0x00007ffe12120000 - 0x00007ffe12149000 	C:\WINDOWS\System32\GDI32.dll
0x00007ffe10850000 - 0x00007ffe10969000 	C:\WINDOWS\System32\gdi32full.dll
0x00007ffe104f0000 - 0x00007ffe1058a000 	C:\WINDOWS\System32\msvcp_win.dll
0x00007ffe12900000 - 0x00007ffe12931000 	C:\WINDOWS\System32\IMM32.DLL
0x00007ffe0b640000 - 0x00007ffe0b64c000 	C:\Program Files\Android\Android Studio\jbr\bin\vcruntime140_1.dll
0x00007ffdf5020000 - 0x00007ffdf50ad000 	C:\Program Files\Android\Android Studio\jbr\bin\msvcp140.dll
0x00007ffd66220000 - 0x00007ffd66ea3000 	C:\Program Files\Android\Android Studio\jbr\bin\server\jvm.dll
0x00007ffe12060000 - 0x00007ffe12112000 	C:\WINDOWS\System32\ADVAPI32.dll
0x00007ffe11be0000 - 0x00007ffe11c88000 	C:\WINDOWS\System32\sechost.dll
0x00007ffe10590000 - 0x00007ffe105b8000 	C:\WINDOWS\System32\bcrypt.dll
0x00007ffe10bd0000 - 0x00007ffe10ce5000 	C:\WINDOWS\System32\RPCRT4.dll
0x00007ffdf48f0000 - 0x00007ffdf48f9000 	C:\WINDOWS\SYSTEM32\WSOCK32.dll
0x00007ffe0ef10000 - 0x00007ffe0ef5d000 	C:\WINDOWS\SYSTEM32\POWRPROF.dll
0x00007ffe06a90000 - 0x00007ffe06ac4000 	C:\WINDOWS\SYSTEM32\WINMM.dll
0x00007ffe10ae0000 - 0x00007ffe10b51000 	C:\WINDOWS\System32\WS2_32.dll
0x00007ffe08740000 - 0x00007ffe0874a000 	C:\WINDOWS\SYSTEM32\VERSION.dll
0x00007ffe0eef0000 - 0x00007ffe0ef03000 	C:\WINDOWS\SYSTEM32\UMPDC.dll
0x00007ffe0f1a0000 - 0x00007ffe0f1b8000 	C:\WINDOWS\SYSTEM32\kernel.appcore.dll
0x00007ffe07880000 - 0x00007ffe0788a000 	C:\Program Files\Android\Android Studio\jbr\bin\jimage.dll
0x00007ffe0d9c0000 - 0x00007ffe0dbf2000 	C:\WINDOWS\SYSTEM32\DBGHELP.DLL
0x00007ffe10e50000 - 0x00007ffe111d8000 	C:\WINDOWS\System32\combase.dll
0x00007ffe10d70000 - 0x00007ffe10e47000 	C:\WINDOWS\System32\OLEAUT32.dll
0x00007ffded120000 - 0x00007ffded152000 	C:\WINDOWS\SYSTEM32\dbgcore.DLL
0x00007ffe105c0000 - 0x00007ffe1063b000 	C:\WINDOWS\System32\bcryptPrimitives.dll
0x00007ffd6eac0000 - 0x00007ffd6eace000 	C:\Program Files\Android\Android Studio\jbr\bin\instrument.dll
0x00007ffd6ede0000 - 0x00007ffd6ee05000 	C:\Program Files\Android\Android Studio\jbr\bin\java.dll
0x00007ffd6edc0000 - 0x00007ffd6edd8000 	C:\Program Files\Android\Android Studio\jbr\bin\zip.dll
0x00007ffe111e0000 - 0x00007ffe11a3c000 	C:\WINDOWS\System32\SHELL32.dll
0x00007ffe0dfe0000 - 0x00007ffe0e8d7000 	C:\WINDOWS\SYSTEM32\windows.storage.dll
0x00007ffe0dea0000 - 0x00007ffe0dfdf000 	C:\WINDOWS\SYSTEM32\wintypes.dll
0x00007ffe11ae0000 - 0x00007ffe11bd4000 	C:\WINDOWS\System32\SHCORE.dll
0x00007ffe11a40000 - 0x00007ffe11a9e000 	C:\WINDOWS\System32\shlwapi.dll
0x00007ffe0ffb0000 - 0x00007ffe0ffd1000 	C:\WINDOWS\SYSTEM32\profapi.dll
0x00007ffd6eb00000 - 0x00007ffd6eb19000 	C:\Program Files\Android\Android Studio\jbr\bin\net.dll
0x00007ffe08aa0000 - 0x00007ffe08bd6000 	C:\WINDOWS\SYSTEM32\WINHTTP.dll
0x00007ffe0f610000 - 0x00007ffe0f679000 	C:\WINDOWS\system32\mswsock.dll
0x00007ffd6eae0000 - 0x00007ffd6eaf6000 	C:\Program Files\Android\Android Studio\jbr\bin\nio.dll
0x00007ffd6ead0000 - 0x00007ffd6eae0000 	C:\Program Files\Android\Android Studio\jbr\bin\verify.dll
0x00007ffe04b40000 - 0x00007ffe04b67000 	C:\Users\compu market\.gradle\native\c067742578af261105cb4f569cf0c3c89f3d7b1fecec35dd04571415982c5e48\windows-amd64\native-platform.dll
0x00007ffdb7310000 - 0x00007ffdb7454000 	C:\Users\compu market\.gradle\native\38dada09dfb8b06ba9b0570ebf7e218e3eb74d4ef43ca46872605cf95ebc2f47\windows-amd64\native-platform-file-events.dll
0x00007ffd92750000 - 0x00007ffd92759000 	C:\Program Files\Android\Android Studio\jbr\bin\management.dll
0x00007ffd86d00000 - 0x00007ffd86d0b000 	C:\Program Files\Android\Android Studio\jbr\bin\management_ext.dll
0x00007ffe10bc0000 - 0x00007ffe10bc8000 	C:\WINDOWS\System32\PSAPI.DLL
0x00007ffe0f880000 - 0x00007ffe0f89b000 	C:\WINDOWS\SYSTEM32\CRYPTSP.dll
0x00007ffe0f100000 - 0x00007ffe0f135000 	C:\WINDOWS\system32\rsaenh.dll
0x00007ffe0f710000 - 0x00007ffe0f738000 	C:\WINDOWS\SYSTEM32\USERENV.dll
0x00007ffe0f870000 - 0x00007ffe0f87c000 	C:\WINDOWS\SYSTEM32\CRYPTBASE.dll
0x00007ffe0ebb0000 - 0x00007ffe0ebdd000 	C:\WINDOWS\SYSTEM32\IPHLPAPI.DLL
0x00007ffe12230000 - 0x00007ffe12239000 	C:\WINDOWS\System32\NSI.dll
0x00007ffe08c20000 - 0x00007ffe08c39000 	C:\WINDOWS\SYSTEM32\dhcpcsvc6.DLL
0x00007ffe088e0000 - 0x00007ffe088ff000 	C:\WINDOWS\SYSTEM32\dhcpcsvc.DLL
0x00007ffe0ec20000 - 0x00007ffe0ed18000 	C:\WINDOWS\SYSTEM32\DNSAPI.dll
0x00007ffdcfbe0000 - 0x00007ffdcfbe9000 	C:\Program Files\Android\Android Studio\jbr\bin\extnet.dll
0x00007ffd917f0000 - 0x00007ffd917f8000 	C:\WINDOWS\system32\wshunix.dll

dbghelp: loaded successfully - version: 4.0.5 - missing functions: none
symbol engine: initialized successfully - sym options: 0x614 - pdb path: .;C:\Program Files\Android\Android Studio\jbr\bin;C:\WINDOWS\SYSTEM32;C:\WINDOWS\WinSxS\amd64_microsoft.windows.common-controls_6595b64144ccf1df_6.0.22621.3672_none_2713b9d173822955;C:\Program Files\Android\Android Studio\jbr\bin\server;C:\Users\compu market\.gradle\native\c067742578af261105cb4f569cf0c3c89f3d7b1fecec35dd04571415982c5e48\windows-amd64;C:\Users\compu market\.gradle\native\38dada09dfb8b06ba9b0570ebf7e218e3eb74d4ef43ca46872605cf95ebc2f47\windows-amd64

VM Arguments:
jvm_args: --add-opens=java.base/java.util=ALL-UNNAMED --add-opens=java.base/java.lang=ALL-UNNAMED --add-opens=java.base/java.lang.invoke=ALL-UNNAMED --add-opens=java.prefs/java.util.prefs=ALL-UNNAMED --add-opens=java.base/java.nio.charset=ALL-UNNAMED --add-opens=java.base/java.net=ALL-UNNAMED --add-opens=java.base/java.util.concurrent.atomic=ALL-UNNAMED -Xmx2048m -Dfile.encoding=UTF-8 -Duser.country=US -Duser.language=en -Duser.variant -javaagent:C:\Users\compu market\.gradle\wrapper\dists\gradle-8.6-bin\afr5mpiioh2wthjmwnkmdsd5w\gradle-8.6\lib\agents\gradle-instrumentation-agent-8.6.jar 
java_command: org.gradle.launcher.daemon.bootstrap.GradleDaemon 8.6
java_class_path (initial): C:\Users\compu market\.gradle\wrapper\dists\gradle-8.6-bin\afr5mpiioh2wthjmwnkmdsd5w\gradle-8.6\lib\gradle-launcher-8.6.jar
Launcher Type: SUN_STANDARD

[Global flags]
     intx CICompilerCount                          = 4                                         {product} {ergonomic}
     uint ConcGCThreads                            = 2                                         {product} {ergonomic}
     uint G1ConcRefinementThreads                  = 8                                         {product} {ergonomic}
   size_t G1HeapRegionSize                         = 1048576                                   {product} {ergonomic}
    uintx GCDrainStackTargetSize                   = 64                                        {product} {ergonomic}
   size_t InitialHeapSize                          = 132120576                                 {product} {ergonomic}
   size_t MarkStackSize                            = 4194304                                   {product} {ergonomic}
   size_t MaxHeapSize                              = 2147483648                                {product} {command line}
   size_t MaxNewSize                               = 1287651328                                {product} {ergonomic}
   size_t MinHeapDeltaBytes                        = 1048576                                   {product} {ergonomic}
   size_t MinHeapSize                              = 8388608                                   {product} {ergonomic}
    uintx NonNMethodCodeHeapSize                   = 5839372                                {pd product} {ergonomic}
    uintx NonProfiledCodeHeapSize                  = 122909434                              {pd product} {ergonomic}
    uintx ProfiledCodeHeapSize                     = 122909434                              {pd product} {ergonomic}
    uintx ReservedCodeCacheSize                    = 251658240                              {pd product} {ergonomic}
     bool SegmentedCodeCache                       = true                                      {product} {ergonomic}
   size_t SoftMaxHeapSize                          = 2147483648                             {manageable} {ergonomic}
     bool UseCompressedClassPointers               = true                           {product lp64_product} {ergonomic}
     bool UseCompressedOops                        = true                           {product lp64_product} {ergonomic}
     bool UseG1GC                                  = true                                      {product} {ergonomic}
     bool UseLargePagesIndividualAllocation        = false                                  {pd product} {ergonomic}

Logging:
Log output configuration:
 #0: stdout all=warning uptime,level,tags
 #1: stderr all=off uptime,level,tags

Environment Variables:
PATH=C:\Program Files\Common Files\Oracle\Java\javapath;C:\Program Files (x86)\Common Files\Intel\Shared Libraries\redist\intel64\compiler;C:\windows\system32;C:\windows;C:\windows\System32\Wbem;C:\windows\System32\WindowsPowerShell\v1.0\;C:\windows\System32\OpenSSH\;C:\Program Files (x86)\NVIDIA Corporation\PhysX\Common;C:\Program Files\NVIDIA Corporation\NVIDIA NvDLISR;C:\WINDOWS\system32;C:\WINDOWS;C:\WINDOWS\System32\Wbem;C:\WINDOWS\System32\WindowsPowerShell\v1.0\;C:\WINDOWS\System32\OpenSSH\;C:\PROGRA~2\PICC;C:\Program Files\Microsoft SQL Server\130\Tools\Binn\;C:\Program Files\Microsoft SQL Server\Client SDK\ODBC\170\Tools\Binn\;C:\Program Files (x86)\Microsoft SQL Server\150\Tools\Binn\;C:\Program Files\Microsoft SQL Server\150\Tools\Binn\;C:\Program Files\Microsoft SQL Server\150\DTS\Binn\;C:\Program Files (x86)\Microsoft SQL Server\150\DTS\Binn\;C:\Program Files\Azure Data Studio\bin;C:\Program Files\HP\HP One Agent;C:\Program Files\Git\cmd;C:\Users\compu market\AppData\Local\Microsoft\WindowsApps;C:\Users\compu market\AppData\Local\atom\bin;C:\Users\compu market\AppData\Local\Microsoft\WindowsApps;;C:\Program Files\Azure Data Studio\bin
USERNAME=Abdulrahman
OS=Windows_NT
PROCESSOR_IDENTIFIER=Intel64 Family 6 Model 158 Stepping 10, GenuineIntel
TMP=C:\Users\COMPUM~1\AppData\Local\Temp
TEMP=C:\Users\COMPUM~1\AppData\Local\Temp



Periodic native trim disabled

JNI global refs:
JNI global refs: 25, weak refs: 0

JNI global refs memory usage: 843, weak refs: 841

OOME stack traces (most recent first):
Classloader memory used:
Loader org.gradle.internal.classloader.VisitableURLClassLoader                         : 3616K
Loader bootstrap                                                                       : 2649K
Loader org.gradle.initialization.MixInLegacyTypesClassLoader                           : 1157K
Loader org.gradle.internal.classloader.VisitableURLClassLoader$InstrumentingVisitableURLClassLoader: 1153K
Loader jdk.internal.loader.ClassLoaders$PlatformClassLoader                            : 65589B
Loader jdk.internal.loader.ClassLoaders$AppClassLoader                                 : 28729B
Loader jdk.internal.reflect.DelegatingClassLoader                                      : 25648B
Loader org.gradle.groovy.scripts.internal.DefaultScriptCompilationHandler$ScriptClassLoader: 9353B
Loader org.codehaus.groovy.runtime.callsite.CallSiteClassLoader                        : 1520B

Classes loaded by more than one classloader:
Class org.gradle.internal.installation.GradleInstallation                             : loaded 2 times (x 73B)
Class com.google.common.collect.Iterators$MergingIterator                             : loaded 2 times (x 79B)
Class org.objectweb.asm.ModuleVisitor                                                 : loaded 2 times (x 79B)
Class [Lcom.google.common.collect.AbstractMapEntry;                                   : loaded 2 times (x 67B)
Class com.google.common.collect.SingletonImmutableList                                : loaded 2 times (x 167B)
Class com.google.common.cache.CacheLoader$SupplierToCacheLoader                       : loaded 2 times (x 73B)
Class org.gradle.internal.classpath.ClassPath                                         : loaded 2 times (x 68B)
Class com.google.common.cache.RemovalListener                                         : loaded 2 times (x 68B)
Class org.gradle.api.internal.classpath.DefaultModuleRegistry                         : loaded 2 times (x 84B)
Class com.google.common.collect.ImmutableEnumSet                                      : loaded 2 times (x 144B)
Class com.google.common.collect.ListMultimap                                          : loaded 2 times (x 68B)
Class com.google.common.base.CharMatcher$JavaDigit                                    : loaded 2 times (x 109B)
Class com.google.common.base.CharMatcher$Digit                                        : loaded 2 times (x 110B)
Class com.google.common.collect.AbstractMultimap                                      : loaded 2 times (x 121B)
Class com.google.common.cache.CacheBuilder$OneWeigher                                 : loaded 2 times (x 80B)
Class org.gradle.api.Action                                                           : loaded 2 times (x 68B)
Class com.google.common.collect.ImmutableEntry                                        : loaded 2 times (x 80B)
Class com.google.common.collect.Lists$StringAsImmutableList                           : loaded 2 times (x 167B)
Class com.google.common.cache.LocalCache$StrongEntry                                  : loaded 2 times (x 106B)
Class org.objectweb.asm.FieldWriter                                                   : loaded 2 times (x 76B)
Class com.google.common.base.CharMatcher                                              : loaded 2 times (x 109B)
Class com.google.common.base.CharMatcher$IsNot                                        : loaded 2 times (x 109B)
Class com.google.common.base.Splitter                                                 : loaded 2 times (x 70B)
Class [Lcom.google.common.cache.Weigher;                                              : loaded 2 times (x 67B)
Class com.google.common.collect.Iterators$ArrayItr                                    : loaded 2 times (x 95B)
Class com.google.common.cache.LocalCache$Segment                                      : loaded 2 times (x 152B)
Class org.gradle.api.internal.DefaultClassPathProvider                                : loaded 2 times (x 74B)
Class org.gradle.internal.installation.GradleInstallation$1                           : loaded 2 times (x 73B)
Class com.google.common.cache.LocalCache$AbstractReferenceEntry                       : loaded 2 times (x 105B)
Class org.objectweb.asm.Type                                                          : loaded 2 times (x 70B)
Class com.google.common.util.concurrent.AbstractFuture$Failure                        : loaded 2 times (x 70B)
Class com.google.common.base.CharMatcher$BitSetMatcher                                : loaded 2 times (x 110B)
Class com.google.common.collect.ImmutableMap$IteratorBasedImmutableMap                : loaded 2 times (x 123B)
Class com.google.common.collect.ImmutableMap                                          : loaded 2 times (x 118B)
Class com.google.common.base.Converter                                                : loaded 2 times (x 88B)
Class com.google.common.collect.ImmutableSet$EmptySetBuilderImpl                      : loaded 2 times (x 74B)
Class settings_7gldrxbpzwl7qqc0xubw7s924$_run_closure1                                : loaded 2 times (x 137B)
Class com.google.common.base.Equivalence                                              : loaded 2 times (x 80B)
Class com.google.common.primitives.Ints                                               : loaded 2 times (x 69B)
Class com.google.common.cache.LocalCache$EntryFactory$1                               : loaded 2 times (x 81B)
Class com.google.common.cache.LocalCache$EntryFactory$2                               : loaded 2 times (x 81B)
Class com.google.common.cache.LocalCache$EntryFactory$3                               : loaded 2 times (x 81B)
Class com.google.common.cache.LocalCache$EntryFactory$4                               : loaded 2 times (x 81B)
Class com.google.common.cache.LocalCache$EntryFactory$5                               : loaded 2 times (x 81B)
Class com.google.common.cache.LocalCache$EntryFactory$6                               : loaded 2 times (x 81B)
Class com.google.common.cache.LocalCache$EntryFactory$7                               : loaded 2 times (x 81B)
Class com.google.common.cache.LocalCache$EntryFactory$8                               : loaded 2 times (x 81B)
Class com.google.common.base.Predicate                                                : loaded 2 times (x 68B)
Class com.google.common.cache.LocalCache$StrongValueReference                         : loaded 2 times (x 88B)
Class org.gradle.internal.classloader.FilteringClassLoader                            : loaded 2 times (x 103B)
Class com.google.common.collect.RegularImmutableSet                                   : loaded 2 times (x 146B)
Class [Lcom.google.common.cache.LocalCache$Strength;                                  : loaded 2 times (x 67B)
Class org.gradle.internal.classpath.DefaultClassPath$ImmutableUniqueList$Builder      : loaded 2 times (x 73B)
Class com.google.common.collect.Maps$8                                                : loaded 2 times (x 80B)
Class [Lcom.google.common.cache.CacheBuilder$NullListener;                            : loaded 2 times (x 67B)
Class com.google.common.base.PatternCompiler                                          : loaded 2 times (x 68B)
Class com.google.common.base.CharMatcher$InRange                                      : loaded 2 times (x 109B)
Class com.google.common.collect.Sets$SetView                                          : loaded 2 times (x 136B)
Class com.google.common.collect.BiMap                                                 : loaded 2 times (x 68B)
Class com.google.common.collect.Lists                                                 : loaded 2 times (x 69B)
Class org.objectweb.asm.AnnotationWriter                                              : loaded 2 times (x 77B)
Class com.google.common.math.IntMath$1                                                : loaded 2 times (x 69B)
Class org.gradle.internal.classloader.ClassLoaderVisitor                              : loaded 2 times (x 74B)
Class org.objectweb.asm.Label                                                         : loaded 2 times (x 71B)
Class com.google.common.cache.CacheBuilder$NullListener                               : loaded 2 times (x 80B)
Class com.google.common.math.MathPreconditions                                        : loaded 2 times (x 69B)
Class org.gradle.internal.service.DefaultServiceLocator                               : loaded 2 times (x 81B)
Class org.gradle.internal.service.UnknownServiceException                             : loaded 2 times (x 81B)
Class com.google.common.util.concurrent.AbstractFuture$SynchronizedHelper             : loaded 2 times (x 76B)
Class com.google.common.collect.ArrayListMultimap                                     : loaded 2 times (x 170B)
Class com.google.common.base.Strings                                                  : loaded 2 times (x 69B)
Class com.google.common.cache.CacheLoader$InvalidCacheLoadException                   : loaded 2 times (x 80B)
Class org.gradle.internal.classloader.DefaultClassLoaderFactory                       : loaded 2 times (x 80B)
Class com.google.common.collect.UnmodifiableIterator                                  : loaded 2 times (x 78B)
Class com.google.common.base.Stopwatch                                                : loaded 2 times (x 70B)
Class com.google.common.base.Platform$JdkPatternCompiler                              : loaded 2 times (x 73B)
Class com.google.common.cache.LocalCache$LoadingValueReference                        : loaded 2 times (x 94B)
Class com.google.common.base.CharMatcher$SingleWidth                                  : loaded 2 times (x 110B)
Class com.google.common.collect.Hashing                                               : loaded 2 times (x 69B)
Class com.google.common.base.JdkPattern                                               : loaded 2 times (x 73B)
Class com.google.common.collect.Multimap                                              : loaded 2 times (x 68B)
Class com.google.common.base.FunctionalEquivalence                                    : loaded 2 times (x 81B)
Class org.objectweb.asm.AnnotationVisitor                                             : loaded 2 times (x 76B)
Class org.objectweb.asm.RecordComponentWriter                                         : loaded 2 times (x 76B)
Class com.google.common.cache.LocalCache$1                                            : loaded 2 times (x 87B)
Class com.google.common.cache.LocalCache$2                                            : loaded 2 times (x 140B)
Class org.gradle.internal.classloader.VisitableURLClassLoader$Spec                    : loaded 2 times (x 72B)
Class org.gradle.api.GradleException                                                  : loaded 2 times (x 80B)
Class com.google.common.base.CharMatcher$JavaLetterOrDigit                            : loaded 2 times (x 109B)
Class org.gradle.api.internal.classpath.ModuleRegistry                                : loaded 2 times (x 68B)
Class com.google.common.collect.ForwardingObject                                      : loaded 2 times (x 70B)
Class com.google.common.cache.CacheBuilder                                            : loaded 2 times (x 70B)
Class org.objectweb.asm.ByteVector                                                    : loaded 2 times (x 77B)
Class com.google.common.collect.ImmutableCollection                                   : loaded 2 times (x 123B)
Class com.google.common.base.PairwiseEquivalence                                      : loaded 2 times (x 81B)
Class com.google.common.base.Ticker                                                   : loaded 2 times (x 70B)
Class org.gradle.api.internal.ClassPathProvider                                       : loaded 2 times (x 68B)
Class com.google.common.base.Ascii                                                    : loaded 2 times (x 69B)
Class com.google.common.collect.RegularImmutableMap$Values                            : loaded 2 times (x 167B)
Class org.objectweb.asm.ModuleWriter                                                  : loaded 2 times (x 80B)
Class org.gradle.internal.classloader.ClasspathUtil$1                                 : loaded 2 times (x 74B)
Class com.google.common.collect.ImmutableEnumMap                                      : loaded 2 times (x 123B)
Class com.google.common.collect.ForwardingMap                                         : loaded 2 times (x 130B)
Class com.google.common.collect.ImmutableList$ReverseImmutableList                    : loaded 2 times (x 168B)
Class com.google.common.cache.AbstractCache$StatsCounter                              : loaded 2 times (x 68B)
Class org.objectweb.asm.FieldVisitor                                                  : loaded 2 times (x 75B)
Class org.objectweb.asm.Symbol                                                        : loaded 2 times (x 71B)
Class com.google.common.cache.LocalCache$Strength$1                                   : loaded 2 times (x 79B)
Class com.google.common.cache.LocalCache$Strength$2                                   : loaded 2 times (x 79B)
Class com.google.common.cache.LocalCache$Strength$3                                   : loaded 2 times (x 79B)
Class org.gradle.internal.classloader.ClassLoaderFactory                              : loaded 2 times (x 68B)
Class settings_7gldrxbpzwl7qqc0xubw7s924$_run_closure1$_closure2                      : loaded 2 times (x 137B)
Class com.google.common.collect.ObjectArrays                                          : loaded 2 times (x 69B)
Class com.google.common.util.concurrent.AbstractFuture$Waiter                         : loaded 2 times (x 70B)
Class com.google.common.util.concurrent.Uninterruptibles                              : loaded 2 times (x 69B)
Class com.google.common.collect.Iterators$10                                          : loaded 2 times (x 79B)
Class com.google.common.collect.ImmutableList                                         : loaded 2 times (x 166B)
Class org.gradle.api.internal.classpath.ManifestUtil                                  : loaded 2 times (x 69B)
Class org.gradle.api.specs.Spec                                                       : loaded 2 times (x 68B)
Class com.google.common.cache.CacheLoader$UnsupportedLoadingOperationException        : loaded 2 times (x 80B)
Class com.google.common.base.CharMatcher$Whitespace                                   : loaded 2 times (x 110B)
Class com.google.common.util.concurrent.ListenableFuture                              : loaded 2 times (x 68B)
Class com.google.common.collect.Iterators$1                                           : loaded 2 times (x 79B)
Class com.google.common.collect.Iterators$4                                           : loaded 2 times (x 80B)
Class com.google.common.collect.RegularImmutableMap$BucketOverflowException           : loaded 2 times (x 80B)
Class com.google.common.collect.Iterators$5                                           : loaded 2 times (x 80B)
Class com.google.common.util.concurrent.AbstractFuture$UnsafeAtomicHelper             : loaded 2 times (x 76B)
Class com.google.common.base.Equivalence$Equals                                       : loaded 2 times (x 80B)
Class com.google.common.base.Preconditions                                            : loaded 2 times (x 69B)
Class com.google.common.base.Function                                                 : loaded 2 times (x 68B)
Class com.google.common.collect.Iterators$9                                           : loaded 2 times (x 79B)
Class org.gradle.internal.IoActions                                                   : loaded 2 times (x 69B)
Class com.google.common.cache.ReferenceEntry                                          : loaded 2 times (x 68B)
Class com.google.common.collect.RegularImmutableMap$KeySet                            : loaded 2 times (x 148B)
Class com.google.common.collect.CollectPreconditions                                  : loaded 2 times (x 69B)
Class com.google.common.primitives.IntsMethodsForWeb                                  : loaded 2 times (x 69B)
Class com.google.common.collect.Maps                                                  : loaded 2 times (x 69B)
Class com.google.common.collect.RegularImmutableMap                                   : loaded 2 times (x 119B)
Class com.google.common.collect.AbstractIndexedListIterator                           : loaded 2 times (x 94B)
Class com.google.common.base.CharMatcher$None                                         : loaded 2 times (x 110B)
Class org.gradle.api.internal.classpath.EffectiveClassPath                            : loaded 2 times (x 88B)
Class com.google.common.collect.UnmodifiableListIterator                              : loaded 2 times (x 93B)
Class com.google.common.cache.CacheLoader$FunctionToCacheLoader                       : loaded 2 times (x 73B)
Class com.google.common.cache.CacheBuilder$1                                          : loaded 2 times (x 83B)
Class com.google.common.cache.CacheBuilder$2                                          : loaded 2 times (x 70B)
Class com.google.common.collect.ImmutableList$1                                       : loaded 2 times (x 95B)
Class com.google.common.base.Splitter$Strategy                                        : loaded 2 times (x 68B)
Class com.google.common.collect.ImmutableMapEntrySet$RegularEntrySet                  : loaded 2 times (x 149B)
Class [Lcom.google.common.cache.RemovalListener;                                      : loaded 2 times (x 67B)
Class [Lcom.google.common.collect.ImmutableMapEntry;                                  : loaded 2 times (x 67B)
Class org.gradle.internal.installation.CurrentGradleInstallation                      : loaded 2 times (x 71B)
Class org.gradle.internal.agents.InstrumentingClassLoader                             : loaded 2 times (x 68B)
Class org.gradle.internal.installation.CurrentGradleInstallationLocator               : loaded 2 times (x 69B)
Class [Lcom.google.common.cache.LocalCache$Segment;                                   : loaded 2 times (x 67B)
Class org.gradle.api.internal.classpath.Module                                        : loaded 2 times (x 68B)
Class com.google.common.base.Splitter$1$1                                             : loaded 2 times (x 84B)
Class com.google.common.collect.ImmutableSet$JdkBackedSetBuilderImpl                  : loaded 2 times (x 74B)
Class com.google.common.collect.ImmutableSet$RegularSetBuilderImpl                    : loaded 2 times (x 75B)
Class org.gradle.internal.service.CachingServiceLocator                               : loaded 2 times (x 80B)
Class [Lcom.google.common.collect.ImmutableEntry;                                     : loaded 2 times (x 67B)
Class org.gradle.internal.classpath.DefaultClassPath                                  : loaded 2 times (x 88B)
Class com.google.common.util.concurrent.AbstractFuture$SetFuture                      : loaded 2 times (x 73B)
Class com.google.common.base.Splitter$SplittingIterator                               : loaded 2 times (x 82B)
Class com.google.common.cache.LocalCache$LocalManualCache$1                           : loaded 2 times (x 73B)
Class org.objectweb.asm.SymbolTable$Entry                                             : loaded 2 times (x 72B)
Class [Lcom.google.common.cache.LocalCache$EntryFactory;                              : loaded 2 times (x 67B)
Class com.google.common.base.CharMatcher$Is                                           : loaded 2 times (x 109B)
Class com.google.common.base.Platform                                                 : loaded 2 times (x 69B)
Class com.google.common.collect.RegularImmutableAsList                                : loaded 2 times (x 176B)
Class com.google.common.collect.PeekingIterator                                       : loaded 2 times (x 68B)
Class com.google.common.collect.ImmutableMapEntrySet                                  : loaded 2 times (x 149B)
Class com.google.common.cache.CacheLoader                                             : loaded 2 times (x 72B)
Class com.google.common.collect.ImmutableBiMapFauxverideShim                          : loaded 2 times (x 118B)
Class org.objectweb.asm.MethodTooLargeException                                       : loaded 2 times (x 81B)
Class com.google.common.cache.Cache                                                   : loaded 2 times (x 68B)
Class org.gradle.internal.classloader.SystemClassLoaderSpec                           : loaded 2 times (x 69B)
Class com.google.common.util.concurrent.internal.InternalFutureFailureAccess          : loaded 2 times (x 70B)
Class com.google.common.primitives.Ints$IntConverter                                  : loaded 2 times (x 88B)
Class com.google.common.collect.SingletonImmutableSet                                 : loaded 2 times (x 144B)
Class [Lcom.google.common.base.AbstractIterator$State;                                : loaded 2 times (x 67B)
Class com.google.common.collect.ImmutableMap$Builder                                  : loaded 2 times (x 80B)
Class com.google.common.base.AbstractIterator                                         : loaded 2 times (x 78B)
Class org.objectweb.asm.ClassWriter                                                   : loaded 2 times (x 104B)
Class com.google.common.base.AbstractIterator$1                                       : loaded 2 times (x 69B)
Class [Lcom.google.common.cache.CacheBuilder$OneWeigher;                              : loaded 2 times (x 67B)
Class com.google.common.collect.Iterators                                             : loaded 2 times (x 69B)
Class com.google.common.base.CharMatcher$1                                            : loaded 2 times (x 111B)
Class com.google.common.base.CharMatcher$Ascii                                        : loaded 2 times (x 110B)
Class com.google.common.cache.LocalCache$ComputingValueReference                      : loaded 2 times (x 94B)
Class org.gradle.api.UncheckedIOException                                             : loaded 2 times (x 80B)
Class com.google.common.base.CharMatcher$And                                          : loaded 2 times (x 110B)
Class com.google.common.collect.IndexedImmutableSet                                   : loaded 2 times (x 148B)
Class com.google.common.collect.IndexedImmutableSet$1                                 : loaded 2 times (x 172B)
Class com.google.common.collect.AbstractListMultimap                                  : loaded 2 times (x 170B)
Class com.google.common.base.CharMatcher$Any                                          : loaded 2 times (x 110B)
Class com.google.common.cache.LocalCache$Strength                                     : loaded 2 times (x 79B)
Class com.google.common.collect.ArrayListMultimapGwtSerializationDependencies         : loaded 2 times (x 170B)
Class com.google.common.base.CharMatcher$RangesMatcher                                : loaded 2 times (x 110B)
Class org.objectweb.asm.Handler                                                       : loaded 2 times (x 70B)
Class com.google.common.collect.ImmutableList$SubList                                 : loaded 2 times (x 168B)
Class com.google.common.cache.LocalCache$ValueReference                               : loaded 2 times (x 68B)
Class org.gradle.internal.classloader.ClasspathUtil                                   : loaded 2 times (x 69B)
Class org.objectweb.asm.CurrentFrame                                                  : loaded 2 times (x 71B)
Class com.google.common.util.concurrent.AbstractFuture                                : loaded 2 times (x 93B)
Class com.google.common.base.Splitter$1                                               : loaded 2 times (x 75B)
Class com.google.common.base.Ticker$1                                                 : loaded 2 times (x 70B)
Class com.google.common.collect.Maps$BiMapConverter                                   : loaded 2 times (x 88B)
Class org.gradle.api.internal.DefaultClassPathRegistry                                : loaded 2 times (x 74B)
Class [Lorg.objectweb.asm.Symbol;                                                     : loaded 2 times (x 67B)
Class com.google.common.util.concurrent.AbstractFuture$Cancellation                   : loaded 2 times (x 70B)
Class com.google.common.collect.ImmutableSet$SetBuilderImpl                           : loaded 2 times (x 74B)
Class org.gradle.api.internal.classpath.DefaultModuleRegistry$DefaultModule           : loaded 2 times (x 84B)
Class com.google.common.base.CharMatcher$JavaIsoControl                               : loaded 2 times (x 110B)
Class com.google.common.collect.ImmutableMap$1                                        : loaded 2 times (x 79B)
Class com.google.common.base.CharMatcher$Or                                           : loaded 2 times (x 110B)
Class com.google.common.base.Suppliers$SupplierOfInstance                             : loaded 2 times (x 77B)
Class org.objectweb.asm.RecordComponentVisitor                                        : loaded 2 times (x 75B)
Class com.google.common.collect.Iterables                                             : loaded 2 times (x 69B)
Class com.google.common.base.CharMatcher$JavaLowerCase                                : loaded 2 times (x 109B)
Class org.objectweb.asm.ClassTooLargeException                                        : loaded 2 times (x 81B)
Class org.gradle.api.internal.classpath.UnknownModuleException                        : loaded 2 times (x 80B)
Class com.google.common.util.concurrent.AbstractFuture$Listener                       : loaded 2 times (x 70B)
Class org.objectweb.asm.Edge                                                          : loaded 2 times (x 70B)
Class com.google.common.collect.Maps$EntryTransformer                                 : loaded 2 times (x 68B)
Class com.google.common.collect.ImmutableCollection$Builder                           : loaded 2 times (x 74B)
Class [Lorg.objectweb.asm.SymbolTable$Entry;                                          : loaded 2 times (x 67B)
Class com.google.common.base.CommonPattern                                            : loaded 2 times (x 72B)
Class com.google.common.base.Suppliers                                                : loaded 2 times (x 69B)
Class org.objectweb.asm.ClassVisitor                                                  : loaded 2 times (x 86B)
Class com.google.common.cache.LoadingCache                                            : loaded 2 times (x 68B)
Class org.gradle.internal.service.ServiceLookupException                              : loaded 2 times (x 80B)
Class org.gradle.cache.GlobalCache                                                    : loaded 2 times (x 68B)
Class com.google.common.base.CharMatcher$NegatedFastMatcher                           : loaded 2 times (x 111B)
Class [Lorg.gradle.api.internal.ClassPathProvider;                                    : loaded 2 times (x 67B)
Class com.google.common.util.concurrent.AbstractFuture$SafeAtomicHelper               : loaded 2 times (x 77B)
Class org.gradle.util.internal.GUtil                                                  : loaded 2 times (x 69B)
Class com.google.common.math.IntMath                                                  : loaded 2 times (x 69B)
Class com.google.common.collect.AbstractIterator                                      : loaded 2 times (x 80B)
Class org.gradle.internal.classloader.ClassLoaderSpec                                 : loaded 2 times (x 69B)
Class com.google.common.base.NullnessCasts                                            : loaded 2 times (x 69B)
Class org.objectweb.asm.Frame                                                         : loaded 2 times (x 71B)
Class com.google.common.cache.LocalCache$LocalManualCache                             : loaded 2 times (x 97B)
Class com.google.common.collect.AbstractMapEntry                                      : loaded 2 times (x 79B)
Class com.google.common.base.CharMatcher$Negated                                      : loaded 2 times (x 111B)
Class com.google.common.cache.CacheLoader$1                                           : loaded 2 times (x 73B)
Class com.google.common.util.concurrent.AbstractFuture$TrustedFuture                  : loaded 2 times (x 95B)
Class com.google.common.collect.Sets                                                  : loaded 2 times (x 69B)
Class com.google.common.collect.ImmutableSet$Builder                                  : loaded 2 times (x 83B)
Class com.google.common.base.CharMatcher$ForPredicate                                 : loaded 2 times (x 110B)
Class com.google.common.collect.ImmutableMap$MapViewOfValuesAsSingletonSets           : loaded 2 times (x 123B)
Class com.google.common.base.MoreObjects                                              : loaded 2 times (x 69B)
Class com.google.common.collect.SortedMapDifference                                   : loaded 2 times (x 68B)
Class org.objectweb.asm.SymbolTable                                                   : loaded 2 times (x 70B)
Class com.google.common.cache.CacheStats                                              : loaded 2 times (x 69B)
Class org.objectweb.asm.Attribute                                                     : loaded 2 times (x 75B)
Class org.gradle.internal.classloader.VisitableURLClassLoader                         : loaded 2 times (x 115B)
Class com.google.common.cache.LocalCache$LocalLoadingCache                            : loaded 2 times (x 132B)
Class com.google.common.base.Supplier                                                 : loaded 2 times (x 68B)
Class com.google.common.util.concurrent.AbstractFuture$AtomicHelper                   : loaded 2 times (x 76B)
Class com.google.common.collect.ImmutableBiMap                                        : loaded 2 times (x 141B)
Class org.gradle.internal.Cast                                                        : loaded 2 times (x 69B)
Class org.gradle.api.internal.ClassPathRegistry                                       : loaded 2 times (x 68B)
Class com.google.common.cache.LocalCache$EntryFactory                                 : loaded 2 times (x 81B)
Class com.google.common.util.concurrent.UncheckedExecutionException                   : loaded 2 times (x 80B)
Class com.google.common.collect.ImmutableSet                                          : loaded 2 times (x 143B)
Class org.gradle.internal.classloader.VisitableURLClassLoader$InstrumentingVisitableURLClassLoader: loaded 2 times (x 121B)
Class org.gradle.internal.classloader.ClassLoaderHierarchy                            : loaded 2 times (x 68B)
Class [Lorg.objectweb.asm.Type;                                                       : loaded 2 times (x 67B)
Class com.google.common.base.AbstractIterator$State                                   : loaded 2 times (x 77B)
Class com.google.common.cache.Weigher                                                 : loaded 2 times (x 68B)
Class com.google.common.base.CharMatcher$NamedFastMatcher                             : loaded 2 times (x 110B)
Class org.gradle.internal.InternalTransformer                                         : loaded 2 times (x 68B)
Class org.gradle.internal.service.ServiceLocator                                      : loaded 2 times (x 68B)
Class com.google.common.util.concurrent.SettableFuture                                : loaded 2 times (x 95B)
Class com.google.common.collect.ImmutableMapEntry                                     : loaded 2 times (x 83B)
Class settings_7gldrxbpzwl7qqc0xubw7s924                                              : loaded 2 times (x 177B)
Class com.google.common.base.CharMatcher$Invisible                                    : loaded 2 times (x 110B)
Class com.google.common.base.CharMatcher$FastMatcher                                  : loaded 2 times (x 109B)
Class org.gradle.internal.classpath.DefaultClassPath$ImmutableUniqueList              : loaded 2 times (x 159B)
Class com.google.common.base.CharMatcher$JavaLetter                                   : loaded 2 times (x 109B)
Class org.gradle.internal.classpath.TransformedClassPath                              : loaded 2 times (x 94B)
Class com.google.common.collect.MapDifference                                         : loaded 2 times (x 68B)
Class com.google.common.collect.Sets$1                                                : loaded 2 times (x 137B)
Class com.google.common.collect.Sets$2                                                : loaded 2 times (x 137B)
Class com.google.common.util.concurrent.AbstractFuture$Trusted                        : loaded 2 times (x 68B)
Class com.google.common.collect.Sets$3                                                : loaded 2 times (x 137B)
Class com.google.common.collect.Sets$4                                                : loaded 2 times (x 137B)
Class org.objectweb.asm.MethodWriter                                                  : loaded 2 times (x 104B)
Class com.google.common.collect.Platform                                              : loaded 2 times (x 69B)
Class com.google.common.collect.ImmutableAsList                                       : loaded 2 times (x 169B)
Class com.google.common.util.concurrent.ExecutionError                                : loaded 2 times (x 80B)
Class com.google.common.base.Equivalence$Identity                                     : loaded 2 times (x 80B)
Class com.google.common.base.CharMatcher$AnyOf                                        : loaded 2 times (x 110B)
Class com.google.common.base.CharMatcher$IsEither                                     : loaded 2 times (x 109B)
Class com.google.common.cache.LocalCache                                              : loaded 2 times (x 185B)
Class com.google.common.collect.RegularImmutableList                                  : loaded 2 times (x 172B)
Class com.google.common.util.concurrent.AbstractFuture$UnsafeAtomicHelper$1           : loaded 2 times (x 74B)
Class com.google.common.base.CharMatcher$JavaUpperCase                                : loaded 2 times (x 109B)
Class com.google.common.collect.Multiset                                              : loaded 2 times (x 68B)
Class com.google.common.collect.ImmutableSet$CachingAsList                            : loaded 2 times (x 145B)
Class org.objectweb.asm.MethodVisitor                                                 : loaded 2 times (x 103B)
Class com.google.common.collect.ImmutableMapEntry$NonTerminalImmutableMapEntry        : loaded 2 times (x 83B)
Class com.google.common.collect.AbstractMapBasedMultimap                              : loaded 2 times (x 137B)


---------------  S Y S T E M  ---------------

OS:
 Windows 11 , 64 bit Build 22621 (10.0.22621.3672)
OS uptime: 0 days 0:15 hours

CPU: total 8 (initial active 8) (4 cores per cpu, 2 threads per core) family 6 model 158 stepping 10 microcode 0xf6, cx8, cmov, fxsr, ht, mmx, 3dnowpref, sse, sse2, sse3, ssse3, sse4.1, sse4.2, popcnt, lzcnt, tsc, tscinvbit, avx, avx2, aes, erms, clmul, bmi1, bmi2, adx, fma, vzeroupper, clflush, clflushopt
Processor Information for all 8 processors :
  Max Mhz: 2400, Current Mhz: 2400, Mhz Limit: 2400

Memory: 4k page, system-wide physical 8033M (711M free)
TotalPageFile size 10081M (AvailPageFile size 18M)
current process WorkingSet (physical memory assigned to process): 306M, peak: 315M
current process commit charge ("private bytes"): 339M, peak: 359M

vm_info: OpenJDK 64-Bit Server VM (17.0.10+0--11609105) for windows-amd64 JRE (17.0.10+0--11609105), built on Mar 21 2024 19:10:56 by "androidbuild" with MS VC++ 16.10 / 16.11 (VS2019)

END.
