#
# There is insufficient memory for the Java Runtime Environment to continue.
# Native memory allocation (mmap) failed to map 29360128 bytes for G1 virtual space
# Possible reasons:
#   The system is out of physical RAM or swap space
#   The process is running with CompressedOops enabled, and the Java Heap may be blocking the growth of the native heap
# Possible solutions:
#   Reduce memory load on the system
#   Increase physical memory or swap space
#   Check if swap backing store is full
#   Decrease Java heap size (-Xmx/-Xms)
#   Decrease number of Java threads
#   Decrease Java thread stack sizes (-Xss)
#   Set larger code cache with -XX:ReservedCodeCacheSize=
#   JVM is running with Unscaled Compressed Oops mode in which the Java heap is
#     placed in the first 4GB address space. The Java Heap base address is the
#     maximum limit for the native heap growth. Please use -XX:HeapBaseMinAddress
#     to set the Java Heap base and to place the Java Heap above 4GB virtual address.
# This output file may be truncated or incomplete.
#
#  Out of Memory Error (os_windows.cpp:3825), pid=6824, tid=11908
#
# JRE version: OpenJDK Runtime Environment (17.0.10) (build 17.0.10+0--11609105)
# Java VM: OpenJDK 64-Bit Server VM (17.0.10+0--11609105, mixed mode, tiered, compressed oops, compressed class ptrs, g1 gc, windows-amd64)
# No core dump will be written. Minidumps are not enabled by default on client versions of Windows
#

---------------  S U M M A R Y ------------

Command Line: --add-opens=java.base/java.util=ALL-UNNAMED --add-opens=java.base/java.lang=ALL-UNNAMED --add-opens=java.base/java.lang.invoke=ALL-UNNAMED --add-opens=java.prefs/java.util.prefs=ALL-UNNAMED --add-opens=java.base/java.nio.charset=ALL-UNNAMED --add-opens=java.base/java.net=ALL-UNNAMED --add-opens=java.base/java.util.concurrent.atomic=ALL-UNNAMED -Xmx2048m -Dfile.encoding=UTF-8 -Duser.country=US -Duser.language=en -Duser.variant -javaagent:C:\Users\compu market\.gradle\wrapper\dists\gradle-8.6-bin\afr5mpiioh2wthjmwnkmdsd5w\gradle-8.6\lib\agents\gradle-instrumentation-agent-8.6.jar org.gradle.launcher.daemon.bootstrap.GradleDaemon 8.6

Host: Intel(R) Core(TM) i5-9300H CPU @ 2.40GHz, 8 cores, 7G,  Windows 11 , 64 bit Build 22621 (10.0.22621.3527)
Time: Tue Jun  4 23:18:27 2024 Egypt Daylight Time elapsed time: 7.168683 seconds (0d 0h 0m 7s)

---------------  T H R E A D  ---------------

Current thread (0x000002e5a309ed20):  VMThread "VM Thread" [stack: 0x000000fa88c00000,0x000000fa88d00000] [id=11908]

Stack: [0x000000fa88c00000,0x000000fa88d00000]
Native frames: (J=compiled Java code, j=interpreted, Vv=VM code, C=native code)
V  [jvm.dll+0x688de9]
V  [jvm.dll+0x8423da]
V  [jvm.dll+0x84401e]
V  [jvm.dll+0x844683]
V  [jvm.dll+0x24be0f]
V  [jvm.dll+0x685bb9]
V  [jvm.dll+0x67a46a]
V  [jvm.dll+0x30cbab]
V  [jvm.dll+0x314056]
V  [jvm.dll+0x363dce]
V  [jvm.dll+0x363fff]
V  [jvm.dll+0x2e2978]
V  [jvm.dll+0x2e0b54]
V  [jvm.dll+0x2e015c]
V  [jvm.dll+0x32502b]
V  [jvm.dll+0x848d7b]
V  [jvm.dll+0x849ac1]
V  [jvm.dll+0x849fdd]
V  [jvm.dll+0x84a3b4]
V  [jvm.dll+0x84a480]
V  [jvm.dll+0x7f0c7a]
V  [jvm.dll+0x687c65]
C  [ucrtbase.dll+0x29333]
C  [KERNEL32.DLL+0x1257d]
C  [ntdll.dll+0x5aa48]

VM_Operation (0x000000fa8a4f2560): G1CollectForAllocation, mode: safepoint, requested by thread 0x000002e5a8b5d870


---------------  P R O C E S S  ---------------

Threads class SMR info:
_java_thread_list=0x000002e5aa902a10, length=59, elements={
0x000002e5891ff610, 0x000002e5a307c6e0, 0x000002e5a307d560, 0x000002e5a3200270,
0x000002e5a320fc90, 0x000002e5a3213d80, 0x000002e5a3214740, 0x000002e5a32158f0,
0x000002e5a32163a0, 0x000002e5a3216da0, 0x000002e5a301ff00, 0x000002e5a34c3b30,
0x000002e5a356d8e0, 0x000002e5a885fce0, 0x000002e5a37b5c10, 0x000002e5a8e55140,
0x000002e5a9997010, 0x000002e5a9355fe0, 0x000002e5a8b5bf20, 0x000002e5a8b5d870,
0x000002e5a8b5c430, 0x000002e5a8b5ce50, 0x000002e5a8b5c940, 0x000002e5a8b5ecb0,
0x000002e5a8b5ba10, 0x000002e5a8b5dd80, 0x000002e5a96292c0, 0x000002e5a8b5d360,
0x000002e5a8b5e290, 0x000002e5a8b5e7a0, 0x000002e5ac637c70, 0x000002e5ac638ba0,
0x000002e5ac6390b0, 0x000002e5ac638690, 0x000002e5ac634ee0, 0x000002e5ac6395c0,
0x000002e5ac636830, 0x000002e5ac639ad0, 0x000002e5ac6344c0, 0x000002e5ac636d40,
0x000002e5ac639fe0, 0x000002e5ac635900, 0x000002e5ac63aa00, 0x000002e5ac63b420,
0x000002e5ac63af10, 0x000002e5ac63b930, 0x000002e5ac635e10, 0x000002e5ac636320,
0x000002e5ac637250, 0x000002e5ac63be40, 0x000002e5ac6353f0, 0x000002e5ac638180,
0x000002e5aa80dbe0, 0x000002e5aa80f530, 0x000002e5aa80a430, 0x000002e5aa80d1c0,
0x000002e5aa80a940, 0x000002e5aa80d6d0, 0x000002e5aa810970
}

Java Threads: ( => current thread )
  0x000002e5891ff610 JavaThread "main" [_thread_blocked, id=12884, stack(0x000000fa88600000,0x000000fa88700000)]
  0x000002e5a307c6e0 JavaThread "Reference Handler" daemon [_thread_blocked, id=10836, stack(0x000000fa88d00000,0x000000fa88e00000)]
  0x000002e5a307d560 JavaThread "Finalizer" daemon [_thread_blocked, id=14424, stack(0x000000fa88e00000,0x000000fa88f00000)]
  0x000002e5a3200270 JavaThread "Signal Dispatcher" daemon [_thread_blocked, id=7232, stack(0x000000fa88f00000,0x000000fa89000000)]
  0x000002e5a320fc90 JavaThread "Attach Listener" daemon [_thread_blocked, id=8284, stack(0x000000fa89000000,0x000000fa89100000)]
  0x000002e5a3213d80 JavaThread "Service Thread" daemon [_thread_blocked, id=8816, stack(0x000000fa89100000,0x000000fa89200000)]
  0x000002e5a3214740 JavaThread "Monitor Deflation Thread" daemon [_thread_blocked, id=15636, stack(0x000000fa89200000,0x000000fa89300000)]
  0x000002e5a32158f0 JavaThread "C2 CompilerThread0" daemon [_thread_in_native, id=11716, stack(0x000000fa89300000,0x000000fa89400000)]
  0x000002e5a32163a0 JavaThread "C1 CompilerThread0" daemon [_thread_blocked, id=15660, stack(0x000000fa89400000,0x000000fa89500000)]
  0x000002e5a3216da0 JavaThread "Sweeper thread" daemon [_thread_blocked, id=14276, stack(0x000000fa89500000,0x000000fa89600000)]
  0x000002e5a301ff00 JavaThread "Common-Cleaner" daemon [_thread_blocked, id=15200, stack(0x000000fa89600000,0x000000fa89700000)]
  0x000002e5a34c3b30 JavaThread "Notification Thread" daemon [_thread_blocked, id=13644, stack(0x000000fa89700000,0x000000fa89800000)]
  0x000002e5a356d8e0 JavaThread "C2 CompilerThread1" daemon [_thread_blocked, id=2420, stack(0x000000fa89900000,0x000000fa89a00000)]
  0x000002e5a885fce0 JavaThread "Daemon health stats" [_thread_blocked, id=15908, stack(0x000000fa89f00000,0x000000fa8a000000)]
  0x000002e5a37b5c10 JavaThread "Incoming local TCP Connector on port 1865" [_thread_in_native, id=9168, stack(0x000000fa89a00000,0x000000fa89b00000)]
  0x000002e5a8e55140 JavaThread "Daemon periodic checks" [_thread_blocked, id=4268, stack(0x000000fa8a000000,0x000000fa8a100000)]
  0x000002e5a9997010 JavaThread "Daemon" [_thread_blocked, id=3672, stack(0x000000fa8a100000,0x000000fa8a200000)]
  0x000002e5a9355fe0 JavaThread "Handler for socket connection from /127.0.0.1:1865 to /127.0.0.1:1866" [_thread_in_native, id=9324, stack(0x000000fa8a200000,0x000000fa8a300000)]
  0x000002e5a8b5bf20 JavaThread "Cancel handler" [_thread_blocked, id=16140, stack(0x000000fa8a300000,0x000000fa8a400000)]
  0x000002e5a8b5d870 JavaThread "Daemon worker" [_thread_blocked, id=16104, stack(0x000000fa8a400000,0x000000fa8a500000)]
  0x000002e5a8b5c430 JavaThread "Asynchronous log dispatcher for DefaultDaemonConnection: socket connection from /127.0.0.1:1865 to /127.0.0.1:1866" [_thread_blocked, id=15416, stack(0x000000fa8a500000,0x000000fa8a600000)]
  0x000002e5a8b5ce50 JavaThread "Stdin handler" [_thread_blocked, id=14856, stack(0x000000fa8a600000,0x000000fa8a700000)]
  0x000002e5a8b5c940 JavaThread "Daemon client event forwarder" [_thread_blocked, id=13296, stack(0x000000fa8a700000,0x000000fa8a800000)]
  0x000002e5a8b5ecb0 JavaThread "Cache worker for journal cache (C:\Users\compu market\.gradle\caches\journal-1)" [_thread_blocked, id=7376, stack(0x000000fa8ac00000,0x000000fa8ad00000)]
  0x000002e5a8b5ba10 JavaThread "File lock request listener" [_thread_in_native, id=4840, stack(0x000000fa8ad00000,0x000000fa8ae00000)]
  0x000002e5a8b5dd80 JavaThread "Cache worker for file hash cache (C:\Users\compu market\.gradle\caches\8.6\fileHashes)" [_thread_blocked, id=2996, stack(0x000000fa8ae00000,0x000000fa8af00000)]
  0x000002e5a96292c0 JavaThread "C2 CompilerThread2" daemon [_thread_blocked, id=13268, stack(0x000000fa8af00000,0x000000fa8b000000)]
  0x000002e5a8b5d360 JavaThread "File watcher server" daemon [_thread_in_native, id=4348, stack(0x000000fa8b000000,0x000000fa8b100000)]
  0x000002e5a8b5e290 JavaThread "File watcher consumer" daemon [_thread_blocked, id=14520, stack(0x000000fa8b100000,0x000000fa8b200000)]
  0x000002e5a8b5e7a0 JavaThread "jar transforms" [_thread_blocked, id=7424, stack(0x000000fa8b200000,0x000000fa8b300000)]
  0x000002e5ac637c70 JavaThread "jar transforms Thread 2" [_thread_blocked, id=2020, stack(0x000000fa8b300000,0x000000fa8b400000)]
  0x000002e5ac638ba0 JavaThread "jar transforms Thread 3" [_thread_blocked, id=3492, stack(0x000000fa8b400000,0x000000fa8b500000)]
  0x000002e5ac6390b0 JavaThread "jar transforms Thread 4" [_thread_blocked, id=10896, stack(0x000000fa8b500000,0x000000fa8b600000)]
  0x000002e5ac638690 JavaThread "jar transforms Thread 5" [_thread_blocked, id=15492, stack(0x000000fa8b600000,0x000000fa8b700000)]
  0x000002e5ac634ee0 JavaThread "jar transforms Thread 6" [_thread_blocked, id=11956, stack(0x000000fa8b700000,0x000000fa8b800000)]
  0x000002e5ac6395c0 JavaThread "jar transforms Thread 7" [_thread_blocked, id=2088, stack(0x000000fa8b800000,0x000000fa8b900000)]
  0x000002e5ac636830 JavaThread "jar transforms Thread 8" [_thread_blocked, id=14664, stack(0x000000fa8b900000,0x000000fa8ba00000)]
  0x000002e5ac639ad0 JavaThread "Cache worker for checksums cache (E:\Android\Movies\.gradle\8.6\checksums)" [_thread_blocked, id=11324, stack(0x000000fa8ba00000,0x000000fa8bb00000)]
  0x000002e5ac6344c0 JavaThread "Cache worker for file hash cache (E:\Android\Movies\.gradle\8.6\fileHashes)" [_thread_blocked, id=3732, stack(0x000000fa8bb00000,0x000000fa8bc00000)]
  0x000002e5ac636d40 JavaThread "Cache worker for cache directory md-supplier (C:\Users\compu market\.gradle\caches\8.6\md-supplier)" [_thread_blocked, id=10712, stack(0x000000fa8bc00000,0x000000fa8bd00000)]
  0x000002e5ac639fe0 JavaThread "Cache worker for cache directory md-rule (C:\Users\compu market\.gradle\caches\8.6\md-rule)" [_thread_blocked, id=7500, stack(0x000000fa8bd00000,0x000000fa8be00000)]
  0x000002e5ac635900 JavaThread "Cache worker for file content cache (C:\Users\compu market\.gradle\caches\8.6\fileContent)" [_thread_blocked, id=10848, stack(0x000000fa8be00000,0x000000fa8bf00000)]
  0x000002e5ac63aa00 JavaThread "Unconstrained build operations" [_thread_blocked, id=3392, stack(0x000000fa8bf00000,0x000000fa8c000000)]
  0x000002e5ac63b420 JavaThread "Unconstrained build operations Thread 2" [_thread_blocked, id=2156, stack(0x000000fa8c000000,0x000000fa8c100000)]
  0x000002e5ac63af10 JavaThread "Unconstrained build operations Thread 3" [_thread_blocked, id=13224, stack(0x000000fa8c100000,0x000000fa8c200000)]
  0x000002e5ac63b930 JavaThread "Unconstrained build operations Thread 4" [_thread_blocked, id=12748, stack(0x000000fa8c200000,0x000000fa8c300000)]
  0x000002e5ac635e10 JavaThread "Unconstrained build operations Thread 5" [_thread_blocked, id=11340, stack(0x000000fa8c300000,0x000000fa8c400000)]
  0x000002e5ac636320 JavaThread "Unconstrained build operations Thread 6" [_thread_blocked, id=11180, stack(0x000000fa8c400000,0x000000fa8c500000)]
  0x000002e5ac637250 JavaThread "Unconstrained build operations Thread 7" [_thread_blocked, id=6812, stack(0x000000fa8c500000,0x000000fa8c600000)]
  0x000002e5ac63be40 JavaThread "Unconstrained build operations Thread 8" [_thread_blocked, id=2352, stack(0x000000fa8c600000,0x000000fa8c700000)]
  0x000002e5ac6353f0 JavaThread "Unconstrained build operations Thread 9" [_thread_blocked, id=16216, stack(0x000000fa8c700000,0x000000fa8c800000)]
  0x000002e5ac638180 JavaThread "Cache worker for Build Output Cleanup Cache (E:\Android\Movies\.gradle\buildOutputCleanup)" [_thread_blocked, id=3480, stack(0x000000fa8c800000,0x000000fa8c900000)]
  0x000002e5aa80dbe0 JavaThread "Unconstrained build operations Thread 10" [_thread_blocked, id=3676, stack(0x000000fa8c900000,0x000000fa8ca00000)]
  0x000002e5aa80f530 JavaThread "Unconstrained build operations Thread 11" [_thread_blocked, id=4540, stack(0x000000fa8ca00000,0x000000fa8cb00000)]
  0x000002e5aa80a430 JavaThread "Unconstrained build operations Thread 12" [_thread_blocked, id=5464, stack(0x000000fa8cb00000,0x000000fa8cc00000)]
  0x000002e5aa80d1c0 JavaThread "Unconstrained build operations Thread 13" [_thread_blocked, id=11424, stack(0x000000fa8cc00000,0x000000fa8cd00000)]
  0x000002e5aa80a940 JavaThread "Unconstrained build operations Thread 14" [_thread_blocked, id=7152, stack(0x000000fa8cd00000,0x000000fa8ce00000)]
  0x000002e5aa80d6d0 JavaThread "Unconstrained build operations Thread 15" [_thread_blocked, id=12316, stack(0x000000fa8ce00000,0x000000fa8cf00000)]
  0x000002e5aa810970 JavaThread "Unconstrained build operations Thread 16" [_thread_blocked, id=8520, stack(0x000000fa8cf00000,0x000000fa8d000000)]

Other Threads:
=>0x000002e5a309ed20 VMThread "VM Thread" [stack: 0x000000fa88c00000,0x000000fa88d00000] [id=11908]
  0x000002e5a34c4010 WatcherThread [stack: 0x000000fa89800000,0x000000fa89900000] [id=11980]
  0x000002e589259f90 GCTaskThread "GC Thread#0" [stack: 0x000000fa88700000,0x000000fa88800000] [id=13964]
  0x000002e5a3b0c710 GCTaskThread "GC Thread#1" [stack: 0x000000fa89b00000,0x000000fa89c00000] [id=11752]
  0x000002e5a3b0c9d0 GCTaskThread "GC Thread#2" [stack: 0x000000fa89c00000,0x000000fa89d00000] [id=3372]
  0x000002e5a3b0cc90 GCTaskThread "GC Thread#3" [stack: 0x000000fa89d00000,0x000000fa89e00000] [id=6400]
  0x000002e5a3b0d790 GCTaskThread "GC Thread#4" [stack: 0x000000fa89e00000,0x000000fa89f00000] [id=12556]
  0x000002e5a3b0c450 GCTaskThread "GC Thread#5" [stack: 0x000000fa8a800000,0x000000fa8a900000] [id=12032]
  0x000002e5a3b0d210 GCTaskThread "GC Thread#6" [stack: 0x000000fa8a900000,0x000000fa8aa00000] [id=12480]
  0x000002e5a3b0d4d0 GCTaskThread "GC Thread#7" [stack: 0x000000fa8aa00000,0x000000fa8ab00000] [id=11032]
  0x000002e58926aee0 ConcurrentGCThread "G1 Main Marker" [stack: 0x000000fa88800000,0x000000fa88900000] [id=8516]
  0x000002e58926c0a0 ConcurrentGCThread "G1 Conc#0" [stack: 0x000000fa88900000,0x000000fa88a00000] [id=12952]
  0x000002e5a3b0c190 ConcurrentGCThread "G1 Conc#1" [stack: 0x000000fa8ab00000,0x000000fa8ac00000] [id=13880]
  0x000002e5892ad640 ConcurrentGCThread "G1 Refine#0" [stack: 0x000000fa88a00000,0x000000fa88b00000] [id=10324]
  0x000002e5892ae070 ConcurrentGCThread "G1 Service" [stack: 0x000000fa88b00000,0x000000fa88c00000] [id=14936]

Threads with active compile tasks:
C2 CompilerThread0     7188 6649       4       org.objectweb.asm.Frame::execute (2318 bytes)

VM state: at safepoint (normal execution)

VM Mutex/Monitor currently owned by a thread:  ([mutex/lock_event])
[0x000002e5891fb410] Threads_lock - owner thread: 0x000002e5a309ed20
[0x000002e5891f9eb0] Heap_lock - owner thread: 0x000002e5a8b5d870

Heap address: 0x0000000080000000, size: 2048 MB, Compressed Oops mode: 32-bit

CDS archive(s) not mapped
Compressed class space mapped at: 0x0000000100000000-0x0000000140000000, reserved size: 1073741824
Narrow klass base: 0x0000000000000000, Narrow klass shift: 3, Narrow klass range: 0x140000000

GC Precious Log:
 CPUs: 8 total, 8 available
 Memory: 8033M
 Large Page Support: Disabled
 NUMA Support: Disabled
 Compressed Oops: Enabled (32-bit)
 Heap Region Size: 1M
 Heap Min Capacity: 8M
 Heap Initial Capacity: 126M
 Heap Max Capacity: 2G
 Pre-touch: Disabled
 Parallel Workers: 8
 Concurrent Workers: 2
 Concurrent Refinement Workers: 8
 Periodic GC: Disabled

Heap:
 garbage-first heap   total 143360K, used 95540K [0x0000000080000000, 0x0000000100000000)
  region size 1024K, 1 young (1024K), 1 survivors (1024K)
 Metaspace       used 60172K, committed 60736K, reserved 1114112K
  class space    used 8194K, committed 8448K, reserved 1048576K

Heap Regions: E=young(eden), S=young(survivor), O=old, HS=humongous(starts), HC=humongous(continues), CS=collection set, F=free, OA=open archive, CA=closed archive, TAMS=top-at-mark-start (previous, next)
|   0|0x0000000080000000, 0x0000000080100000, 0x0000000080100000|100%|HS|  |TAMS 0x0000000080100000, 0x0000000080000000| Complete 
|   1|0x0000000080100000, 0x0000000080200000, 0x0000000080200000|100%|HC|  |TAMS 0x0000000080200000, 0x0000000080100000| Complete 
|   2|0x0000000080200000, 0x0000000080300000, 0x0000000080300000|100%|HC|  |TAMS 0x0000000080300000, 0x0000000080200000| Complete 
|   3|0x0000000080300000, 0x0000000080400000, 0x0000000080400000|100%|HC|  |TAMS 0x0000000080400000, 0x0000000080300000| Complete 
|   4|0x0000000080400000, 0x0000000080500000, 0x0000000080500000|100%| O|  |TAMS 0x0000000080500000, 0x0000000080400000| Untracked 
|   5|0x0000000080500000, 0x0000000080600000, 0x0000000080600000|100%| O|  |TAMS 0x0000000080600000, 0x0000000080500000| Untracked 
|   6|0x0000000080600000, 0x0000000080700000, 0x0000000080700000|100%| O|  |TAMS 0x0000000080700000, 0x0000000080600000| Untracked 
|   7|0x0000000080700000, 0x0000000080800000, 0x0000000080800000|100%| O|  |TAMS 0x0000000080800000, 0x0000000080700000| Untracked 
|   8|0x0000000080800000, 0x0000000080900000, 0x0000000080900000|100%| O|  |TAMS 0x0000000080900000, 0x0000000080800000| Untracked 
|   9|0x0000000080900000, 0x0000000080a00000, 0x0000000080a00000|100%| O|  |TAMS 0x0000000080a00000, 0x0000000080900000| Untracked 
|  10|0x0000000080a00000, 0x0000000080a00000, 0x0000000080b00000|  0%| F|  |TAMS 0x0000000080a00000, 0x0000000080a00000| Untracked 
|  11|0x0000000080b00000, 0x0000000080c00000, 0x0000000080c00000|100%| O|  |TAMS 0x0000000080c00000, 0x0000000080b00000| Untracked 
|  12|0x0000000080c00000, 0x0000000080d00000, 0x0000000080d00000|100%| O|  |TAMS 0x0000000080d00000, 0x0000000080c00000| Untracked 
|  13|0x0000000080d00000, 0x0000000080e00000, 0x0000000080e00000|100%| O|  |TAMS 0x0000000080e00000, 0x0000000080d00000| Untracked 
|  14|0x0000000080e00000, 0x0000000080f00000, 0x0000000080f00000|100%| O|  |TAMS 0x0000000080f00000, 0x0000000080e00000| Untracked 
|  15|0x0000000080f00000, 0x0000000081000000, 0x0000000081000000|100%| O|  |TAMS 0x0000000081000000, 0x0000000080f00000| Untracked 
|  16|0x0000000081000000, 0x0000000081100000, 0x0000000081100000|100%| O|  |TAMS 0x0000000081100000, 0x0000000081000000| Untracked 
|  17|0x0000000081100000, 0x0000000081200000, 0x0000000081200000|100%| O|  |TAMS 0x0000000081200000, 0x0000000081100000| Untracked 
|  18|0x0000000081200000, 0x0000000081300000, 0x0000000081300000|100%| O|  |TAMS 0x0000000081300000, 0x0000000081200000| Untracked 
|  19|0x0000000081300000, 0x0000000081400000, 0x0000000081400000|100%| O|  |TAMS 0x0000000081400000, 0x0000000081300000| Untracked 
|  20|0x0000000081400000, 0x0000000081500000, 0x0000000081500000|100%|HS|  |TAMS 0x0000000081500000, 0x0000000081400000| Complete 
|  21|0x0000000081500000, 0x0000000081600000, 0x0000000081600000|100%|HC|  |TAMS 0x0000000081600000, 0x0000000081500000| Complete 
|  22|0x0000000081600000, 0x0000000081700000, 0x0000000081700000|100%|HC|  |TAMS 0x0000000081700000, 0x0000000081600000| Complete 
|  23|0x0000000081700000, 0x0000000081800000, 0x0000000081800000|100%|HC|  |TAMS 0x0000000081800000, 0x0000000081700000| Complete 
|  24|0x0000000081800000, 0x0000000081900000, 0x0000000081900000|100%|HC|  |TAMS 0x0000000081900000, 0x0000000081800000| Complete 
|  25|0x0000000081900000, 0x0000000081a00000, 0x0000000081a00000|100%|HS|  |TAMS 0x0000000081a00000, 0x0000000081900000| Complete 
|  26|0x0000000081a00000, 0x0000000081b00000, 0x0000000081b00000|100%|HC|  |TAMS 0x0000000081b00000, 0x0000000081a00000| Complete 
|  27|0x0000000081b00000, 0x0000000081c00000, 0x0000000081c00000|100%|HC|  |TAMS 0x0000000081c00000, 0x0000000081b00000| Complete 
|  28|0x0000000081c00000, 0x0000000081d00000, 0x0000000081d00000|100%|HS|  |TAMS 0x0000000081d00000, 0x0000000081c00000| Complete 
|  29|0x0000000081d00000, 0x0000000081e00000, 0x0000000081e00000|100%|HC|  |TAMS 0x0000000081e00000, 0x0000000081d00000| Complete 
|  30|0x0000000081e00000, 0x0000000081f00000, 0x0000000081f00000|100%|HC|  |TAMS 0x0000000081f00000, 0x0000000081e00000| Complete 
|  31|0x0000000081f00000, 0x0000000082000000, 0x0000000082000000|100%| O|  |TAMS 0x0000000082000000, 0x0000000081f00000| Untracked 
|  32|0x0000000082000000, 0x0000000082100000, 0x0000000082100000|100%| O|  |TAMS 0x0000000082100000, 0x0000000082000000| Untracked 
|  33|0x0000000082100000, 0x0000000082200000, 0x0000000082200000|100%| O|  |TAMS 0x0000000082200000, 0x0000000082100000| Untracked 
|  34|0x0000000082200000, 0x0000000082300000, 0x0000000082300000|100%|HS|  |TAMS 0x0000000082300000, 0x0000000082200000| Complete 
|  35|0x0000000082300000, 0x0000000082400000, 0x0000000082400000|100%| O|  |TAMS 0x0000000082400000, 0x0000000082300000| Untracked 
|  36|0x0000000082400000, 0x0000000082500000, 0x0000000082500000|100%| O|  |TAMS 0x0000000082500000, 0x0000000082400000| Untracked 
|  37|0x0000000082500000, 0x0000000082600000, 0x0000000082600000|100%| O|  |TAMS 0x0000000082600000, 0x0000000082500000| Untracked 
|  38|0x0000000082600000, 0x0000000082700000, 0x0000000082700000|100%| O|  |TAMS 0x0000000082700000, 0x0000000082600000| Untracked 
|  39|0x0000000082700000, 0x0000000082800000, 0x0000000082800000|100%| O|  |TAMS 0x0000000082800000, 0x0000000082700000| Untracked 
|  40|0x0000000082800000, 0x0000000082900000, 0x0000000082900000|100%| O|  |TAMS 0x0000000082900000, 0x0000000082800000| Untracked 
|  41|0x0000000082900000, 0x0000000082a00000, 0x0000000082a00000|100%| O|  |TAMS 0x0000000082a00000, 0x0000000082900000| Untracked 
|  42|0x0000000082a00000, 0x0000000082b00000, 0x0000000082b00000|100%| O|  |TAMS 0x0000000082b00000, 0x0000000082a00000| Untracked 
|  43|0x0000000082b00000, 0x0000000082c00000, 0x0000000082c00000|100%| O|  |TAMS 0x0000000082c00000, 0x0000000082b00000| Untracked 
|  44|0x0000000082c00000, 0x0000000082d00000, 0x0000000082d00000|100%| O|  |TAMS 0x0000000082d00000, 0x0000000082c00000| Untracked 
|  45|0x0000000082d00000, 0x0000000082e00000, 0x0000000082e00000|100%|HS|  |TAMS 0x0000000082e00000, 0x0000000082d00000| Complete 
|  46|0x0000000082e00000, 0x0000000082f00000, 0x0000000082f00000|100%|HC|  |TAMS 0x0000000082f00000, 0x0000000082e00000| Complete 
|  47|0x0000000082f00000, 0x0000000083000000, 0x0000000083000000|100%|HC|  |TAMS 0x0000000083000000, 0x0000000082f00000| Complete 
|  48|0x0000000083000000, 0x0000000083100000, 0x0000000083100000|100%| O|  |TAMS 0x0000000083100000, 0x0000000083000000| Untracked 
|  49|0x0000000083100000, 0x0000000083200000, 0x0000000083200000|100%| O|  |TAMS 0x0000000083200000, 0x0000000083100000| Untracked 
|  50|0x0000000083200000, 0x0000000083300000, 0x0000000083300000|100%|HS|  |TAMS 0x0000000083300000, 0x0000000083200000| Complete 
|  51|0x0000000083300000, 0x0000000083400000, 0x0000000083400000|100%|HC|  |TAMS 0x0000000083400000, 0x0000000083300000| Complete 
|  52|0x0000000083400000, 0x0000000083500000, 0x0000000083500000|100%|HC|  |TAMS 0x0000000083500000, 0x0000000083400000| Complete 
|  53|0x0000000083500000, 0x0000000083600000, 0x0000000083600000|100%|HC|  |TAMS 0x0000000083600000, 0x0000000083500000| Complete 
|  54|0x0000000083600000, 0x0000000083700000, 0x0000000083700000|100%|HC|  |TAMS 0x0000000083700000, 0x0000000083600000| Complete 
|  55|0x0000000083700000, 0x0000000083800000, 0x0000000083800000|100%| O|  |TAMS 0x0000000083800000, 0x0000000083700000| Untracked 
|  56|0x0000000083800000, 0x0000000083900000, 0x0000000083900000|100%|HS|  |TAMS 0x0000000083900000, 0x0000000083800000| Complete 
|  57|0x0000000083900000, 0x0000000083a00000, 0x0000000083a00000|100%|HC|  |TAMS 0x0000000083a00000, 0x0000000083900000| Complete 
|  58|0x0000000083a00000, 0x0000000083b00000, 0x0000000083b00000|100%|HC|  |TAMS 0x0000000083b00000, 0x0000000083a00000| Complete 
|  59|0x0000000083b00000, 0x0000000083c00000, 0x0000000083c00000|100%|HC|  |TAMS 0x0000000083c00000, 0x0000000083b00000| Complete 
|  60|0x0000000083c00000, 0x0000000083d00000, 0x0000000083d00000|100%|HC|  |TAMS 0x0000000083d00000, 0x0000000083c00000| Complete 
|  61|0x0000000083d00000, 0x0000000083e00000, 0x0000000083e00000|100%| O|  |TAMS 0x0000000083e00000, 0x0000000083d00000| Untracked 
|  62|0x0000000083e00000, 0x0000000083f00000, 0x0000000083f00000|100%| O|  |TAMS 0x0000000083f00000, 0x0000000083e00000| Untracked 
|  63|0x0000000083f00000, 0x0000000084000000, 0x0000000084000000|100%| O|  |TAMS 0x0000000084000000, 0x0000000083f00000| Untracked 
|  64|0x0000000084000000, 0x0000000084100000, 0x0000000084100000|100%| O|  |TAMS 0x0000000084100000, 0x0000000084000000| Untracked 
|  65|0x0000000084100000, 0x0000000084200000, 0x0000000084200000|100%| O|  |TAMS 0x0000000084200000, 0x0000000084100000| Untracked 
|  66|0x0000000084200000, 0x0000000084300000, 0x0000000084300000|100%| O|  |TAMS 0x0000000084300000, 0x0000000084200000| Untracked 
|  67|0x0000000084300000, 0x0000000084400000, 0x0000000084400000|100%| O|  |TAMS 0x0000000084400000, 0x0000000084300000| Untracked 
|  68|0x0000000084400000, 0x0000000084500000, 0x0000000084500000|100%| O|  |TAMS 0x0000000084500000, 0x0000000084400000| Untracked 
|  69|0x0000000084500000, 0x0000000084600000, 0x0000000084600000|100%| O|  |TAMS 0x0000000084556600, 0x0000000084500000| Untracked 
|  70|0x0000000084600000, 0x0000000084700000, 0x0000000084700000|100%| O|  |TAMS 0x0000000084600000, 0x0000000084600000| Untracked 
|  71|0x0000000084700000, 0x0000000084800000, 0x0000000084800000|100%| O|  |TAMS 0x0000000084700000, 0x0000000084700000| Untracked 
|  72|0x0000000084800000, 0x0000000084900000, 0x0000000084900000|100%| O|  |TAMS 0x0000000084800000, 0x0000000084800000| Untracked 
|  73|0x0000000084900000, 0x0000000084a00000, 0x0000000084a00000|100%| O|  |TAMS 0x0000000084900000, 0x0000000084900000| Untracked 
|  74|0x0000000084a00000, 0x0000000084b00000, 0x0000000084b00000|100%|HS|  |TAMS 0x0000000084a00000, 0x0000000084a00000| Complete 
|  75|0x0000000084b00000, 0x0000000084c00000, 0x0000000084c00000|100%|HS|  |TAMS 0x0000000084b00000, 0x0000000084b00000| Complete 
|  76|0x0000000084c00000, 0x0000000084d00000, 0x0000000084d00000|100%|HS|  |TAMS 0x0000000084c00000, 0x0000000084c00000| Complete 
|  77|0x0000000084d00000, 0x0000000084e00000, 0x0000000084e00000|100%|HS|  |TAMS 0x0000000084d00000, 0x0000000084d00000| Complete 
|  78|0x0000000084e00000, 0x0000000084f00000, 0x0000000084f00000|100%|HS|  |TAMS 0x0000000084e00000, 0x0000000084e00000| Complete 
|  79|0x0000000084f00000, 0x0000000085000000, 0x0000000085000000|100%|HS|  |TAMS 0x0000000084f00000, 0x0000000084f00000| Complete 
|  80|0x0000000085000000, 0x0000000085100000, 0x0000000085100000|100%|HC|  |TAMS 0x0000000085000000, 0x0000000085000000| Complete 
|  81|0x0000000085100000, 0x0000000085200000, 0x0000000085200000|100%|HC|  |TAMS 0x0000000085100000, 0x0000000085100000| Complete 
|  82|0x0000000085200000, 0x0000000085300000, 0x0000000085300000|100%|HC|  |TAMS 0x0000000085200000, 0x0000000085200000| Complete 
|  83|0x0000000085300000, 0x0000000085400000, 0x0000000085400000|100%|HS|  |TAMS 0x0000000085300000, 0x0000000085300000| Complete 
|  84|0x0000000085400000, 0x0000000085500000, 0x0000000085500000|100%|HS|  |TAMS 0x0000000085400000, 0x0000000085400000| Complete 
|  85|0x0000000085500000, 0x0000000085600000, 0x0000000085600000|100%|HS|  |TAMS 0x0000000085500000, 0x0000000085500000| Complete 
|  86|0x0000000085600000, 0x0000000085700000, 0x0000000085700000|100%| O|  |TAMS 0x0000000085600000, 0x0000000085600000| Untracked 
|  87|0x0000000085700000, 0x0000000085800000, 0x0000000085800000|100%| O|  |TAMS 0x0000000085700000, 0x0000000085700000| Untracked 
|  88|0x0000000085800000, 0x0000000085900000, 0x0000000085900000|100%| O|  |TAMS 0x0000000085800000, 0x0000000085800000| Untracked 
|  89|0x0000000085900000, 0x0000000085a00000, 0x0000000085a00000|100%| O|  |TAMS 0x0000000085900000, 0x0000000085900000| Untracked 
|  90|0x0000000085a00000, 0x0000000085b00000, 0x0000000085b00000|100%| O|  |TAMS 0x0000000085a00000, 0x0000000085a00000| Untracked 
|  91|0x0000000085b00000, 0x0000000085c00000, 0x0000000085c00000|100%| O|  |TAMS 0x0000000085b00000, 0x0000000085b00000| Untracked 
|  92|0x0000000085c00000, 0x0000000085d00000, 0x0000000085d00000|100%| O|  |TAMS 0x0000000085c00000, 0x0000000085c00000| Untracked 
|  93|0x0000000085d00000, 0x0000000085d85000, 0x0000000085e00000| 51%| O|  |TAMS 0x0000000085d00000, 0x0000000085d00000| Untracked 
|  94|0x0000000085e00000, 0x0000000085e00000, 0x0000000085f00000|  0%| F|  |TAMS 0x0000000085e00000, 0x0000000085e00000| Untracked 
|  95|0x0000000085f00000, 0x0000000085f00000, 0x0000000086000000|  0%| F|  |TAMS 0x0000000085f00000, 0x0000000085f00000| Untracked 
|  96|0x0000000086000000, 0x0000000086000000, 0x0000000086100000|  0%| F|  |TAMS 0x0000000086000000, 0x0000000086000000| Untracked 
|  97|0x0000000086100000, 0x0000000086100000, 0x0000000086200000|  0%| F|  |TAMS 0x0000000086100000, 0x0000000086100000| Untracked 
|  98|0x0000000086200000, 0x0000000086200000, 0x0000000086300000|  0%| F|  |TAMS 0x0000000086200000, 0x0000000086200000| Untracked 
|  99|0x0000000086300000, 0x0000000086300000, 0x0000000086400000|  0%| F|  |TAMS 0x0000000086300000, 0x0000000086300000| Untracked 
| 100|0x0000000086400000, 0x0000000086400000, 0x0000000086500000|  0%| F|  |TAMS 0x0000000086400000, 0x0000000086400000| Untracked 
| 101|0x0000000086500000, 0x0000000086500000, 0x0000000086600000|  0%| F|  |TAMS 0x0000000086500000, 0x0000000086500000| Untracked 
| 102|0x0000000086600000, 0x0000000086600000, 0x0000000086700000|  0%| F|  |TAMS 0x0000000086600000, 0x0000000086600000| Untracked 
| 103|0x0000000086700000, 0x0000000086700000, 0x0000000086800000|  0%| F|  |TAMS 0x0000000086700000, 0x0000000086700000| Untracked 
| 104|0x0000000086800000, 0x0000000086800000, 0x0000000086900000|  0%| F|  |TAMS 0x0000000086800000, 0x0000000086800000| Untracked 
| 105|0x0000000086900000, 0x0000000086900000, 0x0000000086a00000|  0%| F|  |TAMS 0x0000000086900000, 0x0000000086900000| Untracked 
| 106|0x0000000086a00000, 0x0000000086a00000, 0x0000000086b00000|  0%| F|  |TAMS 0x0000000086a00000, 0x0000000086a00000| Untracked 
| 107|0x0000000086b00000, 0x0000000086b00000, 0x0000000086c00000|  0%| F|  |TAMS 0x0000000086b00000, 0x0000000086b00000| Untracked 
| 108|0x0000000086c00000, 0x0000000086c00000, 0x0000000086d00000|  0%| F|  |TAMS 0x0000000086c00000, 0x0000000086c00000| Untracked 
| 109|0x0000000086d00000, 0x0000000086d00000, 0x0000000086e00000|  0%| F|  |TAMS 0x0000000086d00000, 0x0000000086d00000| Untracked 
| 110|0x0000000086e00000, 0x0000000086e00000, 0x0000000086f00000|  0%| F|  |TAMS 0x0000000086e00000, 0x0000000086e00000| Untracked 
| 111|0x0000000086f00000, 0x0000000086f00000, 0x0000000087000000|  0%| F|  |TAMS 0x0000000086f00000, 0x0000000086f00000| Untracked 
| 112|0x0000000087000000, 0x0000000087000000, 0x0000000087100000|  0%| F|  |TAMS 0x0000000087000000, 0x0000000087000000| Untracked 
| 113|0x0000000087100000, 0x0000000087100000, 0x0000000087200000|  0%| F|  |TAMS 0x0000000087100000, 0x0000000087100000| Untracked 
| 114|0x0000000087200000, 0x0000000087200000, 0x0000000087300000|  0%| F|  |TAMS 0x0000000087200000, 0x0000000087200000| Untracked 
| 115|0x0000000087300000, 0x0000000087300000, 0x0000000087400000|  0%| F|  |TAMS 0x0000000087300000, 0x0000000087300000| Untracked 
| 116|0x0000000087400000, 0x0000000087400000, 0x0000000087500000|  0%| F|  |TAMS 0x0000000087400000, 0x0000000087400000| Untracked 
| 117|0x0000000087500000, 0x0000000087500000, 0x0000000087600000|  0%| F|  |TAMS 0x0000000087500000, 0x0000000087500000| Untracked 
| 118|0x0000000087600000, 0x0000000087600000, 0x0000000087700000|  0%| F|  |TAMS 0x0000000087600000, 0x0000000087600000| Untracked 
| 119|0x0000000087700000, 0x0000000087700000, 0x0000000087800000|  0%| F|  |TAMS 0x0000000087700000, 0x0000000087700000| Untracked 
| 120|0x0000000087800000, 0x0000000087800000, 0x0000000087900000|  0%| F|  |TAMS 0x0000000087800000, 0x0000000087800000| Untracked 
| 121|0x0000000087900000, 0x0000000087900000, 0x0000000087a00000|  0%| F|  |TAMS 0x0000000087900000, 0x0000000087900000| Untracked 
| 122|0x0000000087a00000, 0x0000000087a00000, 0x0000000087b00000|  0%| F|  |TAMS 0x0000000087a00000, 0x0000000087a00000| Untracked 
| 123|0x0000000087b00000, 0x0000000087b00000, 0x0000000087c00000|  0%| F|  |TAMS 0x0000000087b00000, 0x0000000087b00000| Untracked 
| 124|0x0000000087c00000, 0x0000000087c00000, 0x0000000087d00000|  0%| F|  |TAMS 0x0000000087c00000, 0x0000000087c00000| Untracked 
| 125|0x0000000087d00000, 0x0000000087d00000, 0x0000000087e00000|  0%| F|  |TAMS 0x0000000087d00000, 0x0000000087d00000| Untracked 
| 126|0x0000000087e00000, 0x0000000087e00000, 0x0000000087f00000|  0%| F|  |TAMS 0x0000000087e00000, 0x0000000087e00000| Untracked 
| 127|0x0000000087f00000, 0x0000000087f00000, 0x0000000088000000|  0%| F|  |TAMS 0x0000000087f00000, 0x0000000087f00000| Untracked 
| 128|0x0000000088000000, 0x0000000088000000, 0x0000000088100000|  0%| F|  |TAMS 0x0000000088000000, 0x0000000088000000| Untracked 
| 129|0x0000000088100000, 0x0000000088100000, 0x0000000088200000|  0%| F|  |TAMS 0x0000000088100000, 0x0000000088100000| Untracked 
| 130|0x0000000088200000, 0x0000000088200000, 0x0000000088300000|  0%| F|  |TAMS 0x0000000088200000, 0x0000000088200000| Untracked 
| 131|0x0000000088300000, 0x0000000088300000, 0x0000000088400000|  0%| F|  |TAMS 0x0000000088300000, 0x0000000088300000| Untracked 
| 132|0x0000000088400000, 0x0000000088400000, 0x0000000088500000|  0%| F|  |TAMS 0x0000000088400000, 0x0000000088400000| Untracked 
| 133|0x0000000088500000, 0x0000000088500000, 0x0000000088600000|  0%| F|  |TAMS 0x0000000088500000, 0x0000000088500000| Untracked 
| 134|0x0000000088600000, 0x0000000088600000, 0x0000000088700000|  0%| F|  |TAMS 0x0000000088600000, 0x0000000088600000| Untracked 
| 135|0x0000000088700000, 0x0000000088700000, 0x0000000088800000|  0%| F|  |TAMS 0x0000000088700000, 0x0000000088700000| Untracked 
| 136|0x0000000088800000, 0x00000000888c81d0, 0x0000000088900000| 78%| S|CS|TAMS 0x0000000088800000, 0x0000000088800000| Complete 
| 137|0x0000000088900000, 0x0000000088900000, 0x0000000088a00000|  0%| F|  |TAMS 0x0000000088900000, 0x0000000088900000| Untracked 
| 138|0x0000000088a00000, 0x0000000088a00000, 0x0000000088b00000|  0%| F|  |TAMS 0x0000000088a00000, 0x0000000088a00000| Untracked 
| 139|0x0000000088b00000, 0x0000000088b00000, 0x0000000088c00000|  0%| F|  |TAMS 0x0000000088b00000, 0x0000000088b00000| Untracked 

Card table byte_map: [0x000002e59be00000,0x000002e59c200000] _byte_map_base: 0x000002e59ba00000

Marking Bits (Prev, Next): (CMBitMap*) 0x000002e58925a5b0, (CMBitMap*) 0x000002e58925a5f0
 Prev Bits: [0x000002e59c600000, 0x000002e59e600000)
 Next Bits: [0x000002e59e600000, 0x000002e5a0600000)

Polling page: 0x000002e5889b0000

Metaspace:

Usage:
  Non-class:     50.76 MB used.
      Class:      8.00 MB used.
       Both:     58.76 MB used.

Virtual space:
  Non-class space:       64.00 MB reserved,      51.06 MB ( 80%) committed,  1 nodes.
      Class space:        1.00 GB reserved,       8.25 MB ( <1%) committed,  1 nodes.
             Both:        1.06 GB reserved,      59.31 MB (  5%) committed. 

Chunk freelists:
   Non-Class:  12.06 MB
       Class:  7.75 MB
        Both:  19.81 MB

MaxMetaspaceSize: unlimited
CompressedClassSpaceSize: 1.00 GB
Initial GC threshold: 21.00 MB
Current GC threshold: 96.81 MB
CDS: off
MetaspaceReclaimPolicy: balanced
 - commit_granule_bytes: 65536.
 - commit_granule_words: 8192.
 - virtual_space_node_default_size: 8388608.
 - enlarge_chunks_in_place: 1.
 - new_chunks_are_fully_committed: 0.
 - uncommit_free_chunks: 1.
 - use_allocation_guard: 0.
 - handle_deallocations: 1.


Internal statistics:

num_allocs_failed_limit: 3.
num_arena_births: 632.
num_arena_deaths: 4.
num_vsnodes_births: 2.
num_vsnodes_deaths: 0.
num_space_committed: 949.
num_space_uncommitted: 0.
num_chunks_returned_to_freelist: 8.
num_chunks_taken_from_freelist: 2709.
num_chunk_merges: 3.
num_chunk_splits: 1757.
num_chunks_enlarged: 1193.
num_inconsistent_stats: 0.

CodeHeap 'non-profiled nmethods': size=120000Kb used=3334Kb max_used=3334Kb free=116665Kb
 bounds [0x000002e5941a0000, 0x000002e5944f0000, 0x000002e59b6d0000]
CodeHeap 'profiled nmethods': size=120000Kb used=11189Kb max_used=11189Kb free=108810Kb
 bounds [0x000002e58c6d0000, 0x000002e58d1c0000, 0x000002e593c00000]
CodeHeap 'non-nmethods': size=5760Kb used=2324Kb max_used=2406Kb free=3435Kb
 bounds [0x000002e593c00000, 0x000002e593e70000, 0x000002e5941a0000]
 total_blobs=6796 nmethods=5950 adapters=757
 compilation: enabled
              stopped_count=0, restarted_count=0
 full_count=0

Compilation events (20 events):
Event: 7.116 Thread 0x000002e5a32163a0 6669       3       org.objectweb.asm.ByteVector::putUTF8 (144 bytes)
Event: 7.117 Thread 0x000002e5a32163a0 nmethod 6669 0x000002e58d1b8590 code [0x000002e58d1b8800, 0x000002e58d1b9348]
Event: 7.117 Thread 0x000002e5a32163a0 6671       1       org.gradle.internal.instantiation.generator.AbstractClassGenerator$MethodMetadata::getGenericReturnType (5 bytes)
Event: 7.117 Thread 0x000002e5a32163a0 nmethod 6671 0x000002e5944de710 code [0x000002e5944de8a0, 0x000002e5944de978]
Event: 7.118 Thread 0x000002e5a96292c0 nmethod 6659 0x000002e5944dea10 code [0x000002e5944debc0, 0x000002e5944defe8]
Event: 7.118 Thread 0x000002e5a96292c0 6670       4       org.objectweb.asm.Frame::push (59 bytes)
Event: 7.121 Thread 0x000002e5a356d8e0 nmethod 6664 0x000002e5944df390 code [0x000002e5944df540, 0x000002e5944e00c8]
Event: 7.128 Thread 0x000002e5a96292c0 nmethod 6670 0x000002e5944e0510 code [0x000002e5944e0720, 0x000002e5944e13f0]
Event: 7.134 Thread 0x000002e5a32163a0 6672       3       org.gradle.internal.classloader.VisitableURLClassLoader$InstrumentingVisitableURLClassLoader::instrumentClass (10 bytes)
Event: 7.135 Thread 0x000002e5a32163a0 nmethod 6672 0x000002e58d1b9890 code [0x000002e58d1b9aa0, 0x000002e58d1ba038]
Event: 7.135 Thread 0x000002e5a32163a0 6673   !   3       org.gradle.internal.classloader.TransformReplacer::getInstrumentedClass (34 bytes)
Event: 7.135 Thread 0x000002e5a32163a0 nmethod 6673 0x000002e58d1ba310 code [0x000002e58d1ba500, 0x000002e58d1baa18]
Event: 7.135 Thread 0x000002e5a32163a0 6674  s!   3       org.gradle.internal.classloader.TransformReplacer$JarLoader::loadTransformedClass (56 bytes)
Event: 7.135 Thread 0x000002e5a32163a0 nmethod 6674 0x000002e58d1bac90 code [0x000002e58d1baf60, 0x000002e58d1bbea8]
Event: 7.135 Thread 0x000002e5a32163a0 6675       3       org.gradle.internal.io.StreamByteBuffer::readFully (27 bytes)
Event: 7.135 Thread 0x000002e5a32163a0 nmethod 6675 0x000002e58d1bc490 code [0x000002e58d1bc660, 0x000002e58d1bc8d8]
Event: 7.137 Thread 0x000002e5a32163a0 6676       3       java.util.zip.ZipFile$ZipFileInflaterInputStream::available (44 bytes)
Event: 7.137 Thread 0x000002e5a32163a0 nmethod 6676 0x000002e58d1bca10 code [0x000002e58d1bcbe0, 0x000002e58d1bcf48]
Event: 7.137 Thread 0x000002e5a32163a0 6677   !   3       java.util.zip.Inflater::getBytesWritten (23 bytes)
Event: 7.138 Thread 0x000002e5a32163a0 nmethod 6677 0x000002e58d1bd090 code [0x000002e58d1bd240, 0x000002e58d1bd468]

GC Heap History (20 events):
Event: 5.306 GC heap after
{Heap after GC invocations=21 (full 0):
 garbage-first heap   total 91136K, used 49521K [0x0000000080000000, 0x0000000100000000)
  region size 1024K, 4 young (4096K), 4 survivors (4096K)
 Metaspace       used 50480K, committed 51008K, reserved 1114112K
  class space    used 6834K, committed 7040K, reserved 1048576K
}
Event: 5.411 GC heap before
{Heap before GC invocations=22 (full 0):
 garbage-first heap   total 102400K, used 62833K [0x0000000080000000, 0x0000000100000000)
  region size 1024K, 11 young (11264K), 4 survivors (4096K)
 Metaspace       used 50736K, committed 51200K, reserved 1114112K
  class space    used 6882K, committed 7104K, reserved 1048576K
}
Event: 5.414 GC heap after
{Heap after GC invocations=23 (full 0):
 garbage-first heap   total 102400K, used 60119K [0x0000000080000000, 0x0000000100000000)
  region size 1024K, 4 young (4096K), 4 survivors (4096K)
 Metaspace       used 50736K, committed 51200K, reserved 1114112K
  class space    used 6882K, committed 7104K, reserved 1048576K
}
Event: 5.462 GC heap before
{Heap before GC invocations=24 (full 0):
 garbage-first heap   total 116736K, used 69335K [0x0000000080000000, 0x0000000100000000)
  region size 1024K, 10 young (10240K), 4 survivors (4096K)
 Metaspace       used 51086K, committed 51584K, reserved 1114112K
  class space    used 6906K, committed 7104K, reserved 1048576K
}
Event: 5.466 GC heap after
{Heap after GC invocations=25 (full 0):
 garbage-first heap   total 116736K, used 66992K [0x0000000080000000, 0x0000000100000000)
  region size 1024K, 2 young (2048K), 2 survivors (2048K)
 Metaspace       used 51086K, committed 51584K, reserved 1114112K
  class space    used 6906K, committed 7104K, reserved 1048576K
}
Event: 5.683 GC heap before
{Heap before GC invocations=26 (full 0):
 garbage-first heap   total 117760K, used 85424K [0x0000000080000000, 0x0000000100000000)
  region size 1024K, 19 young (19456K), 2 survivors (2048K)
 Metaspace       used 52883K, committed 53376K, reserved 1114112K
  class space    used 7066K, committed 7296K, reserved 1048576K
}
Event: 5.686 GC heap after
{Heap after GC invocations=27 (full 0):
 garbage-first heap   total 117760K, used 67742K [0x0000000080000000, 0x0000000100000000)
  region size 1024K, 3 young (3072K), 3 survivors (3072K)
 Metaspace       used 52883K, committed 53376K, reserved 1114112K
  class space    used 7066K, committed 7296K, reserved 1048576K
}
Event: 5.939 GC heap before
{Heap before GC invocations=27 (full 0):
 garbage-first heap   total 117760K, used 86174K [0x0000000080000000, 0x0000000100000000)
  region size 1024K, 21 young (21504K), 3 survivors (3072K)
 Metaspace       used 54033K, committed 54592K, reserved 1114112K
  class space    used 7270K, committed 7488K, reserved 1048576K
}
Event: 5.945 GC heap after
{Heap after GC invocations=28 (full 0):
 garbage-first heap   total 117760K, used 69118K [0x0000000080000000, 0x0000000100000000)
  region size 1024K, 2 young (2048K), 2 survivors (2048K)
 Metaspace       used 54033K, committed 54592K, reserved 1114112K
  class space    used 7270K, committed 7488K, reserved 1048576K
}
Event: 6.227 GC heap before
{Heap before GC invocations=29 (full 0):
 garbage-first heap   total 122880K, used 88574K [0x0000000080000000, 0x0000000100000000)
  region size 1024K, 21 young (21504K), 2 survivors (2048K)
 Metaspace       used 55809K, committed 56320K, reserved 1114112K
  class space    used 7594K, committed 7808K, reserved 1048576K
}
Event: 6.230 GC heap after
{Heap after GC invocations=30 (full 0):
 garbage-first heap   total 122880K, used 70631K [0x0000000080000000, 0x0000000100000000)
  region size 1024K, 2 young (2048K), 2 survivors (2048K)
 Metaspace       used 55809K, committed 56320K, reserved 1114112K
  class space    used 7594K, committed 7808K, reserved 1048576K
}
Event: 6.600 GC heap before
{Heap before GC invocations=30 (full 0):
 garbage-first heap   total 122880K, used 94183K [0x0000000080000000, 0x0000000100000000)
  region size 1024K, 25 young (25600K), 2 survivors (2048K)
 Metaspace       used 58132K, committed 58816K, reserved 1114112K
  class space    used 7949K, committed 8256K, reserved 1048576K
}
Event: 6.603 GC heap after
{Heap after GC invocations=31 (full 0):
 garbage-first heap   total 122880K, used 72405K [0x0000000080000000, 0x0000000100000000)
  region size 1024K, 4 young (4096K), 4 survivors (4096K)
 Metaspace       used 58132K, committed 58816K, reserved 1114112K
  class space    used 7949K, committed 8256K, reserved 1048576K
}
Event: 6.884 GC heap before
{Heap before GC invocations=32 (full 0):
 garbage-first heap   total 124928K, used 94933K [0x0000000080000000, 0x0000000100000000)
  region size 1024K, 27 young (27648K), 4 survivors (4096K)
 Metaspace       used 58616K, committed 59264K, reserved 1114112K
  class space    used 7998K, committed 8256K, reserved 1048576K
}
Event: 6.889 GC heap after
{Heap after GC invocations=33 (full 0):
 garbage-first heap   total 124928K, used 74640K [0x0000000080000000, 0x0000000100000000)
  region size 1024K, 4 young (4096K), 4 survivors (4096K)
 Metaspace       used 58616K, committed 59264K, reserved 1114112K
  class space    used 7998K, committed 8256K, reserved 1048576K
}
Event: 6.988 GC heap before
{Heap before GC invocations=33 (full 0):
 garbage-first heap   total 124928K, used 87952K [0x0000000080000000, 0x0000000100000000)
  region size 1024K, 19 young (19456K), 4 survivors (4096K)
 Metaspace       used 58774K, committed 59456K, reserved 1114112K
  class space    used 8010K, committed 8320K, reserved 1048576K
}
Event: 6.991 GC heap after
{Heap after GC invocations=34 (full 0):
 garbage-first heap   total 124928K, used 75553K [0x0000000080000000, 0x0000000100000000)
  region size 1024K, 1 young (1024K), 1 survivors (1024K)
 Metaspace       used 58774K, committed 59456K, reserved 1114112K
  class space    used 8010K, committed 8320K, reserved 1048576K
}
Event: 7.150 GC heap before
{Heap before GC invocations=35 (full 0):
 garbage-first heap   total 143360K, used 111393K [0x0000000080000000, 0x0000000100000000)
  region size 1024K, 25 young (25600K), 1 survivors (1024K)
 Metaspace       used 60008K, committed 60608K, reserved 1114112K
  class space    used 8178K, committed 8448K, reserved 1048576K
}
Event: 7.153 GC heap after
{Heap after GC invocations=36 (full 0):
 garbage-first heap   total 143360K, used 93739K [0x0000000080000000, 0x0000000100000000)
  region size 1024K, 4 young (4096K), 4 survivors (4096K)
 Metaspace       used 60008K, committed 60608K, reserved 1114112K
  class space    used 8178K, committed 8448K, reserved 1048576K
}
Event: 7.165 GC heap before
{Heap before GC invocations=36 (full 0):
 garbage-first heap   total 143360K, used 97835K [0x0000000080000000, 0x0000000100000000)
  region size 1024K, 7 young (7168K), 4 survivors (4096K)
 Metaspace       used 60172K, committed 60736K, reserved 1114112K
  class space    used 8194K, committed 8448K, reserved 1048576K
}

Dll operation events (3 events):
Event: 0.006 Loaded shared library C:\Program Files\Android\Android Studio\jbr\bin\java.dll
Event: 0.111 Loaded shared library C:\Program Files\Android\Android Studio\jbr\bin\zip.dll
Event: 0.384 Loaded shared library C:\Program Files\Android\Android Studio\jbr\bin\verify.dll

Deoptimization events (20 events):
Event: 7.090 Thread 0x000002e5a8b5d870 Uncommon trap: trap_request=0xffffff3d fr.pc=0x000002e594375af4 relative=0x0000000000000d54
Event: 7.090 Thread 0x000002e5a8b5d870 Uncommon trap: reason=unstable_fused_if action=reinterpret pc=0x000002e594375af4 method=org.objectweb.asm.ByteVector.putUTF8(Ljava/lang/String;)Lorg/objectweb/asm/ByteVector; @ 93 c2
Event: 7.090 Thread 0x000002e5a8b5d870 DEOPT PACKING pc=0x000002e594375af4 sp=0x000000fa8a4f5030
Event: 7.090 Thread 0x000002e5a8b5d870 DEOPT UNPACKING pc=0x000002e593c569a3 sp=0x000000fa8a4f4f88 mode 2
Event: 7.116 Thread 0x000002e5a8b5d870 Uncommon trap: trap_request=0xffffff3d fr.pc=0x000002e594359b50 relative=0x0000000000000210
Event: 7.116 Thread 0x000002e5a8b5d870 Uncommon trap: reason=unstable_fused_if action=reinterpret pc=0x000002e594359b50 method=org.objectweb.asm.ByteVector.putUTF8(Ljava/lang/String;)Lorg/objectweb/asm/ByteVector; @ 93 c2
Event: 7.116 Thread 0x000002e5a8b5d870 DEOPT PACKING pc=0x000002e594359b50 sp=0x000000fa8a4f6a40
Event: 7.116 Thread 0x000002e5a8b5d870 DEOPT UNPACKING pc=0x000002e593c569a3 sp=0x000000fa8a4f69c0 mode 2
Event: 7.120 Thread 0x000002e5a8b5d870 Uncommon trap: trap_request=0xffffffde fr.pc=0x000002e5943badb8 relative=0x00000000000008b8
Event: 7.120 Thread 0x000002e5a8b5d870 Uncommon trap: reason=class_check action=maybe_recompile pc=0x000002e5943badb8 method=java.io.BufferedInputStream.read1([BII)I @ 39 c2
Event: 7.120 Thread 0x000002e5a8b5d870 DEOPT PACKING pc=0x000002e5943badb8 sp=0x000000fa8a4f67b0
Event: 7.120 Thread 0x000002e5a8b5d870 DEOPT UNPACKING pc=0x000002e593c569a3 sp=0x000000fa8a4f66c8 mode 2
Event: 7.120 Thread 0x000002e5a8b5d870 Uncommon trap: trap_request=0xffffffde fr.pc=0x000002e5943badb8 relative=0x00000000000008b8
Event: 7.120 Thread 0x000002e5a8b5d870 Uncommon trap: reason=class_check action=maybe_recompile pc=0x000002e5943badb8 method=java.io.BufferedInputStream.read1([BII)I @ 39 c2
Event: 7.120 Thread 0x000002e5a8b5d870 DEOPT PACKING pc=0x000002e5943badb8 sp=0x000000fa8a4f67b0
Event: 7.120 Thread 0x000002e5a8b5d870 DEOPT UNPACKING pc=0x000002e593c569a3 sp=0x000000fa8a4f66c8 mode 2
Event: 7.120 Thread 0x000002e5a8b5d870 Uncommon trap: trap_request=0xffffffde fr.pc=0x000002e5943badb8 relative=0x00000000000008b8
Event: 7.120 Thread 0x000002e5a8b5d870 Uncommon trap: reason=class_check action=maybe_recompile pc=0x000002e5943badb8 method=java.io.BufferedInputStream.read1([BII)I @ 39 c2
Event: 7.120 Thread 0x000002e5a8b5d870 DEOPT PACKING pc=0x000002e5943badb8 sp=0x000000fa8a4f67b0
Event: 7.120 Thread 0x000002e5a8b5d870 DEOPT UNPACKING pc=0x000002e593c569a3 sp=0x000000fa8a4f66c8 mode 2

Classes unloaded (2 events):
Event: 5.980 Thread 0x000002e5a309ed20 Unloading class 0x00000001006d8800 'java/lang/invoke/LambdaForm$DMH+0x00000001006d8800'
Event: 5.980 Thread 0x000002e5a309ed20 Unloading class 0x00000001006c9400 'java/lang/invoke/LambdaForm$DMH+0x00000001006c9400'

Classes redefined (0 events):
No events

Internal exceptions (20 events):
Event: 6.408 Thread 0x000002e5a8b5d870 Exception <a 'java/lang/NoSuchMethodError'{0x0000000086a8fdf8}: 'java.lang.Object java.lang.invoke.DirectMethodHandle$Holder.invokeSpecial(java.lang.Object, java.lang.Object, java.lang.Object, java.lang.Object, java.lang.Object, java.lang.Object, int)'> (0x0000000086a8fdf8) 
thrown [s\src\hotspot\share\interpreter\linkResolver.cpp, line 771]
Event: 6.409 Thread 0x000002e5a8b5d870 Exception <a 'java/lang/NoSuchMethodError'{0x0000000086a94e80}: 'java.lang.Object java.lang.invoke.Invokers$Holder.linkToTargetMethod(java.lang.Object, java.lang.Object, java.lang.Object, java.lang.Object, int, java.lang.Object)'> (0x0000000086a94e80) 
thrown [s\src\hotspot\share\interpreter\linkResolver.cpp, line 771]
Event: 6.414 Thread 0x000002e5a8b5d870 Exception <a 'java/lang/NoSuchMethodError'{0x0000000086ac6d90}: 'java.lang.Object java.lang.invoke.DirectMethodHandle$Holder.invokeSpecial(java.lang.Object, java.lang.Object, java.lang.Object, java.lang.Object, java.lang.Object, long)'> (0x0000000086ac6d90) 
thrown [s\src\hotspot\share\interpreter\linkResolver.cpp, line 771]
Event: 6.416 Thread 0x000002e5a8b5d870 Exception <a 'java/lang/NoSuchMethodError'{0x0000000086ae9378}: 'void java.lang.invoke.DirectMethodHandle$Holder.invokeStatic(java.lang.Object, java.lang.Object, java.lang.Object, int, java.lang.Object)'> (0x0000000086ae9378) 
thrown [s\src\hotspot\share\interpreter\linkResolver.cpp, line 771]
Event: 6.456 Thread 0x000002e5a8b5d870 Exception <a 'java/lang/NoSuchMethodError'{0x00000000868b44a8}: 'java.lang.Object java.lang.invoke.DelegatingMethodHandle$Holder.reinvoke_L(java.lang.Object, java.lang.Object, java.lang.Object, java.lang.Object, java.lang.Object, java.lang.Object, java.lang.Object, java.lang.Object, java.lang.Object, java.lang.Object, java.lang.Object, java.lang.Object, java.lang.Object, java.lang.Object, java.lang.Object, java.lang.Object, java.lang.Object, java.lang.Object, java.lang.Object, java.lang.Object, java.lang.O
Event: 6.457 Thread 0x000002e5a8b5d870 Exception <a 'java/lang/NoSuchMethodError'{0x00000000868c0970}: 'java.lang.Object java.lang.invoke.DirectMethodHandle$Holder.invokeSpecial(java.lang.Object, java.lang.Object, java.lang.Object, java.lang.Object, java.lang.Object, java.lang.Object, java.lang.Object, java.lang.Object, java.lang.Object, java.lang.Object, java.lang.Object, java.lang.Object, java.lang.Object, java.lang.Object, java.lang.Object, java.lang.Object, java.lang.Object, java.lang.Object, java.lang.Object, java.lang.Object, java.lang.Ob
Event: 6.457 Thread 0x000002e5a8b5d870 Exception <a 'java/lang/NoSuchMethodError'{0x00000000868c7098}: 'java.lang.Object java.lang.invoke.Invokers$Holder.invoker(java.lang.Object, java.lang.Object, java.lang.Object, java.lang.Object, java.lang.Object, java.lang.Object, java.lang.Object, java.lang.Object, java.lang.Object, java.lang.Object, java.lang.Object, java.lang.Object, java.lang.Object, java.lang.Object, java.lang.Object, java.lang.Object, java.lang.Object, java.lang.Object, java.lang.Object, java.lang.Object, java.lang.Object, java.lang.
Event: 6.457 Thread 0x000002e5a8b5d870 Exception <a 'java/lang/NoSuchMethodError'{0x00000000868ce6e8}: 'java.lang.Object java.lang.invoke.DelegatingMethodHandle$Holder.delegate(java.lang.Object, java.lang.Object, java.lang.Object, java.lang.Object, java.lang.Object, java.lang.Object, java.lang.Object, java.lang.Object, java.lang.Object, java.lang.Object, java.lang.Object, java.lang.Object, java.lang.Object, java.lang.Object, java.lang.Object, java.lang.Object, java.lang.Object, java.lang.Object, java.lang.Object, java.lang.Object, java.lang.Obj
Event: 6.465 Thread 0x000002e5a8b5d870 Exception <a 'java/lang/NoSuchMethodError'{0x000000008675e258}: 'java.lang.Object java.lang.invoke.DirectMethodHandle$Holder.invokeStatic(java.lang.Object, java.lang.Object, java.lang.Object, java.lang.Object, java.lang.Object, java.lang.Object, java.lang.Object, java.lang.Object, java.lang.Object, java.lang.Object, java.lang.Object, java.lang.Object, java.lang.Object, java.lang.Object, java.lang.Object, java.lang.Object, java.lang.Object)'> (0x000000008675e258) 
thrown [s\src\hotspot\share\interpreter\lin
Event: 6.467 Thread 0x000002e5a8b5d870 Exception <a 'java/lang/NoSuchMethodError'{0x00000000867884a8}: 'java.lang.Object java.lang.invoke.DirectMethodHandle$Holder.invokeStatic(java.lang.Object, java.lang.Object, java.lang.Object, java.lang.Object, java.lang.Object, java.lang.Object, java.lang.Object, java.lang.Object, java.lang.Object, java.lang.Object, java.lang.Object, java.lang.Object, java.lang.Object, java.lang.Object, java.lang.Object, java.lang.Object, java.lang.Object, java.lang.Object)'> (0x00000000867884a8) 
thrown [s\src\hotspot\sha
Event: 6.470 Thread 0x000002e5a8b5d870 Exception <a 'java/lang/NoSuchMethodError'{0x00000000867b34b0}: 'java.lang.Object java.lang.invoke.DirectMethodHandle$Holder.invokeStatic(java.lang.Object, java.lang.Object, java.lang.Object, java.lang.Object, java.lang.Object, java.lang.Object, java.lang.Object, java.lang.Object, java.lang.Object, java.lang.Object, java.lang.Object, java.lang.Object, java.lang.Object, java.lang.Object, java.lang.Object, java.lang.Object, java.lang.Object, java.lang.Object, java.lang.Object)'> (0x00000000867b34b0) 
thrown 
Event: 6.472 Thread 0x000002e5a8b5d870 Exception <a 'java/lang/NoSuchMethodError'{0x00000000867df790}: 'java.lang.Object java.lang.invoke.DirectMethodHandle$Holder.invokeStatic(java.lang.Object, java.lang.Object, java.lang.Object, java.lang.Object, java.lang.Object, java.lang.Object, java.lang.Object, java.lang.Object, java.lang.Object, java.lang.Object, java.lang.Object, java.lang.Object, java.lang.Object, java.lang.Object, java.lang.Object, java.lang.Object, java.lang.Object, java.lang.Object, java.lang.Object, java.lang.Object)'> (0x00000000
Event: 6.474 Thread 0x000002e5a8b5d870 Exception <a 'java/lang/NoSuchMethodError'{0x000000008660ce90}: 'java.lang.Object java.lang.invoke.DirectMethodHandle$Holder.invokeStatic(java.lang.Object, java.lang.Object, java.lang.Object, java.lang.Object, java.lang.Object, java.lang.Object, java.lang.Object, java.lang.Object, java.lang.Object, java.lang.Object, java.lang.Object, java.lang.Object, java.lang.Object, java.lang.Object, java.lang.Object, java.lang.Object, java.lang.Object, java.lang.Object, java.lang.Object, java.lang.Object, java.lang.Obj
Event: 6.477 Thread 0x000002e5a8b5d870 Exception <a 'java/lang/NoSuchMethodError'{0x000000008663ad98}: 'java.lang.Object java.lang.invoke.DirectMethodHandle$Holder.invokeStatic(java.lang.Object, java.lang.Object, java.lang.Object, java.lang.Object, java.lang.Object, java.lang.Object, java.lang.Object, java.lang.Object, java.lang.Object, java.lang.Object, java.lang.Object, java.lang.Object, java.lang.Object, java.lang.Object, java.lang.Object, java.lang.Object, java.lang.Object, java.lang.Object, java.lang.Object, java.lang.Object, java.lang.Obj
Event: 6.480 Thread 0x000002e5a8b5d870 Exception <a 'java/lang/NoSuchMethodError'{0x00000000866696d0}: 'java.lang.Object java.lang.invoke.DirectMethodHandle$Holder.invokeStatic(java.lang.Object, java.lang.Object, java.lang.Object, java.lang.Object, java.lang.Object, java.lang.Object, java.lang.Object, java.lang.Object, java.lang.Object, java.lang.Object, java.lang.Object, java.lang.Object, java.lang.Object, java.lang.Object, java.lang.Object, java.lang.Object, java.lang.Object, java.lang.Object, java.lang.Object, java.lang.Object, java.lang.Obj
Event: 6.483 Thread 0x000002e5a8b5d870 Exception <a 'java/lang/NoSuchMethodError'{0x00000000866993e8}: 'java.lang.Object java.lang.invoke.DirectMethodHandle$Holder.invokeStatic(java.lang.Object, java.lang.Object, java.lang.Object, java.lang.Object, java.lang.Object, java.lang.Object, java.lang.Object, java.lang.Object, java.lang.Object, java.lang.Object, java.lang.Object, java.lang.Object, java.lang.Object, java.lang.Object, java.lang.Object, java.lang.Object, java.lang.Object, java.lang.Object, java.lang.Object, java.lang.Object, java.lang.Obj
Event: 6.486 Thread 0x000002e5a8b5d870 Exception <a 'java/lang/NoSuchMethodError'{0x00000000866cac80}: 'java.lang.Object java.lang.invoke.DirectMethodHandle$Holder.invokeStatic(java.lang.Object, java.lang.Object, java.lang.Object, java.lang.Object, java.lang.Object, java.lang.Object, java.lang.Object, java.lang.Object, java.lang.Object, java.lang.Object, java.lang.Object, java.lang.Object, java.lang.Object, java.lang.Object, java.lang.Object, java.lang.Object, java.lang.Object, java.lang.Object, java.lang.Object, java.lang.Object, java.lang.Obj
Event: 6.489 Thread 0x000002e5a8b5d870 Exception <a 'java/lang/NoSuchMethodError'{0x00000000866fe1e0}: 'java.lang.Object java.lang.invoke.DirectMethodHandle$Holder.invokeStatic(java.lang.Object, java.lang.Object, java.lang.Object, java.lang.Object, java.lang.Object, java.lang.Object, java.lang.Object, java.lang.Object, java.lang.Object, java.lang.Object, java.lang.Object, java.lang.Object, java.lang.Object, java.lang.Object, java.lang.Object, java.lang.Object, java.lang.Object, java.lang.Object, java.lang.Object, java.lang.Object, java.lang.Obj
Event: 6.985 Thread 0x000002e5a8b5d870 Exception <a 'java/lang/ClassNotFoundException'{0x0000000086b237c0}: build_40bi82dipzs5jjpuzz5ory5qoBeanInfo> (0x0000000086b237c0) 
thrown [s\src\hotspot\share\classfile\systemDictionary.cpp, line 256]
Event: 6.985 Thread 0x000002e5a8b5d870 Exception <a 'java/lang/ClassNotFoundException'{0x0000000086b2ae68}: build_40bi82dipzs5jjpuzz5ory5qoCustomizer> (0x0000000086b2ae68) 
thrown [s\src\hotspot\share\classfile\systemDictionary.cpp, line 256]

VM Operations (20 events):
Event: 6.677 Executing VM operation: G1PauseCleanup done
Event: 6.749 Executing VM operation: HandshakeAllThreads
Event: 6.749 Executing VM operation: HandshakeAllThreads done
Event: 6.808 Executing VM operation: ICBufferFull
Event: 6.808 Executing VM operation: ICBufferFull done
Event: 6.808 Executing VM operation: ICBufferFull
Event: 6.808 Executing VM operation: ICBufferFull done
Event: 6.884 Executing VM operation: G1CollectForAllocation
Event: 6.889 Executing VM operation: G1CollectForAllocation done
Event: 6.986 Executing VM operation: ICBufferFull
Event: 6.986 Executing VM operation: ICBufferFull done
Event: 6.988 Executing VM operation: G1TryInitiateConcMark
Event: 6.991 Executing VM operation: G1TryInitiateConcMark done
Event: 7.019 Executing VM operation: G1PauseRemark
Event: 7.022 Executing VM operation: G1PauseRemark done
Event: 7.035 Executing VM operation: G1PauseCleanup
Event: 7.035 Executing VM operation: G1PauseCleanup done
Event: 7.150 Executing VM operation: G1CollectForAllocation
Event: 7.153 Executing VM operation: G1CollectForAllocation done
Event: 7.165 Executing VM operation: G1CollectForAllocation

Events (20 events):
Event: 6.482 loading class java/lang/invoke/BoundMethodHandle$Species_LLLLLLLLLLLLLLLLLLLLL done
Event: 6.485 loading class java/lang/invoke/BoundMethodHandle$Species_LLLLLLLLLLLLLLLLLLLLLL
Event: 6.485 loading class java/lang/invoke/BoundMethodHandle$Species_LLLLLLLLLLLLLLLLLLLLLL done
Event: 6.488 loading class java/lang/invoke/BoundMethodHandle$Species_LLLLLLLLLLLLLLLLLLLLLLL
Event: 6.488 loading class java/lang/invoke/BoundMethodHandle$Species_LLLLLLLLLLLLLLLLLLLLLLL done
Event: 6.731 loading class java/util/Collections$ReverseComparator
Event: 6.731 loading class java/util/Collections$ReverseComparator done
Event: 6.731 loading class java/util/Comparators$NaturalOrderComparator
Event: 6.731 loading class java/util/Comparators$NaturalOrderComparator done
Event: 6.731 loading class java/util/Collections$ReverseComparator2
Event: 6.732 loading class java/util/Collections$ReverseComparator2 done
Event: 6.807 Thread 0x000002e5aa80dbe0 Thread added: 0x000002e5aa80dbe0
Event: 6.807 Thread 0x000002e5aa80f530 Thread added: 0x000002e5aa80f530
Event: 6.808 Thread 0x000002e5aa80a430 Thread added: 0x000002e5aa80a430
Event: 6.808 Thread 0x000002e5aa80d1c0 Thread added: 0x000002e5aa80d1c0
Event: 6.808 Thread 0x000002e5aa80a940 Thread added: 0x000002e5aa80a940
Event: 6.808 Thread 0x000002e5aa80d6d0 Thread added: 0x000002e5aa80d6d0
Event: 6.808 Thread 0x000002e5aa810970 Thread added: 0x000002e5aa810970
Event: 6.927 loading class jdk/internal/access/foreign/MemorySegmentProxy
Event: 6.927 loading class jdk/internal/access/foreign/MemorySegmentProxy done


Dynamic libraries:
0x00007ff7a4fb0000 - 0x00007ff7a4fba000 	C:\Program Files\Android\Android Studio\jbr\bin\java.exe
0x00007ffa41a90000 - 0x00007ffa41ca7000 	C:\WINDOWS\SYSTEM32\ntdll.dll
0x00007ffa40e80000 - 0x00007ffa40f44000 	C:\WINDOWS\System32\KERNEL32.DLL
0x00007ffa3f0e0000 - 0x00007ffa3f487000 	C:\WINDOWS\System32\KERNELBASE.dll
0x00007ffa3efc0000 - 0x00007ffa3f0d1000 	C:\WINDOWS\System32\ucrtbase.dll
0x00007ffa03100000 - 0x00007ffa03117000 	C:\Program Files\Android\Android Studio\jbr\bin\jli.dll
0x00007ffa2a480000 - 0x00007ffa2a49b000 	C:\Program Files\Android\Android Studio\jbr\bin\VCRUNTIME140.dll
0x00007ffa404c0000 - 0x00007ffa4066e000 	C:\WINDOWS\System32\USER32.dll
0x00007ffa3f6d0000 - 0x00007ffa3f6f6000 	C:\WINDOWS\System32\win32u.dll
0x00007ffa27380000 - 0x00007ffa27613000 	C:\WINDOWS\WinSxS\amd64_microsoft.windows.common-controls_6595b64144ccf1df_6.0.22621.3527_none_270e469b73872a76\COMCTL32.dll
0x00007ffa40e50000 - 0x00007ffa40e79000 	C:\WINDOWS\System32\GDI32.dll
0x00007ffa40a30000 - 0x00007ffa40ad7000 	C:\WINDOWS\System32\msvcrt.dll
0x00007ffa3f4c0000 - 0x00007ffa3f5d9000 	C:\WINDOWS\System32\gdi32full.dll
0x00007ffa3edb0000 - 0x00007ffa3ee4a000 	C:\WINDOWS\System32\msvcp_win.dll
0x00007ffa41980000 - 0x00007ffa419b1000 	C:\WINDOWS\System32\IMM32.DLL
0x00007ffa08aa0000 - 0x00007ffa08aac000 	C:\Program Files\Android\Android Studio\jbr\bin\vcruntime140_1.dll
0x00007ff9f0f40000 - 0x00007ff9f0fcd000 	C:\Program Files\Android\Android Studio\jbr\bin\msvcp140.dll
0x00007ff9e5230000 - 0x00007ff9e5eb3000 	C:\Program Files\Android\Android Studio\jbr\bin\server\jvm.dll
0x00007ffa3f970000 - 0x00007ffa3fa22000 	C:\WINDOWS\System32\ADVAPI32.dll
0x00007ffa40da0000 - 0x00007ffa40e48000 	C:\WINDOWS\System32\sechost.dll
0x00007ffa3f490000 - 0x00007ffa3f4b8000 	C:\WINDOWS\System32\bcrypt.dll
0x00007ffa40910000 - 0x00007ffa40a25000 	C:\WINDOWS\System32\RPCRT4.dll
0x00007ffa0f8f0000 - 0x00007ffa0f8f9000 	C:\WINDOWS\SYSTEM32\WSOCK32.dll
0x00007ffa3dc30000 - 0x00007ffa3dc7d000 	C:\WINDOWS\SYSTEM32\POWRPROF.dll
0x00007ffa37240000 - 0x00007ffa37274000 	C:\WINDOWS\SYSTEM32\WINMM.dll
0x00007ffa41900000 - 0x00007ffa41971000 	C:\WINDOWS\System32\WS2_32.dll
0x00007ffa37cd0000 - 0x00007ffa37cda000 	C:\WINDOWS\SYSTEM32\VERSION.dll
0x00007ffa3dc10000 - 0x00007ffa3dc23000 	C:\WINDOWS\SYSTEM32\UMPDC.dll
0x00007ffa3dec0000 - 0x00007ffa3ded8000 	C:\WINDOWS\SYSTEM32\kernel.appcore.dll
0x00007ffa09d30000 - 0x00007ffa09d3a000 	C:\Program Files\Android\Android Studio\jbr\bin\jimage.dll
0x00007ffa3c730000 - 0x00007ffa3c962000 	C:\WINDOWS\SYSTEM32\DBGHELP.DLL
0x00007ffa41500000 - 0x00007ffa41888000 	C:\WINDOWS\System32\combase.dll
0x00007ffa40c40000 - 0x00007ffa40d17000 	C:\WINDOWS\System32\OLEAUT32.dll
0x00007ffa077d0000 - 0x00007ffa07802000 	C:\WINDOWS\SYSTEM32\dbgcore.DLL
0x00007ffa3f650000 - 0x00007ffa3f6c9000 	C:\WINDOWS\System32\bcryptPrimitives.dll
0x00007ffa08800000 - 0x00007ffa0880e000 	C:\Program Files\Android\Android Studio\jbr\bin\instrument.dll
0x00007ffa08a60000 - 0x00007ffa08a85000 	C:\Program Files\Android\Android Studio\jbr\bin\java.dll
0x00007ffa093d0000 - 0x00007ffa093e8000 	C:\Program Files\Android\Android Studio\jbr\bin\zip.dll
0x00007ffa3fc60000 - 0x00007ffa404bc000 	C:\WINDOWS\System32\SHELL32.dll
0x00007ffa3cd00000 - 0x00007ffa3d5f6000 	C:\WINDOWS\SYSTEM32\windows.storage.dll
0x00007ffa3cbc0000 - 0x00007ffa3ccfe000 	C:\WINDOWS\SYSTEM32\wintypes.dll
0x00007ffa406b0000 - 0x00007ffa407a5000 	C:\WINDOWS\System32\SHCORE.dll
0x00007ffa408b0000 - 0x00007ffa4090e000 	C:\WINDOWS\System32\shlwapi.dll
0x00007ffa3ece0000 - 0x00007ffa3ed01000 	C:\WINDOWS\SYSTEM32\profapi.dll
0x00007ffa08810000 - 0x00007ffa08829000 	C:\Program Files\Android\Android Studio\jbr\bin\net.dll
0x00007ffa36e40000 - 0x00007ffa36f76000 	C:\WINDOWS\SYSTEM32\WINHTTP.dll
0x00007ffa3e330000 - 0x00007ffa3e399000 	C:\WINDOWS\system32\mswsock.dll
0x00007ffa08490000 - 0x00007ffa084a6000 	C:\Program Files\Android\Android Studio\jbr\bin\nio.dll
0x00007ffa08c30000 - 0x00007ffa08c40000 	C:\Program Files\Android\Android Studio\jbr\bin\verify.dll
0x00007ffa08960000 - 0x00007ffa08987000 	C:\Users\compu market\.gradle\native\c067742578af261105cb4f569cf0c3c89f3d7b1fecec35dd04571415982c5e48\windows-amd64\native-platform.dll
0x00007ffa2b1e0000 - 0x00007ffa2b324000 	C:\Users\compu market\.gradle\native\38dada09dfb8b06ba9b0570ebf7e218e3eb74d4ef43ca46872605cf95ebc2f47\windows-amd64\native-platform-file-events.dll
0x00007ffa09590000 - 0x00007ffa09599000 	C:\Program Files\Android\Android Studio\jbr\bin\management.dll
0x00007ffa094a0000 - 0x00007ffa094ab000 	C:\Program Files\Android\Android Studio\jbr\bin\management_ext.dll
0x00007ffa40670000 - 0x00007ffa40678000 	C:\WINDOWS\System32\PSAPI.DLL
0x00007ffa3e590000 - 0x00007ffa3e5ab000 	C:\WINDOWS\SYSTEM32\CRYPTSP.dll
0x00007ffa3de20000 - 0x00007ffa3de55000 	C:\WINDOWS\system32\rsaenh.dll
0x00007ffa3e430000 - 0x00007ffa3e458000 	C:\WINDOWS\SYSTEM32\USERENV.dll
0x00007ffa3e5b0000 - 0x00007ffa3e5bc000 	C:\WINDOWS\SYSTEM32\CRYPTBASE.dll
0x00007ffa3d8d0000 - 0x00007ffa3d8fd000 	C:\WINDOWS\SYSTEM32\IPHLPAPI.DLL
0x00007ffa40680000 - 0x00007ffa40689000 	C:\WINDOWS\System32\NSI.dll
0x00007ffa36ce0000 - 0x00007ffa36cf9000 	C:\WINDOWS\SYSTEM32\dhcpcsvc6.DLL
0x00007ffa36c40000 - 0x00007ffa36c5f000 	C:\WINDOWS\SYSTEM32\dhcpcsvc.DLL
0x00007ffa3d940000 - 0x00007ffa3da38000 	C:\WINDOWS\SYSTEM32\DNSAPI.dll
0x00007ffa09700000 - 0x00007ffa09709000 	C:\Program Files\Android\Android Studio\jbr\bin\extnet.dll
0x00007ff9ce010000 - 0x00007ff9ce018000 	C:\WINDOWS\system32\wshunix.dll

dbghelp: loaded successfully - version: 4.0.5 - missing functions: none
symbol engine: initialized successfully - sym options: 0x614 - pdb path: .;C:\Program Files\Android\Android Studio\jbr\bin;C:\WINDOWS\SYSTEM32;C:\WINDOWS\WinSxS\amd64_microsoft.windows.common-controls_6595b64144ccf1df_6.0.22621.3527_none_270e469b73872a76;C:\Program Files\Android\Android Studio\jbr\bin\server;C:\Users\compu market\.gradle\native\c067742578af261105cb4f569cf0c3c89f3d7b1fecec35dd04571415982c5e48\windows-amd64;C:\Users\compu market\.gradle\native\38dada09dfb8b06ba9b0570ebf7e218e3eb74d4ef43ca46872605cf95ebc2f47\windows-amd64

VM Arguments:
jvm_args: --add-opens=java.base/java.util=ALL-UNNAMED --add-opens=java.base/java.lang=ALL-UNNAMED --add-opens=java.base/java.lang.invoke=ALL-UNNAMED --add-opens=java.prefs/java.util.prefs=ALL-UNNAMED --add-opens=java.base/java.nio.charset=ALL-UNNAMED --add-opens=java.base/java.net=ALL-UNNAMED --add-opens=java.base/java.util.concurrent.atomic=ALL-UNNAMED -Xmx2048m -Dfile.encoding=UTF-8 -Duser.country=US -Duser.language=en -Duser.variant -javaagent:C:\Users\compu market\.gradle\wrapper\dists\gradle-8.6-bin\afr5mpiioh2wthjmwnkmdsd5w\gradle-8.6\lib\agents\gradle-instrumentation-agent-8.6.jar 
java_command: org.gradle.launcher.daemon.bootstrap.GradleDaemon 8.6
java_class_path (initial): C:\Users\compu market\.gradle\wrapper\dists\gradle-8.6-bin\afr5mpiioh2wthjmwnkmdsd5w\gradle-8.6\lib\gradle-launcher-8.6.jar
Launcher Type: SUN_STANDARD

[Global flags]
     intx CICompilerCount                          = 4                                         {product} {ergonomic}
     uint ConcGCThreads                            = 2                                         {product} {ergonomic}
     uint G1ConcRefinementThreads                  = 8                                         {product} {ergonomic}
   size_t G1HeapRegionSize                         = 1048576                                   {product} {ergonomic}
    uintx GCDrainStackTargetSize                   = 64                                        {product} {ergonomic}
   size_t InitialHeapSize                          = 132120576                                 {product} {ergonomic}
   size_t MarkStackSize                            = 4194304                                   {product} {ergonomic}
   size_t MaxHeapSize                              = 2147483648                                {product} {command line}
   size_t MaxNewSize                               = 1287651328                                {product} {ergonomic}
   size_t MinHeapDeltaBytes                        = 1048576                                   {product} {ergonomic}
   size_t MinHeapSize                              = 8388608                                   {product} {ergonomic}
    uintx NonNMethodCodeHeapSize                   = 5839372                                {pd product} {ergonomic}
    uintx NonProfiledCodeHeapSize                  = 122909434                              {pd product} {ergonomic}
    uintx ProfiledCodeHeapSize                     = 122909434                              {pd product} {ergonomic}
    uintx ReservedCodeCacheSize                    = 251658240                              {pd product} {ergonomic}
     bool SegmentedCodeCache                       = true                                      {product} {ergonomic}
   size_t SoftMaxHeapSize                          = 2147483648                             {manageable} {ergonomic}
     bool UseCompressedClassPointers               = true                           {product lp64_product} {ergonomic}
     bool UseCompressedOops                        = true                           {product lp64_product} {ergonomic}
     bool UseG1GC                                  = true                                      {product} {ergonomic}
     bool UseLargePagesIndividualAllocation        = false                                  {pd product} {ergonomic}

Logging:
Log output configuration:
 #0: stdout all=warning uptime,level,tags
 #1: stderr all=off uptime,level,tags

Environment Variables:
PATH=C:\Program Files\Common Files\Oracle\Java\javapath;C:\Program Files (x86)\Common Files\Intel\Shared Libraries\redist\intel64\compiler;C:\windows\system32;C:\windows;C:\windows\System32\Wbem;C:\windows\System32\WindowsPowerShell\v1.0\;C:\windows\System32\OpenSSH\;C:\Program Files (x86)\NVIDIA Corporation\PhysX\Common;C:\Program Files\NVIDIA Corporation\NVIDIA NvDLISR;C:\WINDOWS\system32;C:\WINDOWS;C:\WINDOWS\System32\Wbem;C:\WINDOWS\System32\WindowsPowerShell\v1.0\;C:\WINDOWS\System32\OpenSSH\;C:\PROGRA~2\PICC;C:\Program Files\Microsoft SQL Server\130\Tools\Binn\;C:\Program Files\Microsoft SQL Server\Client SDK\ODBC\170\Tools\Binn\;C:\Program Files (x86)\Microsoft SQL Server\150\Tools\Binn\;C:\Program Files\Microsoft SQL Server\150\Tools\Binn\;C:\Program Files\Microsoft SQL Server\150\DTS\Binn\;C:\Program Files (x86)\Microsoft SQL Server\150\DTS\Binn\;C:\Program Files\Azure Data Studio\bin;C:\Program Files\HP\HP One Agent;C:\Program Files\Git\cmd;C:\Users\compu market\AppData\Local\Microsoft\WindowsApps;C:\Users\compu market\AppData\Local\atom\bin;C:\Users\compu market\AppData\Local\Microsoft\WindowsApps;;C:\Program Files\Azure Data Studio\bin
USERNAME=Abdulrahman
OS=Windows_NT
PROCESSOR_IDENTIFIER=Intel64 Family 6 Model 158 Stepping 10, GenuineIntel
TMP=C:\Users\COMPUM~1\AppData\Local\Temp
TEMP=C:\Users\COMPUM~1\AppData\Local\Temp



Periodic native trim disabled

JNI global refs:
JNI global refs: 27, weak refs: 0

JNI global refs memory usage: 843, weak refs: 209

OOME stack traces (most recent first):
Classloader memory used:
Loader org.gradle.internal.classloader.VisitableURLClassLoader                         : 3539K
Loader bootstrap                                                                       : 2448K
Loader org.gradle.initialization.MixInLegacyTypesClassLoader                           : 1059K
Loader org.gradle.internal.classloader.VisitableURLClassLoader$InstrumentingVisitableURLClassLoader: 223K
Loader org.gradle.internal.classloader.VisitableURLClassLoader                         : 103K
Loader jdk.internal.loader.ClassLoaders$PlatformClassLoader                            : 64803B
Loader jdk.internal.reflect.DelegatingClassLoader                                      : 28846B
Loader jdk.internal.loader.ClassLoaders$AppClassLoader                                 : 28729B
Loader org.gradle.groovy.scripts.internal.DefaultScriptCompilationHandler$ScriptClassLoader: 20034B
Loader org.codehaus.groovy.runtime.callsite.CallSiteClassLoader                        : 7597B

Classes loaded by more than one classloader:
Class org.gradle.internal.Cast                                                        : loaded 3 times (x 69B)
Class org.gradle.api.GradleException                                                  : loaded 3 times (x 80B)
Class org.jetbrains.plugins.gradle.model.MavenRepositoryModel                         : loaded 2 times (x 68B)
Class com.google.common.collect.SingletonImmutableList                                : loaded 2 times (x 167B)
Class org.gradle.internal.classpath.ClassPath                                         : loaded 2 times (x 68B)
Class org.gradle.api.internal.classpath.DefaultModuleRegistry                         : loaded 2 times (x 84B)
Class org.gradle.internal.exceptions.NonGradleCauseExceptionsHolder                   : loaded 2 times (x 68B)
Class com.google.common.base.CharMatcher$JavaDigit                                    : loaded 2 times (x 109B)
Class com.google.common.base.CharMatcher$Digit                                        : loaded 2 times (x 110B)
Class org.gradle.api.Action                                                           : loaded 2 times (x 68B)
Class org.jetbrains.kotlin.idea.gradleTooling.model.samWithReceiver.SamWithReceiverModel: loaded 2 times (x 68B)
Class com.google.common.collect.Lists$StringAsImmutableList                           : loaded 2 times (x 167B)
Class org.jetbrains.plugins.gradle.model.ExternalProject                              : loaded 2 times (x 68B)
Class org.jetbrains.plugins.gradle.model.IntelliJSettings                             : loaded 2 times (x 68B)
Class com.google.common.base.CharMatcher                                              : loaded 2 times (x 109B)
Class com.google.common.base.CharMatcher$IsNot                                        : loaded 2 times (x 109B)
Class com.google.common.base.Splitter                                                 : loaded 2 times (x 70B)
Class org.jetbrains.kotlin.idea.gradleTooling.KotlinMPPGradleModel                    : loaded 2 times (x 68B)
Class org.gradle.api.internal.DefaultClassPathProvider                                : loaded 2 times (x 74B)
Class org.gradle.internal.installation.GradleInstallation$1                           : loaded 2 times (x 73B)
Class com.google.common.base.CharMatcher$BitSetMatcher                                : loaded 2 times (x 110B)
Class org.gradle.internal.exceptions.DefaultMultiCauseException                       : loaded 2 times (x 93B)
Class org.gradle.tooling.model.UnsupportedMethodException                             : loaded 2 times (x 80B)
Class org.gradle.util.GradleVersion                                                   : loaded 2 times (x 81B)
Class org.gradle.internal.time.MonotonicClock                                         : loaded 2 times (x 75B)
Class com.google.common.base.Predicate                                                : loaded 2 times (x 68B)
Class org.gradle.internal.classloader.FilteringClassLoader                            : loaded 2 times (x 103B)
Class org.gradle.tooling.model.Model                                                  : loaded 2 times (x 68B)
Class org.gradle.internal.classpath.DefaultClassPath$ImmutableUniqueList$Builder      : loaded 2 times (x 73B)
Class com.google.common.base.CharMatcher$InRange                                      : loaded 2 times (x 109B)
Class org.jetbrains.kotlin.idea.gradleTooling.KotlinSourceSetContainer                : loaded 2 times (x 68B)
Class com.google.common.collect.Lists                                                 : loaded 2 times (x 69B)
Class org.gradle.internal.classloader.ClassLoaderVisitor                              : loaded 2 times (x 74B)
Class org.gradle.internal.time.DefaultCountdownTimer                                  : loaded 2 times (x 86B)
Class org.gradle.internal.service.DefaultServiceLocator                               : loaded 2 times (x 81B)
Class org.jetbrains.plugins.gradle.model.jar.JarTaskManifestConfiguration             : loaded 2 times (x 68B)
Class org.gradle.internal.service.UnknownServiceException                             : loaded 2 times (x 81B)
Class org.jetbrains.plugins.gradle.model.DependencyAccessorsModel                     : loaded 2 times (x 68B)
Class org.gradle.internal.classloader.DefaultClassLoaderFactory                       : loaded 2 times (x 80B)
Class com.google.common.collect.UnmodifiableIterator                                  : loaded 2 times (x 78B)
Class com.google.common.base.CharMatcher$SingleWidth                                  : loaded 2 times (x 110B)
Class org.jetbrains.plugins.gradle.model.GradleExtensions                             : loaded 2 times (x 68B)
Class com.google.common.base.JdkPattern                                               : loaded 2 times (x 73B)
Class org.jetbrains.plugins.gradle.model.VersionCatalogsModel                         : loaded 2 times (x 68B)
Class org.gradle.internal.classloader.VisitableURLClassLoader$Spec                    : loaded 2 times (x 72B)
Class org.gradle.tooling.model.ProjectModel                                           : loaded 2 times (x 68B)
Class settings_7gldrxbpzwl7qqc0xubw7s924$_run_closure1                                : loaded 2 times (x 137B)
Class com.google.common.base.CharMatcher$JavaLetterOrDigit                            : loaded 2 times (x 109B)
Class org.gradle.tooling.internal.gradle.DefaultProjectIdentifier                     : loaded 2 times (x 84B)
Class org.gradle.api.internal.classpath.ModuleRegistry                                : loaded 2 times (x 68B)
Class com.google.common.collect.ImmutableCollection                                   : loaded 2 times (x 123B)
Class org.jetbrains.plugins.gradle.model.RepositoriesModel                            : loaded 2 times (x 68B)
Class kotlin.jvm.internal.markers.KMappedMarker                                       : loaded 2 times (x 68B)
Class org.gradle.api.internal.ClassPathProvider                                       : loaded 2 times (x 68B)
Class org.gradle.internal.classloader.ClasspathUtil$1                                 : loaded 2 times (x 74B)
Class com.google.common.collect.ImmutableList$ReverseImmutableList                    : loaded 2 times (x 168B)
Class org.gradle.internal.classloader.ClassLoaderFactory                              : loaded 2 times (x 68B)
Class settings_7gldrxbpzwl7qqc0xubw7s924$_run_closure1$_closure2                      : loaded 2 times (x 137B)
Class com.google.common.collect.ObjectArrays                                          : loaded 2 times (x 69B)
Class com.google.common.collect.ImmutableList                                         : loaded 2 times (x 166B)
Class org.gradle.api.internal.classpath.ManifestUtil                                  : loaded 2 times (x 69B)
Class org.gradle.api.specs.Spec                                                       : loaded 2 times (x 68B)
Class com.google.common.base.CharMatcher$Whitespace                                   : loaded 2 times (x 110B)
Class org.gradle.tooling.internal.gradle.GradleBuildIdentity                          : loaded 2 times (x 68B)
Class com.google.common.base.Preconditions                                            : loaded 2 times (x 69B)
Class org.gradle.internal.IoActions                                                   : loaded 2 times (x 69B)
Class com.google.common.collect.CollectPreconditions                                  : loaded 2 times (x 69B)
Class com.google.common.collect.AbstractIndexedListIterator                           : loaded 2 times (x 94B)
Class com.google.common.base.CharMatcher$None                                         : loaded 2 times (x 110B)
Class org.gradle.api.internal.classpath.EffectiveClassPath                            : loaded 2 times (x 88B)
Class com.google.common.collect.UnmodifiableListIterator                              : loaded 2 times (x 93B)
Class com.google.common.collect.ImmutableList$1                                       : loaded 2 times (x 95B)
Class com.google.common.base.Splitter$Strategy                                        : loaded 2 times (x 68B)
Class org.gradle.internal.exceptions.ResolutionProvider                               : loaded 2 times (x 68B)
Class org.jetbrains.kotlin.idea.gradleTooling.model.annotation.AnnotationBasedPluginModel: loaded 2 times (x 68B)
Class org.jetbrains.kotlin.idea.gradleTooling.model.assignment.AssignmentModel        : loaded 2 times (x 68B)
Class org.gradle.internal.installation.CurrentGradleInstallation                      : loaded 2 times (x 71B)
Class org.gradle.internal.agents.InstrumentingClassLoader                             : loaded 2 times (x 68B)
Class org.gradle.internal.installation.CurrentGradleInstallationLocator               : loaded 2 times (x 69B)
Class org.gradle.api.internal.classpath.Module                                        : loaded 2 times (x 68B)
Class com.google.common.base.Splitter$1$1                                             : loaded 2 times (x 84B)
Class org.gradle.internal.service.CachingServiceLocator                               : loaded 2 times (x 80B)
Class org.gradle.internal.time.Timer                                                  : loaded 2 times (x 68B)
Class org.jetbrains.plugins.gradle.model.tests.ExternalTestsModel                     : loaded 2 times (x 68B)
Class org.jetbrains.kotlin.idea.gradleTooling.KotlinDslScriptAdditionalTask           : loaded 2 times (x 68B)
Class org.gradle.internal.classpath.DefaultClassPath                                  : loaded 2 times (x 88B)
Class com.google.common.base.Splitter$SplittingIterator                               : loaded 2 times (x 82B)
Class com.intellij.openapi.externalSystem.model.project.dependencies.ProjectDependencies: loaded 2 times (x 68B)
Class org.jetbrains.kotlin.idea.gradleTooling.PrepareKotlinIdeImportTaskModel         : loaded 2 times (x 68B)
Class org.gradle.internal.impldep.com.google.common.base.Preconditions                : loaded 2 times (x 69B)
Class kotlin.jvm.functions.Function1                                                  : loaded 2 times (x 68B)
Class com.google.common.base.CharMatcher$Is                                           : loaded 2 times (x 109B)
Class com.google.common.collect.RegularImmutableAsList                                : loaded 2 times (x 176B)
Class org.gradle.internal.time.Time                                                   : loaded 2 times (x 69B)
Class org.gradle.internal.time.TimeSource$1                                           : loaded 2 times (x 75B)
Class org.gradle.internal.classloader.SystemClassLoaderSpec                           : loaded 2 times (x 69B)
Class [Lcom.google.common.base.AbstractIterator$State;                                : loaded 2 times (x 67B)
Class com.google.common.base.AbstractIterator                                         : loaded 2 times (x 78B)
Class com.google.common.base.AbstractIterator$1                                       : loaded 2 times (x 69B)
Class kotlin.Function                                                                 : loaded 2 times (x 68B)
Class com.google.common.base.CharMatcher$1                                            : loaded 2 times (x 111B)
Class com.google.common.base.CharMatcher$Ascii                                        : loaded 2 times (x 110B)
Class org.gradle.api.UncheckedIOException                                             : loaded 2 times (x 80B)
Class com.google.common.base.CharMatcher$And                                          : loaded 2 times (x 110B)
Class com.google.common.base.CharMatcher$Any                                          : loaded 2 times (x 110B)
Class com.google.common.base.CharMatcher$RangesMatcher                                : loaded 2 times (x 110B)
Class org.gradle.tooling.internal.gradle.GradleProjectIdentity                        : loaded 2 times (x 68B)
Class com.google.common.collect.ImmutableList$SubList                                 : loaded 2 times (x 168B)
Class org.gradle.internal.time.CountdownTimer                                         : loaded 2 times (x 68B)
Class org.gradle.internal.time.Clock                                                  : loaded 2 times (x 68B)
Class sync_studio_tooling988_bu31xqzzqzpzxvte59y1fakq3$_run_closure1                  : loaded 2 times (x 137B)
Class org.gradle.internal.classloader.ClasspathUtil                                   : loaded 2 times (x 69B)
Class org.gradle.tooling.model.BuildIdentifier                                        : loaded 2 times (x 68B)
Class com.google.common.base.Splitter$1                                               : loaded 2 times (x 75B)
Class org.gradle.api.internal.DefaultClassPathRegistry                                : loaded 2 times (x 74B)
Class org.gradle.api.internal.classpath.DefaultModuleRegistry$DefaultModule           : loaded 2 times (x 84B)
Class com.google.common.base.CharMatcher$JavaIsoControl                               : loaded 2 times (x 110B)
Class com.google.common.base.CharMatcher$Or                                           : loaded 2 times (x 110B)
Class org.gradle.internal.time.TimeSource                                             : loaded 2 times (x 68B)
Class org.jetbrains.kotlin.android.synthetic.idea.AndroidExtensionsGradleModel        : loaded 2 times (x 68B)
Class com.google.common.base.CharMatcher$JavaLowerCase                                : loaded 2 times (x 109B)
Class org.gradle.api.internal.classpath.UnknownModuleException                        : loaded 2 times (x 80B)
Class com.google.common.base.CommonPattern                                            : loaded 2 times (x 72B)
Class org.jetbrains.plugins.gradle.model.IntelliJProjectSettings                      : loaded 2 times (x 68B)
Class org.gradle.internal.service.ServiceLookupException                              : loaded 2 times (x 80B)
Class org.gradle.cache.GlobalCache                                                    : loaded 2 times (x 68B)
Class org.jetbrains.kotlin.idea.gradleTooling.model.lombok.LombokModel                : loaded 2 times (x 68B)
Class org.gradle.tooling.model.ProjectIdentifier                                      : loaded 2 times (x 68B)
Class com.google.common.base.CharMatcher$NegatedFastMatcher                           : loaded 2 times (x 111B)
Class [Lorg.gradle.api.internal.ClassPathProvider;                                    : loaded 2 times (x 67B)
Class org.gradle.internal.operations.MultipleBuildOperationFailures                   : loaded 2 times (x 93B)
Class org.gradle.util.internal.GUtil                                                  : loaded 2 times (x 69B)
Class org.jetbrains.plugins.gradle.model.AnnotationProcessingModel                    : loaded 2 times (x 68B)
Class org.gradle.internal.classloader.ClassLoaderSpec                                 : loaded 2 times (x 69B)
Class com.google.common.base.NullnessCasts                                            : loaded 2 times (x 69B)
Class com.google.common.base.CharMatcher$Negated                                      : loaded 2 times (x 111B)
Class ijInit1_5k6ixcpn55gnfmnu0x63lpqvo                                               : loaded 2 times (x 177B)
Class com.google.common.base.CharMatcher$ForPredicate                                 : loaded 2 times (x 110B)
Class org.gradle.internal.classloader.VisitableURLClassLoader                         : loaded 2 times (x 115B)
Class org.gradle.internal.installation.GradleInstallation                             : loaded 2 times (x 73B)
Class org.gradle.api.internal.ClassPathRegistry                                       : loaded 2 times (x 68B)
Class org.gradle.internal.classloader.VisitableURLClassLoader$InstrumentingVisitableURLClassLoader: loaded 2 times (x 121B)
Class org.gradle.internal.classloader.ClassLoaderHierarchy                            : loaded 2 times (x 68B)
Class org.gradle.internal.exceptions.MultiCauseException                              : loaded 2 times (x 68B)
Class org.jetbrains.kotlin.idea.gradleTooling.model.parcelize.ParcelizeGradleModel    : loaded 2 times (x 68B)
Class com.google.common.base.AbstractIterator$State                                   : loaded 2 times (x 77B)
Class com.google.common.base.CharMatcher$NamedFastMatcher                             : loaded 2 times (x 110B)
Class org.gradle.internal.InternalTransformer                                         : loaded 2 times (x 68B)
Class org.jetbrains.kotlin.idea.gradleTooling.model.noarg.NoArgModel                  : loaded 2 times (x 68B)
Class org.jetbrains.kotlin.idea.gradleTooling.KotlinGradleModel                       : loaded 2 times (x 68B)
Class org.gradle.tooling.internal.gradle.DefaultBuildIdentifier                       : loaded 2 times (x 77B)
Class org.gradle.internal.service.ServiceLocator                                      : loaded 2 times (x 68B)
Class org.jetbrains.kotlin.idea.gradleTooling.model.allopen.AllOpenModel              : loaded 2 times (x 68B)
Class settings_7gldrxbpzwl7qqc0xubw7s924                                              : loaded 2 times (x 177B)
Class com.google.common.base.CharMatcher$Invisible                                    : loaded 2 times (x 110B)
Class com.google.common.base.CharMatcher$FastMatcher                                  : loaded 2 times (x 109B)
Class org.gradle.internal.classpath.DefaultClassPath$ImmutableUniqueList              : loaded 2 times (x 159B)
Class org.gradle.internal.time.DefaultTimer                                           : loaded 2 times (x 78B)
Class com.google.common.base.CharMatcher$JavaLetter                                   : loaded 2 times (x 109B)
Class org.gradle.internal.classpath.TransformedClassPath                              : loaded 2 times (x 94B)
Class com.google.common.collect.ImmutableAsList                                       : loaded 2 times (x 169B)
Class com.google.common.base.CharMatcher$AnyOf                                        : loaded 2 times (x 110B)
Class com.google.common.base.CharMatcher$IsEither                                     : loaded 2 times (x 109B)
Class com.google.common.collect.RegularImmutableList                                  : loaded 2 times (x 172B)
Class com.google.common.base.CharMatcher$JavaUpperCase                                : loaded 2 times (x 109B)
Class sync_studio_tooling988_bu31xqzzqzpzxvte59y1fakq3                                : loaded 2 times (x 177B)


---------------  S Y S T E M  ---------------

OS:
 Windows 11 , 64 bit Build 22621 (10.0.22621.3527)
OS uptime: 0 days 0:23 hours

CPU: total 8 (initial active 8) (4 cores per cpu, 2 threads per core) family 6 model 158 stepping 10 microcode 0xf6, cx8, cmov, fxsr, ht, mmx, 3dnowpref, sse, sse2, sse3, ssse3, sse4.1, sse4.2, popcnt, lzcnt, tsc, tscinvbit, avx, avx2, aes, erms, clmul, bmi1, bmi2, adx, fma, vzeroupper, clflush, clflushopt
Processor Information for all 8 processors :
  Max Mhz: 2400, Current Mhz: 2400, Mhz Limit: 2400

Memory: 4k page, system-wide physical 8033M (917M free)
TotalPageFile size 10081M (AvailPageFile size 11M)
current process WorkingSet (physical memory assigned to process): 336M, peak: 337M
current process commit charge ("private bytes"): 372M, peak: 401M

vm_info: OpenJDK 64-Bit Server VM (17.0.10+0--11609105) for windows-amd64 JRE (17.0.10+0--11609105), built on Mar 21 2024 19:10:56 by "androidbuild" with MS VC++ 16.10 / 16.11 (VS2019)

END.
