#
# There is insufficient memory for the Java Runtime Environment to continue.
# Native memory allocation (malloc) failed to allocate 1161264 bytes for Chunk::new
# Possible reasons:
#   The system is out of physical RAM or swap space
#   The process is running with CompressedOops enabled, and the Java Heap may be blocking the growth of the native heap
# Possible solutions:
#   Reduce memory load on the system
#   Increase physical memory or swap space
#   Check if swap backing store is full
#   Decrease Java heap size (-Xmx/-Xms)
#   Decrease number of Java threads
#   Decrease Java thread stack sizes (-Xss)
#   Set larger code cache with -XX:ReservedCodeCacheSize=
#   JVM is running with Unscaled Compressed Oops mode in which the Java heap is
#     placed in the first 4GB address space. The Java Heap base address is the
#     maximum limit for the native heap growth. Please use -XX:HeapBaseMinAddress
#     to set the Java Heap base and to place the Java Heap above 4GB virtual address.
# This output file may be truncated or incomplete.
#
#  Out of Memory Error (arena.cpp:191), pid=7084, tid=3300
#
# JRE version: OpenJDK Runtime Environment (17.0.10) (build 17.0.10+0--11609105)
# Java VM: OpenJDK 64-Bit Server VM (17.0.10+0--11609105, mixed mode, tiered, compressed oops, compressed class ptrs, g1 gc, windows-amd64)
# No core dump will be written. Minidumps are not enabled by default on client versions of Windows
#

---------------  S U M M A R Y ------------

Command Line: --add-opens=java.base/java.util=ALL-UNNAMED --add-opens=java.base/java.lang=ALL-UNNAMED --add-opens=java.base/java.lang.invoke=ALL-UNNAMED --add-opens=java.base/java.util=ALL-UNNAMED --add-opens=java.prefs/java.util.prefs=ALL-UNNAMED --add-opens=java.prefs/java.util.prefs=ALL-UNNAMED --add-opens=java.base/java.nio.charset=ALL-UNNAMED --add-opens=java.base/java.net=ALL-UNNAMED --add-opens=java.base/java.util.concurrent.atomic=ALL-UNNAMED -Xmx2048m -Dfile.encoding=UTF-8 -Duser.country=US -Duser.language=en -Duser.variant org.gradle.launcher.daemon.bootstrap.GradleDaemon 7.5

Host: Intel(R) Core(TM) i5-9300H CPU @ 2.40GHz, 8 cores, 7G,  Windows 11 , 64 bit Build 22621 (10.0.22621.3527)
Time: Wed Jun  5 09:52:09 2024 Egypt Daylight Time elapsed time: 7.946673 seconds (0d 0h 0m 7s)

---------------  T H R E A D  ---------------

Current thread (0x00000212c4537fe0):  JavaThread "C2 CompilerThread0" daemon [_thread_in_native, id=3300, stack(0x000000383e500000,0x000000383e600000)]


Current CompileTask:
C2:   7946 4100       4       groovy.lang.MetaClassImpl$1MOPIter::methodNameAction (325 bytes)

Stack: [0x000000383e500000,0x000000383e600000]
Native frames: (J=compiled Java code, j=interpreted, Vv=VM code, C=native code)
V  [jvm.dll+0x688de9]
V  [jvm.dll+0x8423da]
V  [jvm.dll+0x84401e]
V  [jvm.dll+0x844683]
V  [jvm.dll+0x24be0f]
V  [jvm.dll+0xac524]
V  [jvm.dll+0xacb6c]
V  [jvm.dll+0x36bd67]
V  [jvm.dll+0x1be002]
V  [jvm.dll+0x21dbf9]
V  [jvm.dll+0x21cec1]
V  [jvm.dll+0x1a60ad]
V  [jvm.dll+0x22cd78]
V  [jvm.dll+0x22aeb0]
V  [jvm.dll+0x7f6877]
V  [jvm.dll+0x7f0c7a]
V  [jvm.dll+0x687c65]
C  [ucrtbase.dll+0x29333]
C  [KERNEL32.DLL+0x1257d]
C  [ntdll.dll+0x5aa48]


---------------  P R O C E S S  ---------------

Threads class SMR info:
_java_thread_list=0x00000212c90929d0, length=42, elements={
0x00000212a853f420, 0x00000212c4356040, 0x00000212c4394ef0, 0x00000212c4533290,
0x00000212c4533d60, 0x00000212c4534920, 0x00000212c45372f0, 0x00000212c4537fe0,
0x00000212c4538a90, 0x00000212c453a3b0, 0x00000212c46c8010, 0x00000212c46ce510,
0x00000212cac26340, 0x00000212ca8e9a90, 0x00000212cac7ff80, 0x00000212ca7a20d0,
0x00000212ca7a25b0, 0x00000212ca63ddd0, 0x00000212ca40db50, 0x00000212ca0824b0,
0x00000212c935bb20, 0x00000212c935c540, 0x00000212c935cf60, 0x00000212c935d470,
0x00000212c935a6e0, 0x00000212c935ca50, 0x00000212c935a1d0, 0x00000212cb038e50,
0x00000212cb039870, 0x00000212cb034260, 0x00000212cb033840, 0x00000212cb037500,
0x00000212cb035bb0, 0x00000212cb032400, 0x00000212cb039d80, 0x00000212cb033d50,
0x00000212cb037a10, 0x00000212cb034770, 0x00000212cb038940, 0x00000212cb039360,
0x00000212cb032910, 0x00000212cac4b590
}

Java Threads: ( => current thread )
  0x00000212a853f420 JavaThread "main" [_thread_blocked, id=5672, stack(0x000000383d800000,0x000000383d900000)]
  0x00000212c4356040 JavaThread "Reference Handler" daemon [_thread_blocked, id=5292, stack(0x000000383df00000,0x000000383e000000)]
  0x00000212c4394ef0 JavaThread "Finalizer" daemon [_thread_blocked, id=11256, stack(0x000000383e000000,0x000000383e100000)]
  0x00000212c4533290 JavaThread "Signal Dispatcher" daemon [_thread_blocked, id=16208, stack(0x000000383e100000,0x000000383e200000)]
  0x00000212c4533d60 JavaThread "Attach Listener" daemon [_thread_blocked, id=5712, stack(0x000000383e200000,0x000000383e300000)]
  0x00000212c4534920 JavaThread "Service Thread" daemon [_thread_blocked, id=4824, stack(0x000000383e300000,0x000000383e400000)]
  0x00000212c45372f0 JavaThread "Monitor Deflation Thread" daemon [_thread_blocked, id=12608, stack(0x000000383e400000,0x000000383e500000)]
=>0x00000212c4537fe0 JavaThread "C2 CompilerThread0" daemon [_thread_in_native, id=3300, stack(0x000000383e500000,0x000000383e600000)]
  0x00000212c4538a90 JavaThread "C1 CompilerThread0" daemon [_thread_blocked, id=13384, stack(0x000000383e600000,0x000000383e700000)]
  0x00000212c453a3b0 JavaThread "Sweeper thread" daemon [_thread_blocked, id=10904, stack(0x000000383e700000,0x000000383e800000)]
  0x00000212c46c8010 JavaThread "Common-Cleaner" daemon [_thread_blocked, id=8056, stack(0x000000383e800000,0x000000383e900000)]
  0x00000212c46ce510 JavaThread "Notification Thread" daemon [_thread_blocked, id=3128, stack(0x000000383e900000,0x000000383ea00000)]
  0x00000212cac26340 JavaThread "Daemon health stats" [_thread_blocked, id=8316, stack(0x000000383f100000,0x000000383f200000)]
  0x00000212ca8e9a90 JavaThread "Incoming local TCP Connector on port 4910" [_thread_in_native, id=1684, stack(0x000000383f000000,0x000000383f100000)]
  0x00000212cac7ff80 JavaThread "Daemon periodic checks" [_thread_blocked, id=2152, stack(0x000000383f200000,0x000000383f300000)]
  0x00000212ca7a20d0 JavaThread "Daemon" [_thread_blocked, id=16204, stack(0x000000383f300000,0x000000383f400000)]
  0x00000212ca7a25b0 JavaThread "Handler for socket connection from /127.0.0.1:4910 to /127.0.0.1:4911" [_thread_in_native, id=2360, stack(0x000000383f400000,0x000000383f500000)]
  0x00000212ca63ddd0 JavaThread "Cancel handler" [_thread_blocked, id=9900, stack(0x000000383f500000,0x000000383f600000)]
  0x00000212ca40db50 JavaThread "Daemon worker" [_thread_in_Java, id=9336, stack(0x000000383f600000,0x000000383f700000)]
  0x00000212ca0824b0 JavaThread "Asynchronous log dispatcher for DefaultDaemonConnection: socket connection from /127.0.0.1:4910 to /127.0.0.1:4911" [_thread_blocked, id=9044, stack(0x000000383f700000,0x000000383f800000)]
  0x00000212c935bb20 JavaThread "Stdin handler" [_thread_blocked, id=12428, stack(0x000000383f800000,0x000000383f900000)]
  0x00000212c935c540 JavaThread "Daemon client event forwarder" [_thread_blocked, id=10720, stack(0x000000383f900000,0x000000383fa00000)]
  0x00000212c935cf60 JavaThread "Cache worker for journal cache (C:\Users\compu market\.gradle\caches\journal-1)" [_thread_blocked, id=12616, stack(0x000000383fa00000,0x000000383fb00000)]
  0x00000212c935d470 JavaThread "File lock request listener" [_thread_in_native, id=15036, stack(0x000000383fb00000,0x000000383fc00000)]
  0x00000212c935a6e0 JavaThread "Cache worker for file hash cache (C:\Users\compu market\.gradle\caches\7.5\fileHashes)" [_thread_blocked, id=9524, stack(0x0000003840000000,0x0000003840100000)]
  0x00000212c935ca50 JavaThread "File watcher server" daemon [_thread_in_native, id=8940, stack(0x000000383eb00000,0x000000383ec00000)]
  0x00000212c935a1d0 JavaThread "File watcher consumer" daemon [_thread_blocked, id=15316, stack(0x0000003840100000,0x0000003840200000)]
  0x00000212cb038e50 JavaThread "jar transforms" [_thread_blocked, id=2508, stack(0x0000003840300000,0x0000003840400000)]
  0x00000212cb039870 JavaThread "jar transforms Thread 2" [_thread_blocked, id=11248, stack(0x0000003840400000,0x0000003840500000)]
  0x00000212cb034260 JavaThread "jar transforms Thread 3" [_thread_blocked, id=6936, stack(0x0000003840500000,0x0000003840600000)]
  0x00000212cb033840 JavaThread "jar transforms Thread 4" [_thread_blocked, id=10608, stack(0x0000003840600000,0x0000003840700000)]
  0x00000212cb037500 JavaThread "jar transforms Thread 5" [_thread_blocked, id=11672, stack(0x0000003840700000,0x0000003840800000)]
  0x00000212cb035bb0 JavaThread "jar transforms Thread 6" [_thread_blocked, id=5840, stack(0x0000003840800000,0x0000003840900000)]
  0x00000212cb032400 JavaThread "jar transforms Thread 7" [_thread_blocked, id=11472, stack(0x0000003840900000,0x0000003840a00000)]
  0x00000212cb039d80 JavaThread "jar transforms Thread 8" [_thread_blocked, id=14316, stack(0x0000003840a00000,0x0000003840b00000)]
  0x00000212cb033d50 JavaThread "Cache worker for checksums cache (E:\Android\Movies\.gradle\7.5\checksums)" [_thread_blocked, id=7480, stack(0x0000003840c00000,0x0000003840d00000)]
  0x00000212cb037a10 JavaThread "Cache worker for cache directory md-rule (C:\Users\compu market\.gradle\caches\7.5\md-rule)" [_thread_blocked, id=16260, stack(0x0000003840d00000,0x0000003840e00000)]
  0x00000212cb034770 JavaThread "Cache worker for file content cache (C:\Users\compu market\.gradle\caches\7.5\fileContent)" [_thread_blocked, id=14104, stack(0x0000003840e00000,0x0000003840f00000)]
  0x00000212cb038940 JavaThread "Cache worker for file hash cache (E:\Android\Movies\.gradle\7.5\fileHashes)" [_thread_blocked, id=6024, stack(0x0000003840f00000,0x0000003841000000)]
  0x00000212cb039360 JavaThread "Cache worker for cache directory md-supplier (C:\Users\compu market\.gradle\caches\7.5\md-supplier)" [_thread_blocked, id=15876, stack(0x0000003841000000,0x0000003841100000)]
  0x00000212cb032910 JavaThread "Cache worker for execution history cache (C:\Users\compu market\.gradle\caches\7.5\executionHistory)" [_thread_blocked, id=11832, stack(0x0000003840200000,0x0000003840300000)]
  0x00000212cac4b590 JavaThread "C2 CompilerThread1" daemon [_thread_in_native, id=9568, stack(0x0000003841100000,0x0000003841200000)]

Other Threads:
  0x00000212c4355b10 VMThread "VM Thread" [stack: 0x000000383de00000,0x000000383df00000] [id=1388]
  0x00000212c46ce9f0 WatcherThread [stack: 0x000000383ea00000,0x000000383eb00000] [id=5724]
  0x00000212a859b6d0 GCTaskThread "GC Thread#0" [stack: 0x000000383d900000,0x000000383da00000] [id=14096]
  0x00000212c9ecde10 GCTaskThread "GC Thread#1" [stack: 0x000000383ed00000,0x000000383ee00000] [id=6228]
  0x00000212c9a39270 GCTaskThread "GC Thread#2" [stack: 0x000000383ee00000,0x000000383ef00000] [id=7076]
  0x00000212ca36c3d0 GCTaskThread "GC Thread#3" [stack: 0x000000383ef00000,0x000000383f000000] [id=4208]
  0x00000212c92394d0 GCTaskThread "GC Thread#4" [stack: 0x000000383ec00000,0x000000383ed00000] [id=15684]
  0x00000212caf12050 GCTaskThread "GC Thread#5" [stack: 0x000000383fc00000,0x000000383fd00000] [id=12732]
  0x00000212cac09d10 GCTaskThread "GC Thread#6" [stack: 0x000000383fd00000,0x000000383fe00000] [id=10932]
  0x00000212cac09fd0 GCTaskThread "GC Thread#7" [stack: 0x000000383fe00000,0x000000383ff00000] [id=2348]
  0x00000212a85ac4c0 ConcurrentGCThread "G1 Main Marker" [stack: 0x000000383da00000,0x000000383db00000] [id=13720]
  0x00000212a85acd80 ConcurrentGCThread "G1 Conc#0" [stack: 0x000000383db00000,0x000000383dc00000] [id=10536]
  0x00000212cb30c860 ConcurrentGCThread "G1 Conc#1" [stack: 0x000000383ff00000,0x0000003840000000] [id=14504]
  0x00000212a85ed8c0 ConcurrentGCThread "G1 Refine#0" [stack: 0x000000383dc00000,0x000000383dd00000] [id=10768]
  0x00000212c99b5ee0 ConcurrentGCThread "G1 Refine#1" [stack: 0x0000003840b00000,0x0000003840c00000] [id=7524]
  0x00000212a85ee190 ConcurrentGCThread "G1 Service" [stack: 0x000000383dd00000,0x000000383de00000] [id=11132]

Threads with active compile tasks:
C2 CompilerThread0     7968 4100       4       groovy.lang.MetaClassImpl$1MOPIter::methodNameAction (325 bytes)
C2 CompilerThread1     7968 4097       4       org.codehaus.groovy.runtime.metaclass.MetaMethodIndex::addMethodToList (131 bytes)

VM state: not at safepoint (normal execution)

VM Mutex/Monitor currently owned by a thread: None

Heap address: 0x0000000080000000, size: 2048 MB, Compressed Oops mode: 32-bit

CDS archive(s) not mapped
Compressed class space mapped at: 0x0000000100000000-0x0000000140000000, reserved size: 1073741824
Narrow klass base: 0x0000000000000000, Narrow klass shift: 3, Narrow klass range: 0x140000000

GC Precious Log:
 CPUs: 8 total, 8 available
 Memory: 8033M
 Large Page Support: Disabled
 NUMA Support: Disabled
 Compressed Oops: Enabled (32-bit)
 Heap Region Size: 1M
 Heap Min Capacity: 8M
 Heap Initial Capacity: 126M
 Heap Max Capacity: 2G
 Pre-touch: Disabled
 Parallel Workers: 8
 Concurrent Workers: 2
 Concurrent Refinement Workers: 8
 Periodic GC: Disabled

Heap:
 garbage-first heap   total 103424K, used 64989K [0x0000000080000000, 0x0000000100000000)
  region size 1024K, 13 young (13312K), 3 survivors (3072K)
 Metaspace       used 47513K, committed 47936K, reserved 1114112K
  class space    used 6207K, committed 6400K, reserved 1048576K

Heap Regions: E=young(eden), S=young(survivor), O=old, HS=humongous(starts), HC=humongous(continues), CS=collection set, F=free, OA=open archive, CA=closed archive, TAMS=top-at-mark-start (previous, next)
|   0|0x0000000080000000, 0x0000000080100000, 0x0000000080100000|100%| O|  |TAMS 0x0000000080100000, 0x0000000080000000| Untracked 
|   1|0x0000000080100000, 0x0000000080200000, 0x0000000080200000|100%| O|  |TAMS 0x0000000080200000, 0x0000000080100000| Untracked 
|   2|0x0000000080200000, 0x0000000080300000, 0x0000000080300000|100%| O|  |TAMS 0x0000000080300000, 0x0000000080200000| Untracked 
|   3|0x0000000080300000, 0x0000000080400000, 0x0000000080400000|100%|HS|  |TAMS 0x0000000080400000, 0x0000000080300000| Complete 
|   4|0x0000000080400000, 0x0000000080500000, 0x0000000080500000|100%|HC|  |TAMS 0x0000000080500000, 0x0000000080400000| Complete 
|   5|0x0000000080500000, 0x0000000080600000, 0x0000000080600000|100%|HC|  |TAMS 0x0000000080600000, 0x0000000080500000| Complete 
|   6|0x0000000080600000, 0x0000000080700000, 0x0000000080700000|100%| O|  |TAMS 0x0000000080700000, 0x0000000080600000| Untracked 
|   7|0x0000000080700000, 0x0000000080800000, 0x0000000080800000|100%| O|  |TAMS 0x0000000080800000, 0x0000000080700000| Untracked 
|   8|0x0000000080800000, 0x0000000080900000, 0x0000000080900000|100%| O|  |TAMS 0x0000000080900000, 0x0000000080800000| Untracked 
|   9|0x0000000080900000, 0x0000000080a00000, 0x0000000080a00000|100%| O|  |TAMS 0x0000000080a00000, 0x0000000080900000| Untracked 
|  10|0x0000000080a00000, 0x0000000080a61c00, 0x0000000080b00000| 38%| O|  |TAMS 0x0000000080a61c00, 0x0000000080a00000| Complete 
|  11|0x0000000080b00000, 0x0000000080c00000, 0x0000000080c00000|100%| O|  |TAMS 0x0000000080c00000, 0x0000000080b00000| Untracked 
|  12|0x0000000080c00000, 0x0000000080d00000, 0x0000000080d00000|100%| O|  |TAMS 0x0000000080d00000, 0x0000000080c00000| Untracked 
|  13|0x0000000080d00000, 0x0000000080e00000, 0x0000000080e00000|100%| O|  |TAMS 0x0000000080e00000, 0x0000000080d00000| Untracked 
|  14|0x0000000080e00000, 0x0000000080f00000, 0x0000000080f00000|100%| O|  |TAMS 0x0000000080f00000, 0x0000000080e00000| Untracked 
|  15|0x0000000080f00000, 0x0000000081000000, 0x0000000081000000|100%| O|  |TAMS 0x0000000081000000, 0x0000000080f00000| Untracked 
|  16|0x0000000081000000, 0x0000000081100000, 0x0000000081100000|100%| O|  |TAMS 0x0000000081100000, 0x0000000081000000| Untracked 
|  17|0x0000000081100000, 0x0000000081200000, 0x0000000081200000|100%| O|  |TAMS 0x0000000081200000, 0x0000000081100000| Untracked 
|  18|0x0000000081200000, 0x0000000081300000, 0x0000000081300000|100%|HS|  |TAMS 0x0000000081300000, 0x0000000081200000| Complete 
|  19|0x0000000081300000, 0x0000000081400000, 0x0000000081400000|100%|HC|  |TAMS 0x0000000081400000, 0x0000000081300000| Complete 
|  20|0x0000000081400000, 0x0000000081500000, 0x0000000081500000|100%|HC|  |TAMS 0x0000000081500000, 0x0000000081400000| Complete 
|  21|0x0000000081500000, 0x0000000081600000, 0x0000000081600000|100%|HC|  |TAMS 0x0000000081600000, 0x0000000081500000| Complete 
|  22|0x0000000081600000, 0x0000000081700000, 0x0000000081700000|100%|HC|  |TAMS 0x0000000081700000, 0x0000000081600000| Complete 
|  23|0x0000000081700000, 0x0000000081800000, 0x0000000081800000|100%|HS|  |TAMS 0x0000000081800000, 0x0000000081700000| Complete 
|  24|0x0000000081800000, 0x0000000081900000, 0x0000000081900000|100%| O|  |TAMS 0x0000000081900000, 0x0000000081800000| Untracked 
|  25|0x0000000081900000, 0x0000000081a00000, 0x0000000081a00000|100%| O|  |TAMS 0x0000000081a00000, 0x0000000081900000| Untracked 
|  26|0x0000000081a00000, 0x0000000081b00000, 0x0000000081b00000|100%| O|  |TAMS 0x0000000081b00000, 0x0000000081a00000| Untracked 
|  27|0x0000000081b00000, 0x0000000081c00000, 0x0000000081c00000|100%|HS|  |TAMS 0x0000000081c00000, 0x0000000081b00000| Complete 
|  28|0x0000000081c00000, 0x0000000081d00000, 0x0000000081d00000|100%|HC|  |TAMS 0x0000000081d00000, 0x0000000081c00000| Complete 
|  29|0x0000000081d00000, 0x0000000081e00000, 0x0000000081e00000|100%|HC|  |TAMS 0x0000000081e00000, 0x0000000081d00000| Complete 
|  30|0x0000000081e00000, 0x0000000081f00000, 0x0000000081f00000|100%|HS|  |TAMS 0x0000000081f00000, 0x0000000081e00000| Complete 
|  31|0x0000000081f00000, 0x0000000082000000, 0x0000000082000000|100%|HC|  |TAMS 0x0000000082000000, 0x0000000081f00000| Complete 
|  32|0x0000000082000000, 0x0000000082100000, 0x0000000082100000|100%|HC|  |TAMS 0x0000000082100000, 0x0000000082000000| Complete 
|  33|0x0000000082100000, 0x0000000082200000, 0x0000000082200000|100%| O|  |TAMS 0x0000000082200000, 0x0000000082100000| Untracked 
|  34|0x0000000082200000, 0x0000000082300000, 0x0000000082300000|100%| O|  |TAMS 0x0000000082300000, 0x0000000082200000| Untracked 
|  35|0x0000000082300000, 0x0000000082400000, 0x0000000082400000|100%| O|  |TAMS 0x0000000082400000, 0x0000000082300000| Untracked 
|  36|0x0000000082400000, 0x0000000082500000, 0x0000000082500000|100%| O|  |TAMS 0x0000000082500000, 0x0000000082400000| Untracked 
|  37|0x0000000082500000, 0x0000000082600000, 0x0000000082600000|100%| O|  |TAMS 0x0000000082600000, 0x0000000082500000| Untracked 
|  38|0x0000000082600000, 0x0000000082700000, 0x0000000082700000|100%| O|  |TAMS 0x0000000082700000, 0x0000000082600000| Untracked 
|  39|0x0000000082700000, 0x0000000082800000, 0x0000000082800000|100%| O|  |TAMS 0x0000000082800000, 0x0000000082700000| Untracked 
|  40|0x0000000082800000, 0x0000000082900000, 0x0000000082900000|100%| O|  |TAMS 0x0000000082900000, 0x0000000082800000| Untracked 
|  41|0x0000000082900000, 0x0000000082a00000, 0x0000000082a00000|100%| O|  |TAMS 0x0000000082a00000, 0x0000000082900000| Untracked 
|  42|0x0000000082a00000, 0x0000000082b00000, 0x0000000082b00000|100%| O|  |TAMS 0x0000000082b00000, 0x0000000082a00000| Untracked 
|  43|0x0000000082b00000, 0x0000000082c00000, 0x0000000082c00000|100%| O|  |TAMS 0x0000000082c00000, 0x0000000082b00000| Untracked 
|  44|0x0000000082c00000, 0x0000000082c86600, 0x0000000082d00000| 52%| O|  |TAMS 0x0000000082c86600, 0x0000000082c00000| Untracked 
|  45|0x0000000082d00000, 0x0000000082e00000, 0x0000000082e00000|100%|HS|  |TAMS 0x0000000082e00000, 0x0000000082d00000| Complete 
|  46|0x0000000082e00000, 0x0000000082f00000, 0x0000000082f00000|100%|HC|  |TAMS 0x0000000082f00000, 0x0000000082e00000| Complete 
|  47|0x0000000082f00000, 0x0000000083000000, 0x0000000083000000|100%|HC|  |TAMS 0x0000000083000000, 0x0000000082f00000| Complete 
|  48|0x0000000083000000, 0x0000000083100000, 0x0000000083100000|100%|HS|  |TAMS 0x0000000083000000, 0x0000000083000000| Complete 
|  49|0x0000000083100000, 0x0000000083200000, 0x0000000083200000|100%|HC|  |TAMS 0x0000000083100000, 0x0000000083100000| Complete 
|  50|0x0000000083200000, 0x0000000083300000, 0x0000000083300000|100%|HC|  |TAMS 0x0000000083200000, 0x0000000083200000| Complete 
|  51|0x0000000083300000, 0x0000000083400000, 0x0000000083400000|100%|HC|  |TAMS 0x0000000083300000, 0x0000000083300000| Complete 
|  52|0x0000000083400000, 0x0000000083500000, 0x0000000083500000|100%|HC|  |TAMS 0x0000000083400000, 0x0000000083400000| Complete 
|  53|0x0000000083500000, 0x0000000083600000, 0x0000000083600000|100%|HS|  |TAMS 0x0000000083500000, 0x0000000083500000| Complete 
|  54|0x0000000083600000, 0x0000000083600000, 0x0000000083700000|  0%| F|  |TAMS 0x0000000083600000, 0x0000000083600000| Untracked 
|  55|0x0000000083700000, 0x0000000083700000, 0x0000000083800000|  0%| F|  |TAMS 0x0000000083700000, 0x0000000083700000| Untracked 
|  56|0x0000000083800000, 0x0000000083800000, 0x0000000083900000|  0%| F|  |TAMS 0x0000000083800000, 0x0000000083800000| Untracked 
|  57|0x0000000083900000, 0x0000000083900000, 0x0000000083a00000|  0%| F|  |TAMS 0x0000000083900000, 0x0000000083900000| Untracked 
|  58|0x0000000083a00000, 0x0000000083a00000, 0x0000000083b00000|  0%| F|  |TAMS 0x0000000083a00000, 0x0000000083a00000| Untracked 
|  59|0x0000000083b00000, 0x0000000083b00000, 0x0000000083c00000|  0%| F|  |TAMS 0x0000000083b00000, 0x0000000083b00000| Untracked 
|  60|0x0000000083c00000, 0x0000000083c00000, 0x0000000083d00000|  0%| F|  |TAMS 0x0000000083c00000, 0x0000000083c00000| Untracked 
|  61|0x0000000083d00000, 0x0000000083d00000, 0x0000000083e00000|  0%| F|  |TAMS 0x0000000083d00000, 0x0000000083d00000| Untracked 
|  62|0x0000000083e00000, 0x0000000083e00000, 0x0000000083f00000|  0%| F|  |TAMS 0x0000000083e00000, 0x0000000083e00000| Untracked 
|  63|0x0000000083f00000, 0x0000000083f00000, 0x0000000084000000|  0%| F|  |TAMS 0x0000000083f00000, 0x0000000083f00000| Untracked 
|  64|0x0000000084000000, 0x0000000084000000, 0x0000000084100000|  0%| F|  |TAMS 0x0000000084000000, 0x0000000084000000| Untracked 
|  65|0x0000000084100000, 0x0000000084100000, 0x0000000084200000|  0%| F|  |TAMS 0x0000000084100000, 0x0000000084100000| Untracked 
|  66|0x0000000084200000, 0x0000000084200000, 0x0000000084300000|  0%| F|  |TAMS 0x0000000084200000, 0x0000000084200000| Untracked 
|  67|0x0000000084300000, 0x0000000084300000, 0x0000000084400000|  0%| F|  |TAMS 0x0000000084300000, 0x0000000084300000| Untracked 
|  68|0x0000000084400000, 0x0000000084400000, 0x0000000084500000|  0%| F|  |TAMS 0x0000000084400000, 0x0000000084400000| Untracked 
|  69|0x0000000084500000, 0x0000000084500000, 0x0000000084600000|  0%| F|  |TAMS 0x0000000084500000, 0x0000000084500000| Untracked 
|  70|0x0000000084600000, 0x0000000084600000, 0x0000000084700000|  0%| F|  |TAMS 0x0000000084600000, 0x0000000084600000| Untracked 
|  71|0x0000000084700000, 0x0000000084700000, 0x0000000084800000|  0%| F|  |TAMS 0x0000000084700000, 0x0000000084700000| Untracked 
|  72|0x0000000084800000, 0x0000000084800000, 0x0000000084900000|  0%| F|  |TAMS 0x0000000084800000, 0x0000000084800000| Untracked 
|  73|0x0000000084900000, 0x0000000084900000, 0x0000000084a00000|  0%| F|  |TAMS 0x0000000084900000, 0x0000000084900000| Untracked 
|  74|0x0000000084a00000, 0x0000000084a00000, 0x0000000084b00000|  0%| F|  |TAMS 0x0000000084a00000, 0x0000000084a00000| Untracked 
|  75|0x0000000084b00000, 0x0000000084b00000, 0x0000000084c00000|  0%| F|  |TAMS 0x0000000084b00000, 0x0000000084b00000| Untracked 
|  76|0x0000000084c00000, 0x0000000084c00000, 0x0000000084d00000|  0%| F|  |TAMS 0x0000000084c00000, 0x0000000084c00000| Untracked 
|  77|0x0000000084d00000, 0x0000000084d00000, 0x0000000084e00000|  0%| F|  |TAMS 0x0000000084d00000, 0x0000000084d00000| Untracked 
|  78|0x0000000084e00000, 0x0000000084e00000, 0x0000000084f00000|  0%| F|  |TAMS 0x0000000084e00000, 0x0000000084e00000| Untracked 
|  79|0x0000000084f00000, 0x0000000084f00000, 0x0000000085000000|  0%| F|  |TAMS 0x0000000084f00000, 0x0000000084f00000| Untracked 
|  80|0x0000000085000000, 0x0000000085000000, 0x0000000085100000|  0%| F|  |TAMS 0x0000000085000000, 0x0000000085000000| Untracked 
|  81|0x0000000085100000, 0x0000000085100000, 0x0000000085200000|  0%| F|  |TAMS 0x0000000085100000, 0x0000000085100000| Untracked 
|  82|0x0000000085200000, 0x0000000085200000, 0x0000000085300000|  0%| F|  |TAMS 0x0000000085200000, 0x0000000085200000| Untracked 
|  83|0x0000000085300000, 0x0000000085300000, 0x0000000085400000|  0%| F|  |TAMS 0x0000000085300000, 0x0000000085300000| Untracked 
|  84|0x0000000085400000, 0x0000000085400000, 0x0000000085500000|  0%| F|  |TAMS 0x0000000085400000, 0x0000000085400000| Untracked 
|  85|0x0000000085500000, 0x0000000085500000, 0x0000000085600000|  0%| F|  |TAMS 0x0000000085500000, 0x0000000085500000| Untracked 
|  86|0x0000000085600000, 0x0000000085600000, 0x0000000085700000|  0%| F|  |TAMS 0x0000000085600000, 0x0000000085600000| Untracked 
|  87|0x0000000085700000, 0x000000008577ea00, 0x0000000085800000| 49%| E|  |TAMS 0x0000000085700000, 0x0000000085700000| Complete 
|  88|0x0000000085800000, 0x0000000085900000, 0x0000000085900000|100%| E|CS|TAMS 0x0000000085800000, 0x0000000085800000| Complete 
|  89|0x0000000085900000, 0x0000000085a00000, 0x0000000085a00000|100%| E|  |TAMS 0x0000000085900000, 0x0000000085900000| Complete 
|  90|0x0000000085a00000, 0x0000000085b00000, 0x0000000085b00000|100%| E|CS|TAMS 0x0000000085a00000, 0x0000000085a00000| Complete 
|  91|0x0000000085b00000, 0x0000000085c00000, 0x0000000085c00000|100%| E|CS|TAMS 0x0000000085b00000, 0x0000000085b00000| Complete 
|  92|0x0000000085c00000, 0x0000000085d00000, 0x0000000085d00000|100%| E|CS|TAMS 0x0000000085c00000, 0x0000000085c00000| Complete 
|  93|0x0000000085d00000, 0x0000000085e00000, 0x0000000085e00000|100%| E|CS|TAMS 0x0000000085d00000, 0x0000000085d00000| Complete 
|  94|0x0000000085e00000, 0x0000000085f00000, 0x0000000085f00000|100%| E|CS|TAMS 0x0000000085e00000, 0x0000000085e00000| Complete 
|  95|0x0000000085f00000, 0x0000000086000000, 0x0000000086000000|100%| E|CS|TAMS 0x0000000085f00000, 0x0000000085f00000| Complete 
|  96|0x0000000086000000, 0x0000000086100000, 0x0000000086100000|100%| E|CS|TAMS 0x0000000086000000, 0x0000000086000000| Complete 
|  97|0x0000000086100000, 0x000000008618f2c0, 0x0000000086200000| 55%| S|CS|TAMS 0x0000000086100000, 0x0000000086100000| Complete 
|  98|0x0000000086200000, 0x0000000086300000, 0x0000000086300000|100%| S|CS|TAMS 0x0000000086200000, 0x0000000086200000| Complete 
|  99|0x0000000086300000, 0x0000000086400000, 0x0000000086400000|100%| S|CS|TAMS 0x0000000086300000, 0x0000000086300000| Complete 
| 125|0x0000000087d00000, 0x0000000087e00000, 0x0000000087e00000|100%| E|CS|TAMS 0x0000000087d00000, 0x0000000087d00000| Complete 

Card table byte_map: [0x00000212bd0b0000,0x00000212bd4b0000] _byte_map_base: 0x00000212bccb0000

Marking Bits (Prev, Next): (CMBitMap*) 0x00000212a859bb90, (CMBitMap*) 0x00000212a859bbd0
 Prev Bits: [0x00000212bd8b0000, 0x00000212bf8b0000)
 Next Bits: [0x00000212bf8b0000, 0x00000212c18b0000)

Polling page: 0x00000212a83d0000

Metaspace:

Usage:
  Non-class:     40.37 MB used.
      Class:      6.07 MB used.
       Both:     46.43 MB used.

Virtual space:
  Non-class space:       64.00 MB reserved,      40.62 MB ( 63%) committed,  1 nodes.
      Class space:        1.00 GB reserved,       6.25 MB ( <1%) committed,  1 nodes.
             Both:        1.06 GB reserved,      46.88 MB (  4%) committed. 

Chunk freelists:
   Non-Class:  7.34 MB
       Class:  9.70 MB
        Both:  17.05 MB

MaxMetaspaceSize: unlimited
CompressedClassSpaceSize: 1.00 GB
Initial GC threshold: 21.00 MB
Current GC threshold: 75.94 MB
CDS: off
MetaspaceReclaimPolicy: balanced
 - commit_granule_bytes: 65536.
 - commit_granule_words: 8192.
 - virtual_space_node_default_size: 8388608.
 - enlarge_chunks_in_place: 1.
 - new_chunks_are_fully_committed: 0.
 - uncommit_free_chunks: 1.
 - use_allocation_guard: 0.
 - handle_deallocations: 1.


Internal statistics:

num_allocs_failed_limit: 3.
num_arena_births: 440.
num_arena_deaths: 0.
num_vsnodes_births: 2.
num_vsnodes_deaths: 0.
num_space_committed: 750.
num_space_uncommitted: 0.
num_chunks_returned_to_freelist: 3.
num_chunks_taken_from_freelist: 1930.
num_chunk_merges: 3.
num_chunk_splits: 1231.
num_chunks_enlarged: 827.
num_inconsistent_stats: 0.

CodeHeap 'non-profiled nmethods': size=120000Kb used=2453Kb max_used=2453Kb free=117546Kb
 bounds [0x00000212b4d10000, 0x00000212b4f80000, 0x00000212bc240000]
CodeHeap 'profiled nmethods': size=120000Kb used=8797Kb max_used=8797Kb free=111202Kb
 bounds [0x00000212ad240000, 0x00000212adae0000, 0x00000212b4770000]
CodeHeap 'non-nmethods': size=5760Kb used=2304Kb max_used=2367Kb free=3455Kb
 bounds [0x00000212b4770000, 0x00000212b49e0000, 0x00000212b4d10000]
 total_blobs=5061 nmethods=4244 adapters=729
 compilation: enabled
              stopped_count=0, restarted_count=0
 full_count=0

Compilation events (20 events):
Event: 7.924 Thread 0x00000212c4538a90 4260       1       com.google.common.collect.MapMakerInternalMap$StrongKeyWeakValueSegment::access$100 (5 bytes)
Event: 7.924 Thread 0x00000212c4538a90 nmethod 4260 0x00000212b4f74e10 code [0x00000212b4f74fa0, 0x00000212b4f75058]
Event: 7.928 Thread 0x00000212c4538a90 4261       1       java.util.Spliterators$EmptySpliterator::characteristics (4 bytes)
Event: 7.928 Thread 0x00000212c4538a90 nmethod 4261 0x00000212b4f75110 code [0x00000212b4f752a0, 0x00000212b4f75378]
Event: 7.928 Thread 0x00000212c4538a90 4262       3       jdk.internal.loader.ClassLoaders::platformClassLoader (4 bytes)
Event: 7.928 Thread 0x00000212c4538a90 nmethod 4262 0x00000212adacdd10 code [0x00000212adacdea0, 0x00000212adacdf98]
Event: 7.928 Thread 0x00000212c4538a90 4263       3       jdk.internal.jimage.BasicImageReader::getLocationIndex (52 bytes)
Event: 7.928 Thread 0x00000212c4538a90 nmethod 4263 0x00000212adace010 code [0x00000212adace200, 0x00000212adace698]
Event: 7.928 Thread 0x00000212c4538a90 4264       3       jdk.internal.jimage.ImageStringsReader::hashCode (8 bytes)
Event: 7.928 Thread 0x00000212c4538a90 nmethod 4264 0x00000212adace890 code [0x00000212adacea40, 0x00000212adacebf8]
Event: 7.928 Thread 0x00000212c4538a90 4265       3       java.lang.Character::isJavaIdentifierPart (9 bytes)
Event: 7.929 Thread 0x00000212c4538a90 nmethod 4265 0x00000212adaced10 code [0x00000212adaceec0, 0x00000212adacf0b8]
Event: 7.929 Thread 0x00000212c4538a90 4266       3       java.lang.CharacterDataLatin1::isJavaIdentifierPart (20 bytes)
Event: 7.929 Thread 0x00000212c4538a90 nmethod 4266 0x00000212adacf190 code [0x00000212adacf340, 0x00000212adacf558]
Event: 7.929 Thread 0x00000212c4538a90 4267       3       com.google.common.collect.MapMakerInternalMap$StrongKeyWeakValueSegment::self (5 bytes)
Event: 7.929 Thread 0x00000212c4538a90 nmethod 4267 0x00000212adacf690 code [0x00000212adacf820, 0x00000212adacf998]
Event: 7.929 Thread 0x00000212c4538a90 4268       3       com.google.common.collect.MapMakerInternalMap$StrongKeyWeakValueSegment::self (2 bytes)
Event: 7.929 Thread 0x00000212c4538a90 nmethod 4268 0x00000212adacfa90 code [0x00000212adacfc20, 0x00000212adacfd38]
Event: 7.931 Thread 0x00000212c4538a90 4270       3       com.google.common.collect.MapMakerInternalMap$Segment::getEntry (80 bytes)
Event: 7.932 Thread 0x00000212c4538a90 nmethod 4270 0x00000212adacfe10 code [0x00000212adad00c0, 0x00000212adad1108]

GC Heap History (20 events):
Event: 5.113 GC heap before
{Heap before GC invocations=5 (full 0):
 garbage-first heap   total 68608K, used 58580K [0x0000000080000000, 0x0000000100000000)
  region size 1024K, 29 young (29696K), 2 survivors (2048K)
 Metaspace       used 30504K, committed 30848K, reserved 1114112K
  class space    used 4121K, committed 4288K, reserved 1048576K
}
Event: 5.119 GC heap after
{Heap after GC invocations=6 (full 0):
 garbage-first heap   total 68608K, used 37789K [0x0000000080000000, 0x0000000100000000)
  region size 1024K, 4 young (4096K), 4 survivors (4096K)
 Metaspace       used 30504K, committed 30848K, reserved 1114112K
  class space    used 4121K, committed 4288K, reserved 1048576K
}
Event: 5.563 GC heap before
{Heap before GC invocations=6 (full 0):
 garbage-first heap   total 68608K, used 51101K [0x0000000080000000, 0x0000000100000000)
  region size 1024K, 17 young (17408K), 4 survivors (4096K)
 Metaspace       used 32352K, committed 32640K, reserved 1114112K
  class space    used 4418K, committed 4544K, reserved 1048576K
}
Event: 5.565 GC heap after
{Heap after GC invocations=7 (full 0):
 garbage-first heap   total 68608K, used 37938K [0x0000000080000000, 0x0000000100000000)
  region size 1024K, 1 young (1024K), 1 survivors (1024K)
 Metaspace       used 32352K, committed 32640K, reserved 1114112K
  class space    used 4418K, committed 4544K, reserved 1048576K
}
Event: 6.119 GC heap before
{Heap before GC invocations=8 (full 0):
 garbage-first heap   total 68608K, used 52274K [0x0000000080000000, 0x0000000100000000)
  region size 1024K, 15 young (15360K), 1 survivors (1024K)
 Metaspace       used 34217K, committed 34560K, reserved 1114112K
  class space    used 4743K, committed 4864K, reserved 1048576K
}
Event: 6.121 GC heap after
{Heap after GC invocations=9 (full 0):
 garbage-first heap   total 68608K, used 38474K [0x0000000080000000, 0x0000000100000000)
  region size 1024K, 2 young (2048K), 2 survivors (2048K)
 Metaspace       used 34217K, committed 34560K, reserved 1114112K
  class space    used 4743K, committed 4864K, reserved 1048576K
}
Event: 6.484 GC heap before
{Heap before GC invocations=9 (full 0):
 garbage-first heap   total 68608K, used 51786K [0x0000000080000000, 0x0000000100000000)
  region size 1024K, 16 young (16384K), 2 survivors (2048K)
 Metaspace       used 37179K, committed 37632K, reserved 1114112K
  class space    used 5113K, committed 5312K, reserved 1048576K
}
Event: 6.487 GC heap after
{Heap after GC invocations=10 (full 0):
 garbage-first heap   total 68608K, used 39796K [0x0000000080000000, 0x0000000100000000)
  region size 1024K, 2 young (2048K), 2 survivors (2048K)
 Metaspace       used 37179K, committed 37632K, reserved 1114112K
  class space    used 5113K, committed 5312K, reserved 1048576K
}
Event: 6.958 GC heap before
{Heap before GC invocations=11 (full 0):
 garbage-first heap   total 70656K, used 53108K [0x0000000080000000, 0x0000000100000000)
  region size 1024K, 16 young (16384K), 2 survivors (2048K)
 Metaspace       used 41369K, committed 41728K, reserved 1114112K
  class space    used 5537K, committed 5696K, reserved 1048576K
}
Event: 6.962 GC heap after
{Heap after GC invocations=12 (full 0):
 garbage-first heap   total 70656K, used 42283K [0x0000000080000000, 0x0000000100000000)
  region size 1024K, 2 young (2048K), 2 survivors (2048K)
 Metaspace       used 41369K, committed 41728K, reserved 1114112K
  class space    used 5537K, committed 5696K, reserved 1048576K
}
Event: 7.050 GC heap before
{Heap before GC invocations=12 (full 0):
 garbage-first heap   total 70656K, used 56619K [0x0000000080000000, 0x0000000100000000)
  region size 1024K, 16 young (16384K), 2 survivors (2048K)
 Metaspace       used 41427K, committed 41792K, reserved 1114112K
  class space    used 5537K, committed 5696K, reserved 1048576K
}
Event: 7.052 GC heap after
{Heap after GC invocations=13 (full 0):
 garbage-first heap   total 70656K, used 44022K [0x0000000080000000, 0x0000000100000000)
  region size 1024K, 2 young (2048K), 2 survivors (2048K)
 Metaspace       used 41427K, committed 41792K, reserved 1114112K
  class space    used 5537K, committed 5696K, reserved 1048576K
}
Event: 7.167 GC heap before
{Heap before GC invocations=14 (full 0):
 garbage-first heap   total 78848K, used 50166K [0x0000000080000000, 0x0000000100000000)
  region size 1024K, 10 young (10240K), 2 survivors (2048K)
 Metaspace       used 41887K, committed 42304K, reserved 1114112K
  class space    used 5583K, committed 5760K, reserved 1048576K
}
Event: 7.170 GC heap after
{Heap after GC invocations=15 (full 0):
 garbage-first heap   total 78848K, used 45565K [0x0000000080000000, 0x0000000100000000)
  region size 1024K, 2 young (2048K), 2 survivors (2048K)
 Metaspace       used 41887K, committed 42304K, reserved 1114112K
  class space    used 5583K, committed 5760K, reserved 1048576K
}
Event: 7.497 GC heap before
{Heap before GC invocations=16 (full 0):
 garbage-first heap   total 86016K, used 65021K [0x0000000080000000, 0x0000000100000000)
  region size 1024K, 18 young (18432K), 2 survivors (2048K)
 Metaspace       used 44680K, committed 45120K, reserved 1114112K
  class space    used 5905K, committed 6080K, reserved 1048576K
}
Event: 7.500 GC heap after
{Heap after GC invocations=17 (full 0):
 garbage-first heap   total 86016K, used 46383K [0x0000000080000000, 0x0000000100000000)
  region size 1024K, 3 young (3072K), 3 survivors (3072K)
 Metaspace       used 44680K, committed 45120K, reserved 1114112K
  class space    used 5905K, committed 6080K, reserved 1048576K
}
Event: 7.781 GC heap before
{Heap before GC invocations=17 (full 0):
 garbage-first heap   total 86016K, used 58671K [0x0000000080000000, 0x0000000100000000)
  region size 1024K, 16 young (16384K), 3 survivors (3072K)
 Metaspace       used 46148K, committed 46656K, reserved 1114112K
  class space    used 6127K, committed 6336K, reserved 1048576K
}
Event: 7.784 GC heap after
{Heap after GC invocations=18 (full 0):
 garbage-first heap   total 103424K, used 47297K [0x0000000080000000, 0x0000000100000000)
  region size 1024K, 3 young (3072K), 3 survivors (3072K)
 Metaspace       used 46148K, committed 46656K, reserved 1114112K
  class space    used 6127K, committed 6336K, reserved 1048576K
}
Event: 7.797 GC heap before
{Heap before GC invocations=18 (full 0):
 garbage-first heap   total 103424K, used 50369K [0x0000000080000000, 0x0000000100000000)
  region size 1024K, 4 young (4096K), 3 survivors (3072K)
 Metaspace       used 46149K, committed 46656K, reserved 1114112K
  class space    used 6127K, committed 6336K, reserved 1048576K
}
Event: 7.800 GC heap after
{Heap after GC invocations=19 (full 0):
 garbage-first heap   total 103424K, used 50653K [0x0000000080000000, 0x0000000100000000)
  region size 1024K, 3 young (3072K), 3 survivors (3072K)
 Metaspace       used 46149K, committed 46656K, reserved 1114112K
  class space    used 6127K, committed 6336K, reserved 1048576K
}

Dll operation events (2 events):
Event: 0.010 Loaded shared library C:\Program Files\Android\Android Studio\jbr\bin\java.dll
Event: 0.535 Loaded shared library C:\Program Files\Android\Android Studio\jbr\bin\verify.dll

Deoptimization events (20 events):
Event: 7.424 Thread 0x00000212ca40db50 Uncommon trap: trap_request=0xffffff45 fr.pc=0x00000212b4ef9cac relative=0x000000000000010c
Event: 7.424 Thread 0x00000212ca40db50 Uncommon trap: reason=unstable_if action=reinterpret pc=0x00000212b4ef9cac method=java.util.Arrays.hashCode([Ljava/lang/Object;)I @ 34 c2
Event: 7.424 Thread 0x00000212ca40db50 DEOPT PACKING pc=0x00000212b4ef9cac sp=0x000000383f6f71c0
Event: 7.424 Thread 0x00000212ca40db50 DEOPT UNPACKING pc=0x00000212b47c69a3 sp=0x000000383f6f7138 mode 2
Event: 7.692 Thread 0x00000212ca40db50 DEOPT PACKING pc=0x00000212ad2ce313 sp=0x000000383f6f8b90
Event: 7.692 Thread 0x00000212ca40db50 DEOPT UNPACKING pc=0x00000212b47c7143 sp=0x000000383f6f80c8 mode 0
Event: 7.693 Thread 0x00000212ca40db50 DEOPT PACKING pc=0x00000212ad60a5d4 sp=0x000000383f6f8a80
Event: 7.693 Thread 0x00000212ca40db50 DEOPT UNPACKING pc=0x00000212b47c7143 sp=0x000000383f6f7fd8 mode 0
Event: 7.792 Thread 0x00000212ca40db50 Uncommon trap: trap_request=0xffffff45 fr.pc=0x00000212b4e989e8 relative=0x0000000000002de8
Event: 7.792 Thread 0x00000212ca40db50 Uncommon trap: reason=unstable_if action=reinterpret pc=0x00000212b4e989e8 method=java.util.zip.ZipFile$Source.isMetaName([BII)Z @ 57 c2
Event: 7.792 Thread 0x00000212ca40db50 DEOPT PACKING pc=0x00000212b4e989e8 sp=0x000000383f6f8130
Event: 7.792 Thread 0x00000212ca40db50 DEOPT UNPACKING pc=0x00000212b47c69a3 sp=0x000000383f6f80a0 mode 2
Event: 7.833 Thread 0x00000212ca40db50 Uncommon trap: trap_request=0xffffff45 fr.pc=0x00000212b4e910a8 relative=0x00000000000042e8
Event: 7.833 Thread 0x00000212ca40db50 Uncommon trap: reason=unstable_if action=reinterpret pc=0x00000212b4e910a8 method=java.lang.StringLatin1.regionMatchesCI([BI[BII)Z @ 72 c2
Event: 7.833 Thread 0x00000212ca40db50 DEOPT PACKING pc=0x00000212b4e910a8 sp=0x000000383f6f8980
Event: 7.833 Thread 0x00000212ca40db50 DEOPT UNPACKING pc=0x00000212b47c69a3 sp=0x000000383f6f8738 mode 2
Event: 7.929 Thread 0x00000212ca40db50 Uncommon trap: trap_request=0xffffff45 fr.pc=0x00000212b4d76794 relative=0x00000000000006d4
Event: 7.929 Thread 0x00000212ca40db50 Uncommon trap: reason=unstable_if action=reinterpret pc=0x00000212b4d76794 method=java.util.jar.Manifest$FastInputStream.readLine([BII)I @ 130 c2
Event: 7.929 Thread 0x00000212ca40db50 DEOPT PACKING pc=0x00000212b4d76794 sp=0x000000383f6f63d0
Event: 7.929 Thread 0x00000212ca40db50 DEOPT UNPACKING pc=0x00000212b47c69a3 sp=0x000000383f6f6360 mode 2

Classes unloaded (0 events):
No events

Classes redefined (0 events):
No events

Internal exceptions (20 events):
Event: 7.838 Thread 0x00000212ca40db50 Exception <a 'java/lang/ClassNotFoundException'{0x0000000086058230}: org/gradle/api/internal/plugins/DefaultObjectConfigurationActionBeanInfo> (0x0000000086058230) 
thrown [s\src\hotspot\share\classfile\systemDictionary.cpp, line 256]
Event: 7.839 Thread 0x00000212ca40db50 Exception <a 'java/lang/ClassNotFoundException'{0x0000000086069aa0}: org/gradle/api/internal/plugins/DefaultObjectConfigurationActionCustomizer> (0x0000000086069aa0) 
thrown [s\src\hotspot\share\classfile\systemDictionary.cpp, line 256]
Event: 7.858 Thread 0x00000212ca40db50 Exception <a 'java/lang/ClassNotFoundException'{0x0000000085f4cb00}: JetGradlePluginBeanInfo> (0x0000000085f4cb00) 
thrown [s\src\hotspot\share\classfile\systemDictionary.cpp, line 256]
Event: 7.859 Thread 0x00000212ca40db50 Exception <a 'java/lang/ClassNotFoundException'{0x0000000085f59080}: JetGradlePluginCustomizer> (0x0000000085f59080) 
thrown [s\src\hotspot\share\classfile\systemDictionary.cpp, line 256]
Event: 7.864 Thread 0x00000212ca40db50 Exception <a 'java/lang/ClassNotFoundException'{0x0000000085fa1250}: groovy/lang/ReferenceBeanInfo> (0x0000000085fa1250) 
thrown [s\src\hotspot\share\classfile\systemDictionary.cpp, line 256]
Event: 7.865 Thread 0x00000212ca40db50 Exception <a 'java/lang/ClassNotFoundException'{0x0000000085fc97a0}: groovy/lang/ReferenceCustomizer> (0x0000000085fc97a0) 
thrown [s\src\hotspot\share\classfile\systemDictionary.cpp, line 256]
Event: 7.873 Thread 0x00000212ca40db50 Exception <a 'java/lang/ClassNotFoundException'{0x0000000085e0c910}: org/jetbrains/plugins/gradle/model/internal/DummyModelBeanInfo> (0x0000000085e0c910) 
thrown [s\src\hotspot\share\classfile\systemDictionary.cpp, line 256]
Event: 7.874 Thread 0x00000212ca40db50 Exception <a 'java/lang/ClassNotFoundException'{0x0000000085e17ce0}: org/jetbrains/plugins/gradle/model/internal/DummyModelCustomizer> (0x0000000085e17ce0) 
thrown [s\src\hotspot\share\classfile\systemDictionary.cpp, line 256]
Event: 7.877 Thread 0x00000212ca40db50 Exception <a 'java/lang/ClassNotFoundException'{0x0000000085e479a0}: java/lang/ClassBeanInfo> (0x0000000085e479a0) 
thrown [s\src\hotspot\share\classfile\systemDictionary.cpp, line 256]
Event: 7.877 Thread 0x00000212ca40db50 Exception <a 'java/lang/ClassNotFoundException'{0x0000000085e4ff18}: java/lang/ClassCustomizer> (0x0000000085e4ff18) 
thrown [s\src\hotspot\share\classfile\systemDictionary.cpp, line 256]
Event: 7.887 Thread 0x00000212ca40db50 Exception <a 'java/lang/ClassNotFoundException'{0x0000000085d10d10}: org/gradle/tooling/provider/model/internal/DefaultToolingModelBuilderRegistryBeanInfo> (0x0000000085d10d10) 
thrown [s\src\hotspot\share\classfile\systemDictionary.cpp, line 256]
Event: 7.887 Thread 0x00000212ca40db50 Exception <a 'java/lang/ClassNotFoundException'{0x0000000085d261e0}: org/gradle/tooling/provider/model/internal/DefaultToolingModelBuilderRegistryCustomizer> (0x0000000085d261e0) 
thrown [s\src\hotspot\share\classfile\systemDictionary.cpp, line 256]
Event: 7.893 Thread 0x00000212ca40db50 Exception <a 'java/lang/ClassNotFoundException'{0x0000000085d7e5d0}: org/gradle/internal/service/scopes/GradleScopeServicesBeanInfo> (0x0000000085d7e5d0) 
thrown [s\src\hotspot\share\classfile\systemDictionary.cpp, line 256]
Event: 7.893 Thread 0x00000212ca40db50 Exception <a 'java/lang/ClassNotFoundException'{0x0000000085d933a8}: org/gradle/internal/service/DefaultServiceRegistryBeanInfo> (0x0000000085d933a8) 
thrown [s\src\hotspot\share\classfile\systemDictionary.cpp, line 256]
Event: 7.894 Thread 0x00000212ca40db50 Exception <a 'java/lang/ClassNotFoundException'{0x0000000085da7fe8}: org/gradle/internal/service/DefaultServiceRegistryCustomizer> (0x0000000085da7fe8) 
thrown [s\src\hotspot\share\classfile\systemDictionary.cpp, line 256]
Event: 7.896 Thread 0x00000212ca40db50 Exception <a 'java/lang/ClassNotFoundException'{0x0000000085dcbd20}: org/gradle/internal/service/scopes/GradleScopeServicesCustomizer> (0x0000000085dcbd20) 
thrown [s\src\hotspot\share\classfile\systemDictionary.cpp, line 256]
Event: 7.900 Thread 0x00000212ca40db50 Exception <a 'java/lang/ClassNotFoundException'{0x0000000085c2b068}: org/gradle/internal/extensibility/DefaultConventionBeanInfo> (0x0000000085c2b068) 
thrown [s\src\hotspot\share\classfile\systemDictionary.cpp, line 256]
Event: 7.901 Thread 0x00000212ca40db50 Exception <a 'java/lang/ClassNotFoundException'{0x0000000085c40178}: org/gradle/internal/extensibility/DefaultConventionCustomizer> (0x0000000085c40178) 
thrown [s\src\hotspot\share\classfile\systemDictionary.cpp, line 256]
Event: 7.909 Thread 0x00000212ca40db50 Exception <a 'java/lang/ClassNotFoundException'{0x0000000085cbbde0}: com/intellij/gradle/toolingExtension/impl/modelBuilder/ExtraModelBuilderBeanInfo> (0x0000000085cbbde0) 
thrown [s\src\hotspot\share\classfile\systemDictionary.cpp, line 256]
Event: 7.909 Thread 0x00000212ca40db50 Exception <a 'java/lang/ClassNotFoundException'{0x0000000085cc7310}: com/intellij/gradle/toolingExtension/impl/modelBuilder/ExtraModelBuilderCustomizer> (0x0000000085cc7310) 
thrown [s\src\hotspot\share\classfile\systemDictionary.cpp, line 256]

VM Operations (20 events):
Event: 7.288 Executing VM operation: HandshakeAllThreads
Event: 7.288 Executing VM operation: HandshakeAllThreads done
Event: 7.394 Executing VM operation: HandshakeAllThreads
Event: 7.394 Executing VM operation: HandshakeAllThreads done
Event: 7.411 Executing VM operation: HandshakeAllThreads
Event: 7.411 Executing VM operation: HandshakeAllThreads done
Event: 7.411 Executing VM operation: HandshakeAllThreads
Event: 7.412 Executing VM operation: HandshakeAllThreads done
Event: 7.497 Executing VM operation: G1CollectForAllocation
Event: 7.500 Executing VM operation: G1CollectForAllocation done
Event: 7.741 Executing VM operation: HandshakeAllThreads
Event: 7.741 Executing VM operation: HandshakeAllThreads done
Event: 7.781 Executing VM operation: G1TryInitiateConcMark
Event: 7.784 Executing VM operation: G1TryInitiateConcMark done
Event: 7.797 Executing VM operation: G1TryInitiateConcMark
Event: 7.800 Executing VM operation: G1TryInitiateConcMark done
Event: 7.827 Executing VM operation: G1PauseRemark
Event: 7.830 Executing VM operation: G1PauseRemark done
Event: 7.840 Executing VM operation: G1PauseCleanup
Event: 7.841 Executing VM operation: G1PauseCleanup done

Events (20 events):
Event: 7.562 loading class java/util/Collections$ReverseComparator2
Event: 7.562 loading class java/util/Collections$ReverseComparator2 done
Event: 7.618 loading class java/io/DeleteOnExitHook
Event: 7.618 loading class java/io/DeleteOnExitHook done
Event: 7.618 loading class java/io/DeleteOnExitHook$1
Event: 7.618 loading class java/io/DeleteOnExitHook$1 done
Event: 7.876 loading class java/lang/ClassBeanInfo
Event: 7.876 loading class java/lang/ClassBeanInfo done
Event: 7.876 loading class java/lang/ClassBeanInfo
Event: 7.876 loading class java/lang/ClassBeanInfo done
Event: 7.877 loading class java/lang/ClassCustomizer
Event: 7.877 loading class java/lang/ClassCustomizer done
Event: 7.877 loading class java/lang/ClassCustomizer
Event: 7.877 loading class java/lang/ClassCustomizer done
Event: 7.878 loading class sun/reflect/generics/tree/BooleanSignature
Event: 7.878 loading class sun/reflect/generics/tree/BooleanSignature done
Event: 7.878 loading class sun/reflect/generics/reflectiveObjects/GenericArrayTypeImpl
Event: 7.878 loading class sun/reflect/generics/reflectiveObjects/GenericArrayTypeImpl done
Event: 7.881 loading class jdk/internal/vm/annotation/ForceInline
Event: 7.881 loading class jdk/internal/vm/annotation/ForceInline done


Dynamic libraries:
0x00007ff60cd30000 - 0x00007ff60cd3a000 	C:\Program Files\Android\Android Studio\jbr\bin\java.exe
0x00007ffa41a90000 - 0x00007ffa41ca7000 	C:\WINDOWS\SYSTEM32\ntdll.dll
0x00007ffa40e80000 - 0x00007ffa40f44000 	C:\WINDOWS\System32\KERNEL32.DLL
0x00007ffa3f0e0000 - 0x00007ffa3f487000 	C:\WINDOWS\System32\KERNELBASE.dll
0x00007ffa3efc0000 - 0x00007ffa3f0d1000 	C:\WINDOWS\System32\ucrtbase.dll
0x00007ffa2e130000 - 0x00007ffa2e14b000 	C:\Program Files\Android\Android Studio\jbr\bin\VCRUNTIME140.dll
0x00007ffa37d60000 - 0x00007ffa37d77000 	C:\Program Files\Android\Android Studio\jbr\bin\jli.dll
0x00007ffa27380000 - 0x00007ffa27613000 	C:\WINDOWS\WinSxS\amd64_microsoft.windows.common-controls_6595b64144ccf1df_6.0.22621.3527_none_270e469b73872a76\COMCTL32.dll
0x00007ffa40a30000 - 0x00007ffa40ad7000 	C:\WINDOWS\System32\msvcrt.dll
0x00007ffa40e50000 - 0x00007ffa40e79000 	C:\WINDOWS\System32\GDI32.dll
0x00007ffa3f6d0000 - 0x00007ffa3f6f6000 	C:\WINDOWS\System32\win32u.dll
0x00007ffa3f4c0000 - 0x00007ffa3f5d9000 	C:\WINDOWS\System32\gdi32full.dll
0x00007ffa3edb0000 - 0x00007ffa3ee4a000 	C:\WINDOWS\System32\msvcp_win.dll
0x00007ffa404c0000 - 0x00007ffa4066e000 	C:\WINDOWS\System32\USER32.dll
0x00007ffa41980000 - 0x00007ffa419b1000 	C:\WINDOWS\System32\IMM32.DLL
0x00007ffa37fa0000 - 0x00007ffa37fac000 	C:\Program Files\Android\Android Studio\jbr\bin\vcruntime140_1.dll
0x00007ffa155e0000 - 0x00007ffa1566d000 	C:\Program Files\Android\Android Studio\jbr\bin\msvcp140.dll
0x00007ff9e1280000 - 0x00007ff9e1f03000 	C:\Program Files\Android\Android Studio\jbr\bin\server\jvm.dll
0x00007ffa3f970000 - 0x00007ffa3fa22000 	C:\WINDOWS\System32\ADVAPI32.dll
0x00007ffa40da0000 - 0x00007ffa40e48000 	C:\WINDOWS\System32\sechost.dll
0x00007ffa3f490000 - 0x00007ffa3f4b8000 	C:\WINDOWS\System32\bcrypt.dll
0x00007ffa40910000 - 0x00007ffa40a25000 	C:\WINDOWS\System32\RPCRT4.dll
0x00007ffa3a450000 - 0x00007ffa3a459000 	C:\WINDOWS\SYSTEM32\WSOCK32.dll
0x00007ffa3dc30000 - 0x00007ffa3dc7d000 	C:\WINDOWS\SYSTEM32\POWRPROF.dll
0x00007ffa41900000 - 0x00007ffa41971000 	C:\WINDOWS\System32\WS2_32.dll
0x00007ffa37cd0000 - 0x00007ffa37cda000 	C:\WINDOWS\SYSTEM32\VERSION.dll
0x00007ffa37240000 - 0x00007ffa37274000 	C:\WINDOWS\SYSTEM32\WINMM.dll
0x00007ffa3dc10000 - 0x00007ffa3dc23000 	C:\WINDOWS\SYSTEM32\UMPDC.dll
0x00007ffa3dec0000 - 0x00007ffa3ded8000 	C:\WINDOWS\SYSTEM32\kernel.appcore.dll
0x00007ffa3a440000 - 0x00007ffa3a44a000 	C:\Program Files\Android\Android Studio\jbr\bin\jimage.dll
0x00007ffa3c730000 - 0x00007ffa3c962000 	C:\WINDOWS\SYSTEM32\DBGHELP.DLL
0x00007ffa41500000 - 0x00007ffa41888000 	C:\WINDOWS\System32\combase.dll
0x00007ffa40c40000 - 0x00007ffa40d17000 	C:\WINDOWS\System32\OLEAUT32.dll
0x00007ffa077d0000 - 0x00007ffa07802000 	C:\WINDOWS\SYSTEM32\dbgcore.DLL
0x00007ffa3f650000 - 0x00007ffa3f6c9000 	C:\WINDOWS\System32\bcryptPrimitives.dll
0x00007ffa39d00000 - 0x00007ffa39d25000 	C:\Program Files\Android\Android Studio\jbr\bin\java.dll
0x00007ffa38250000 - 0x00007ffa38268000 	C:\Program Files\Android\Android Studio\jbr\bin\zip.dll
0x00007ffa3fc60000 - 0x00007ffa404bc000 	C:\WINDOWS\System32\SHELL32.dll
0x00007ffa3cd00000 - 0x00007ffa3d5f6000 	C:\WINDOWS\SYSTEM32\windows.storage.dll
0x00007ffa3cbc0000 - 0x00007ffa3ccfe000 	C:\WINDOWS\SYSTEM32\wintypes.dll
0x00007ffa406b0000 - 0x00007ffa407a5000 	C:\WINDOWS\System32\SHCORE.dll
0x00007ffa408b0000 - 0x00007ffa4090e000 	C:\WINDOWS\System32\shlwapi.dll
0x00007ffa3ece0000 - 0x00007ffa3ed01000 	C:\WINDOWS\SYSTEM32\profapi.dll
0x00007ffa38210000 - 0x00007ffa38229000 	C:\Program Files\Android\Android Studio\jbr\bin\net.dll
0x00007ffa36e40000 - 0x00007ffa36f76000 	C:\WINDOWS\SYSTEM32\WINHTTP.dll
0x00007ffa3e330000 - 0x00007ffa3e399000 	C:\WINDOWS\system32\mswsock.dll
0x00007ffa381f0000 - 0x00007ffa38206000 	C:\Program Files\Android\Android Studio\jbr\bin\nio.dll
0x00007ffa38330000 - 0x00007ffa38340000 	C:\Program Files\Android\Android Studio\jbr\bin\verify.dll
0x00007ffa2de70000 - 0x00007ffa2de97000 	C:\Users\compu market\.gradle\native\e1d6ef7f7dcc3fd88c89a11ec53ec762bb8ba0a96d01ffa2cd45eb1d1d8dd5c5\windows-amd64\native-platform.dll
0x00007ff9f03a0000 - 0x00007ff9f04e4000 	C:\Users\compu market\.gradle\native\0d407fdbe67a94daf76414ababcb853783967236a71b16ec16e742cd7a986fd3\windows-amd64\native-platform-file-events.dll
0x00007ffa3a3e0000 - 0x00007ffa3a3e9000 	C:\Program Files\Android\Android Studio\jbr\bin\management.dll
0x00007ffa3a390000 - 0x00007ffa3a39b000 	C:\Program Files\Android\Android Studio\jbr\bin\management_ext.dll
0x00007ffa40670000 - 0x00007ffa40678000 	C:\WINDOWS\System32\PSAPI.DLL
0x00007ffa3e590000 - 0x00007ffa3e5ab000 	C:\WINDOWS\SYSTEM32\CRYPTSP.dll
0x00007ffa3de20000 - 0x00007ffa3de55000 	C:\WINDOWS\system32\rsaenh.dll
0x00007ffa3e430000 - 0x00007ffa3e458000 	C:\WINDOWS\SYSTEM32\USERENV.dll
0x00007ffa3e5b0000 - 0x00007ffa3e5bc000 	C:\WINDOWS\SYSTEM32\CRYPTBASE.dll
0x00007ffa3d8d0000 - 0x00007ffa3d8fd000 	C:\WINDOWS\SYSTEM32\IPHLPAPI.DLL
0x00007ffa40680000 - 0x00007ffa40689000 	C:\WINDOWS\System32\NSI.dll
0x00007ffa36ce0000 - 0x00007ffa36cf9000 	C:\WINDOWS\SYSTEM32\dhcpcsvc6.DLL
0x00007ffa36c40000 - 0x00007ffa36c5f000 	C:\WINDOWS\SYSTEM32\dhcpcsvc.DLL
0x00007ffa3d940000 - 0x00007ffa3da38000 	C:\WINDOWS\SYSTEM32\DNSAPI.dll
0x00007ffa3a410000 - 0x00007ffa3a419000 	C:\Program Files\Android\Android Studio\jbr\bin\extnet.dll
0x00007ffa3a430000 - 0x00007ffa3a438000 	C:\WINDOWS\system32\wshunix.dll

dbghelp: loaded successfully - version: 4.0.5 - missing functions: none
symbol engine: initialized successfully - sym options: 0x614 - pdb path: .;C:\Program Files\Android\Android Studio\jbr\bin;C:\WINDOWS\SYSTEM32;C:\WINDOWS\WinSxS\amd64_microsoft.windows.common-controls_6595b64144ccf1df_6.0.22621.3527_none_270e469b73872a76;C:\Program Files\Android\Android Studio\jbr\bin\server;C:\Users\compu market\.gradle\native\e1d6ef7f7dcc3fd88c89a11ec53ec762bb8ba0a96d01ffa2cd45eb1d1d8dd5c5\windows-amd64;C:\Users\compu market\.gradle\native\0d407fdbe67a94daf76414ababcb853783967236a71b16ec16e742cd7a986fd3\windows-amd64

VM Arguments:
jvm_args: --add-opens=java.base/java.util=ALL-UNNAMED --add-opens=java.base/java.lang=ALL-UNNAMED --add-opens=java.base/java.lang.invoke=ALL-UNNAMED --add-opens=java.base/java.util=ALL-UNNAMED --add-opens=java.prefs/java.util.prefs=ALL-UNNAMED --add-opens=java.prefs/java.util.prefs=ALL-UNNAMED --add-opens=java.base/java.nio.charset=ALL-UNNAMED --add-opens=java.base/java.net=ALL-UNNAMED --add-opens=java.base/java.util.concurrent.atomic=ALL-UNNAMED -Xmx2048m -Dfile.encoding=UTF-8 -Duser.country=US -Duser.language=en -Duser.variant 
java_command: org.gradle.launcher.daemon.bootstrap.GradleDaemon 7.5
java_class_path (initial): C:\Users\compu market\.gradle\wrapper\dists\gradle-7.5-bin\f1w0cc9nuo0eivz97x2xlu9sv\gradle-7.5\lib\gradle-launcher-7.5.jar
Launcher Type: SUN_STANDARD

[Global flags]
     intx CICompilerCount                          = 4                                         {product} {ergonomic}
     uint ConcGCThreads                            = 2                                         {product} {ergonomic}
     uint G1ConcRefinementThreads                  = 8                                         {product} {ergonomic}
   size_t G1HeapRegionSize                         = 1048576                                   {product} {ergonomic}
    uintx GCDrainStackTargetSize                   = 64                                        {product} {ergonomic}
   size_t InitialHeapSize                          = 132120576                                 {product} {ergonomic}
   size_t MarkStackSize                            = 4194304                                   {product} {ergonomic}
   size_t MaxHeapSize                              = 2147483648                                {product} {command line}
   size_t MaxNewSize                               = 1287651328                                {product} {ergonomic}
   size_t MinHeapDeltaBytes                        = 1048576                                   {product} {ergonomic}
   size_t MinHeapSize                              = 8388608                                   {product} {ergonomic}
    uintx NonNMethodCodeHeapSize                   = 5839372                                {pd product} {ergonomic}
    uintx NonProfiledCodeHeapSize                  = 122909434                              {pd product} {ergonomic}
    uintx ProfiledCodeHeapSize                     = 122909434                              {pd product} {ergonomic}
    uintx ReservedCodeCacheSize                    = 251658240                              {pd product} {ergonomic}
     bool SegmentedCodeCache                       = true                                      {product} {ergonomic}
   size_t SoftMaxHeapSize                          = 2147483648                             {manageable} {ergonomic}
     bool UseCompressedClassPointers               = true                           {product lp64_product} {ergonomic}
     bool UseCompressedOops                        = true                           {product lp64_product} {ergonomic}
     bool UseG1GC                                  = true                                      {product} {ergonomic}
     bool UseLargePagesIndividualAllocation        = false                                  {pd product} {ergonomic}

Logging:
Log output configuration:
 #0: stdout all=warning uptime,level,tags
 #1: stderr all=off uptime,level,tags

Environment Variables:
PATH=C:\Program Files\Common Files\Oracle\Java\javapath;C:\Program Files (x86)\Common Files\Intel\Shared Libraries\redist\intel64\compiler;C:\windows\system32;C:\windows;C:\windows\System32\Wbem;C:\windows\System32\WindowsPowerShell\v1.0\;C:\windows\System32\OpenSSH\;C:\Program Files (x86)\NVIDIA Corporation\PhysX\Common;C:\Program Files\NVIDIA Corporation\NVIDIA NvDLISR;C:\WINDOWS\system32;C:\WINDOWS;C:\WINDOWS\System32\Wbem;C:\WINDOWS\System32\WindowsPowerShell\v1.0\;C:\WINDOWS\System32\OpenSSH\;C:\PROGRA~2\PICC;C:\Program Files\Microsoft SQL Server\130\Tools\Binn\;C:\Program Files\Microsoft SQL Server\Client SDK\ODBC\170\Tools\Binn\;C:\Program Files (x86)\Microsoft SQL Server\150\Tools\Binn\;C:\Program Files\Microsoft SQL Server\150\Tools\Binn\;C:\Program Files\Microsoft SQL Server\150\DTS\Binn\;C:\Program Files (x86)\Microsoft SQL Server\150\DTS\Binn\;C:\Program Files\Azure Data Studio\bin;C:\Program Files\HP\HP One Agent;C:\Program Files\Git\cmd;C:\Users\compu market\AppData\Local\Microsoft\WindowsApps;C:\Users\compu market\AppData\Local\atom\bin;C:\Users\compu market\AppData\Local\Microsoft\WindowsApps;;C:\Program Files\Azure Data Studio\bin
USERNAME=Abdulrahman
OS=Windows_NT
PROCESSOR_IDENTIFIER=Intel64 Family 6 Model 158 Stepping 10, GenuineIntel
TMP=C:\Users\COMPUM~1\AppData\Local\Temp
TEMP=C:\Users\COMPUM~1\AppData\Local\Temp



Periodic native trim disabled

JNI global refs:
JNI global refs: 26, weak refs: 3

JNI global refs memory usage: 843, weak refs: 841

OOME stack traces (most recent first):
Classloader memory used:
Loader org.gradle.internal.classloader.VisitableURLClassLoader                         : 2745K
Loader bootstrap                                                                       : 2345K
Loader org.gradle.initialization.MixInLegacyTypesClassLoader                           : 615K
Loader org.gradle.internal.classloader.VisitableURLClassLoader                         : 120K
Loader jdk.internal.loader.ClassLoaders$PlatformClassLoader                            : 65599B
Loader jdk.internal.loader.ClassLoaders$AppClassLoader                                 : 25676B
Loader jdk.internal.reflect.DelegatingClassLoader                                      : 25458B
Loader org.gradle.groovy.scripts.internal.DefaultScriptCompilationHandler$ScriptClassLoader: 9779B
Loader org.codehaus.groovy.runtime.callsite.CallSiteClassLoader                        : 3752B

Classes loaded by more than one classloader:
Class org.gradle.api.GradleException                                                  : loaded 3 times (x 80B)
Class org.gradle.util.GradleVersion                                                   : loaded 2 times (x 81B)
Class org.gradle.internal.classpath.ClassPath                                         : loaded 2 times (x 68B)
Class org.gradle.api.internal.classpath.DefaultModuleRegistry                         : loaded 2 times (x 84B)
Class org.gradle.api.Action                                                           : loaded 2 times (x 68B)
Class org.gradle.api.internal.DefaultClassPathProvider                                : loaded 2 times (x 74B)
Class org.gradle.internal.installation.GradleInstallation$1                           : loaded 2 times (x 73B)
Class org.gradle.internal.exceptions.DefaultMultiCauseException                       : loaded 2 times (x 93B)
Class org.gradle.internal.time.MonotonicClock                                         : loaded 2 times (x 75B)
Class org.gradle.internal.classloader.FilteringClassLoader                            : loaded 2 times (x 103B)
Class org.gradle.internal.classpath.DefaultClassPath$ImmutableUniqueList$Builder      : loaded 2 times (x 73B)
Class org.gradle.internal.classloader.ClassLoaderVisitor                              : loaded 2 times (x 74B)
Class org.gradle.internal.time.DefaultCountdownTimer                                  : loaded 2 times (x 86B)
Class org.gradle.internal.service.DefaultServiceLocator                               : loaded 2 times (x 81B)
Class org.gradle.internal.service.UnknownServiceException                             : loaded 2 times (x 81B)
Class org.gradle.internal.classloader.DefaultClassLoaderFactory                       : loaded 2 times (x 80B)
Class org.gradle.internal.classloader.VisitableURLClassLoader$Spec                    : loaded 2 times (x 72B)
Class org.gradle.tooling.model.ProjectModel                                           : loaded 2 times (x 68B)
Class org.gradle.internal.installation.GradleInstallation                             : loaded 2 times (x 73B)
Class org.gradle.api.internal.classpath.ModuleRegistry                                : loaded 2 times (x 68B)
Class org.gradle.api.internal.ClassPathProvider                                       : loaded 2 times (x 68B)
Class org.gradle.internal.classloader.ClasspathUtil$1                                 : loaded 2 times (x 74B)
Class org.gradle.internal.classloader.ClassLoaderFactory                              : loaded 2 times (x 68B)
Class org.gradle.api.internal.classpath.ManifestUtil                                  : loaded 2 times (x 69B)
Class org.gradle.api.specs.Spec                                                       : loaded 2 times (x 68B)
Class org.gradle.internal.IoActions                                                   : loaded 2 times (x 69B)
Class org.gradle.api.internal.classpath.EffectiveClassPath                            : loaded 2 times (x 88B)
Class kotlin.jvm.internal.DefaultConstructorMarker                                    : loaded 2 times (x 69B)
Class org.gradle.internal.installation.CurrentGradleInstallation                      : loaded 2 times (x 71B)
Class org.gradle.internal.installation.CurrentGradleInstallationLocator               : loaded 2 times (x 69B)
Class org.gradle.api.internal.classpath.Module                                        : loaded 2 times (x 68B)
Class sync_studio_tooling42794_4r9fhhm2rrhmzll3reahppyrm$_run_closure1                : loaded 2 times (x 134B)
Class org.gradle.internal.service.CachingServiceLocator                               : loaded 2 times (x 80B)
Class org.gradle.internal.time.Timer                                                  : loaded 2 times (x 68B)
Class org.gradle.internal.classpath.DefaultClassPath                                  : loaded 2 times (x 88B)
Class org.gradle.api.Transformer                                                      : loaded 2 times (x 68B)
Class sync_studio_tooling42794_4r9fhhm2rrhmzll3reahppyrm                              : loaded 2 times (x 177B)
Class kotlin.jvm.functions.Function1                                                  : loaded 2 times (x 68B)
Class org.gradle.internal.time.Time                                                   : loaded 2 times (x 69B)
Class org.gradle.internal.time.TimeSource$1                                           : loaded 2 times (x 75B)
Class org.gradle.internal.classloader.SystemClassLoaderSpec                           : loaded 2 times (x 69B)
Class kotlin.Function                                                                 : loaded 2 times (x 68B)
Class org.gradle.api.UncheckedIOException                                             : loaded 2 times (x 80B)
Class org.gradle.internal.time.CountdownTimer                                         : loaded 2 times (x 68B)
Class org.gradle.internal.time.Clock                                                  : loaded 2 times (x 68B)
Class org.gradle.internal.classloader.ClasspathUtil                                   : loaded 2 times (x 69B)
Class org.gradle.api.internal.DefaultClassPathRegistry                                : loaded 2 times (x 74B)
Class org.gradle.api.internal.classpath.DefaultModuleRegistry$DefaultModule           : loaded 2 times (x 84B)
Class org.gradle.internal.time.TimeSource                                             : loaded 2 times (x 68B)
Class org.gradle.api.internal.classpath.UnknownModuleException                        : loaded 2 times (x 80B)
Class org.gradle.internal.service.ServiceLookupException                              : loaded 2 times (x 80B)
Class org.gradle.cache.GlobalCache                                                    : loaded 2 times (x 68B)
Class [Lorg.gradle.api.internal.ClassPathProvider;                                    : loaded 2 times (x 67B)
Class org.gradle.internal.operations.MultipleBuildOperationFailures                   : loaded 2 times (x 93B)
Class org.gradle.util.internal.GUtil                                                  : loaded 2 times (x 69B)
Class org.gradle.internal.classloader.ClassLoaderSpec                                 : loaded 2 times (x 69B)
Class ijInit1_5k6ixcpn55gnfmnu0x63lpqvo                                               : loaded 2 times (x 177B)
Class org.gradle.internal.classloader.VisitableURLClassLoader                         : loaded 2 times (x 115B)
Class org.gradle.internal.Cast                                                        : loaded 2 times (x 69B)
Class org.gradle.api.internal.ClassPathRegistry                                       : loaded 2 times (x 68B)
Class org.gradle.internal.classloader.ClassLoaderHierarchy                            : loaded 2 times (x 68B)
Class org.gradle.internal.exceptions.MultiCauseException                              : loaded 2 times (x 68B)
Class org.gradle.internal.service.ServiceLocator                                      : loaded 2 times (x 68B)
Class org.gradle.internal.classpath.DefaultClassPath$ImmutableUniqueList              : loaded 2 times (x 159B)
Class org.gradle.internal.time.DefaultTimer                                           : loaded 2 times (x 78B)


---------------  S Y S T E M  ---------------

OS:
 Windows 11 , 64 bit Build 22621 (10.0.22621.3527)
OS uptime: 0 days 10:56 hours

CPU: total 8 (initial active 8) (4 cores per cpu, 2 threads per core) family 6 model 158 stepping 10 microcode 0xf6, cx8, cmov, fxsr, ht, mmx, 3dnowpref, sse, sse2, sse3, ssse3, sse4.1, sse4.2, popcnt, lzcnt, tsc, tscinvbit, avx, avx2, aes, erms, clmul, bmi1, bmi2, adx, fma, vzeroupper, clflush, clflushopt
Processor Information for all 8 processors :
  Max Mhz: 2400, Current Mhz: 2400, Mhz Limit: 2400

Memory: 4k page, system-wide physical 8033M (426M free)
TotalPageFile size 10081M (AvailPageFile size 5M)
current process WorkingSet (physical memory assigned to process): 256M, peak: 256M
current process commit charge ("private bytes"): 298M, peak: 299M

vm_info: OpenJDK 64-Bit Server VM (17.0.10+0--11609105) for windows-amd64 JRE (17.0.10+0--11609105), built on Mar 21 2024 19:10:56 by "androidbuild" with MS VC++ 16.10 / 16.11 (VS2019)

END.
