#
# There is insufficient memory for the Java Runtime Environment to continue.
# Native memory allocation (mmap) failed to map 53477376 bytes for G1 virtual space
# Possible reasons:
#   The system is out of physical RAM or swap space
#   The process is running with CompressedOops enabled, and the Java Heap may be blocking the growth of the native heap
# Possible solutions:
#   Reduce memory load on the system
#   Increase physical memory or swap space
#   Check if swap backing store is full
#   Decrease Java heap size (-Xmx/-Xms)
#   Decrease number of Java threads
#   Decrease Java thread stack sizes (-Xss)
#   Set larger code cache with -XX:ReservedCodeCacheSize=
#   JVM is running with Unscaled Compressed Oops mode in which the Java heap is
#     placed in the first 4GB address space. The Java Heap base address is the
#     maximum limit for the native heap growth. Please use -XX:HeapBaseMinAddress
#     to set the Java Heap base and to place the Java Heap above 4GB virtual address.
# This output file may be truncated or incomplete.
#
#  Out of Memory Error (os_windows.cpp:3825), pid=14444, tid=10528
#
# JRE version: OpenJDK Runtime Environment (17.0.10) (build 17.0.10+0--11609105)
# Java VM: OpenJDK 64-Bit Server VM (17.0.10+0--11609105, mixed mode, tiered, compressed oops, compressed class ptrs, g1 gc, windows-amd64)
# No core dump will be written. Minidumps are not enabled by default on client versions of Windows
#

---------------  S U M M A R Y ------------

Command Line: --add-opens=java.base/java.util=ALL-UNNAMED --add-opens=java.base/java.lang=ALL-UNNAMED --add-opens=java.base/java.lang.invoke=ALL-UNNAMED --add-opens=java.prefs/java.util.prefs=ALL-UNNAMED --add-opens=java.base/java.nio.charset=ALL-UNNAMED --add-opens=java.base/java.net=ALL-UNNAMED --add-opens=java.base/java.util.concurrent.atomic=ALL-UNNAMED -Xmx2048m -Dfile.encoding=UTF-8 -Duser.country=US -Duser.language=en -Duser.variant -javaagent:C:\Users\compu market\.gradle\wrapper\dists\gradle-8.6-bin\afr5mpiioh2wthjmwnkmdsd5w\gradle-8.6\lib\agents\gradle-instrumentation-agent-8.6.jar org.gradle.launcher.daemon.bootstrap.GradleDaemon 8.6

Host: Intel(R) Core(TM) i5-9300H CPU @ 2.40GHz, 8 cores, 7G,  Windows 11 , 64 bit Build 22621 (10.0.22621.3672)
Time: Tue Jun  4 21:29:50 2024 Egypt Daylight Time elapsed time: 4.671030 seconds (0d 0h 0m 4s)

---------------  T H R E A D  ---------------

Current thread (0x00000253c1a99f30):  VMThread "VM Thread" [stack: 0x000000cb50100000,0x000000cb50200000] [id=10528]

Stack: [0x000000cb50100000,0x000000cb50200000]
Native frames: (J=compiled Java code, j=interpreted, Vv=VM code, C=native code)
V  [jvm.dll+0x688de9]
V  [jvm.dll+0x8423da]
V  [jvm.dll+0x84401e]
V  [jvm.dll+0x844683]
V  [jvm.dll+0x24be0f]
V  [jvm.dll+0x685bb9]
V  [jvm.dll+0x67a46a]
V  [jvm.dll+0x30cbab]
V  [jvm.dll+0x314056]
V  [jvm.dll+0x363dce]
V  [jvm.dll+0x363fff]
V  [jvm.dll+0x2e2978]
V  [jvm.dll+0x2e0b54]
V  [jvm.dll+0x2e015c]
V  [jvm.dll+0x325351]
V  [jvm.dll+0x848d7b]
V  [jvm.dll+0x849ac1]
V  [jvm.dll+0x849fdd]
V  [jvm.dll+0x84a3b4]
V  [jvm.dll+0x84a480]
V  [jvm.dll+0x7f0c7a]
V  [jvm.dll+0x687c65]
C  [ucrtbase.dll+0x29333]
C  [KERNEL32.DLL+0x1257d]
C  [ntdll.dll+0x5aa48]

VM_Operation (0x000000cb519f7d20): G1TryInitiateConcMark, mode: safepoint, requested by thread 0x00000253c8570830


---------------  P R O C E S S  ---------------

Threads class SMR info:
_java_thread_list=0x00000253c977a260, length=35, elements={
0x00000253a7c325d0, 0x00000253c1a9b6d0, 0x00000253c1a9c460, 0x00000253c1ab3d10,
0x00000253c1ab48a0, 0x00000253c1ab6470, 0x00000253c1ab7650, 0x00000253c1c40450,
0x00000253c1c44350, 0x00000253c1c44d50, 0x00000253c1a3cb60, 0x00000253c1f52db0,
0x00000253c7703f50, 0x00000253c74518b0, 0x00000253c703c2d0, 0x00000253c7750580,
0x00000253c76827a0, 0x00000253c8a03830, 0x00000253c8570830, 0x00000253c7095910,
0x00000253c70935a0, 0x00000253c7095400, 0x00000253c7096330, 0x00000253c7095e20,
0x00000253c7096840, 0x00000253c7094ef0, 0x00000253c7093fc0, 0x00000253c70949e0,
0x00000253c7093090, 0x00000253c7093ab0, 0x00000253c8a99440, 0x00000253c8a9db20,
0x00000253c8a9ea50, 0x00000253c91f0ae0, 0x00000253c8a9d100
}

Java Threads: ( => current thread )
  0x00000253a7c325d0 JavaThread "main" [_thread_blocked, id=14612, stack(0x000000cb4fb00000,0x000000cb4fc00000)]
  0x00000253c1a9b6d0 JavaThread "Reference Handler" daemon [_thread_blocked, id=12756, stack(0x000000cb50200000,0x000000cb50300000)]
  0x00000253c1a9c460 JavaThread "Finalizer" daemon [_thread_blocked, id=8140, stack(0x000000cb50300000,0x000000cb50400000)]
  0x00000253c1ab3d10 JavaThread "Signal Dispatcher" daemon [_thread_blocked, id=10340, stack(0x000000cb50400000,0x000000cb50500000)]
  0x00000253c1ab48a0 JavaThread "Attach Listener" daemon [_thread_blocked, id=19520, stack(0x000000cb50500000,0x000000cb50600000)]
  0x00000253c1ab6470 JavaThread "Service Thread" daemon [_thread_blocked, id=9436, stack(0x000000cb50600000,0x000000cb50700000)]
  0x00000253c1ab7650 JavaThread "Monitor Deflation Thread" daemon [_thread_blocked, id=19560, stack(0x000000cb50700000,0x000000cb50800000)]
  0x00000253c1c40450 JavaThread "C2 CompilerThread0" daemon [_thread_blocked, id=8964, stack(0x000000cb50800000,0x000000cb50900000)]
  0x00000253c1c44350 JavaThread "C1 CompilerThread0" daemon [_thread_blocked, id=16396, stack(0x000000cb50900000,0x000000cb50a00000)]
  0x00000253c1c44d50 JavaThread "Sweeper thread" daemon [_thread_blocked, id=6344, stack(0x000000cb50a00000,0x000000cb50b00000)]
  0x00000253c1a3cb60 JavaThread "Common-Cleaner" daemon [_thread_blocked, id=14256, stack(0x000000cb50b00000,0x000000cb50c00000)]
  0x00000253c1f52db0 JavaThread "Notification Thread" daemon [_thread_blocked, id=19448, stack(0x000000cb50c00000,0x000000cb50d00000)]
  0x00000253c7703f50 JavaThread "Daemon health stats" [_thread_blocked, id=1788, stack(0x000000cb51400000,0x000000cb51500000)]
  0x00000253c74518b0 JavaThread "Incoming local TCP Connector on port 1930" [_thread_in_native, id=19332, stack(0x000000cb50f00000,0x000000cb51000000)]
  0x00000253c703c2d0 JavaThread "Daemon periodic checks" [_thread_blocked, id=5756, stack(0x000000cb51500000,0x000000cb51600000)]
  0x00000253c7750580 JavaThread "Daemon" [_thread_blocked, id=2532, stack(0x000000cb51600000,0x000000cb51700000)]
  0x00000253c76827a0 JavaThread "Handler for socket connection from /127.0.0.1:1930 to /127.0.0.1:1931" [_thread_in_native, id=4732, stack(0x000000cb51700000,0x000000cb51800000)]
  0x00000253c8a03830 JavaThread "Cancel handler" [_thread_blocked, id=2084, stack(0x000000cb51800000,0x000000cb51900000)]
  0x00000253c8570830 JavaThread "Daemon worker" [_thread_blocked, id=12840, stack(0x000000cb51900000,0x000000cb51a00000)]
  0x00000253c7095910 JavaThread "Asynchronous log dispatcher for DefaultDaemonConnection: socket connection from /127.0.0.1:1930 to /127.0.0.1:1931" [_thread_blocked, id=4052, stack(0x000000cb51a00000,0x000000cb51b00000)]
  0x00000253c70935a0 JavaThread "Stdin handler" [_thread_blocked, id=2816, stack(0x000000cb51b00000,0x000000cb51c00000)]
  0x00000253c7095400 JavaThread "Daemon client event forwarder" [_thread_blocked, id=6464, stack(0x000000cb51c00000,0x000000cb51d00000)]
  0x00000253c7096330 JavaThread "Cache worker for journal cache (C:\Users\compu market\.gradle\caches\journal-1)" [_thread_blocked, id=13104, stack(0x000000cb50e00000,0x000000cb50f00000)]
  0x00000253c7095e20 JavaThread "File lock request listener" [_thread_in_native, id=8168, stack(0x000000cb52100000,0x000000cb52200000)]
  0x00000253c7096840 JavaThread "File lock release action executor" [_thread_blocked, id=3052, stack(0x000000cb52200000,0x000000cb52300000)]
  0x00000253c7094ef0 JavaThread "Cache worker for file hash cache (C:\Users\compu market\.gradle\caches\8.6\fileHashes)" [_thread_blocked, id=18460, stack(0x000000cb52300000,0x000000cb52400000)]
  0x00000253c7093fc0 JavaThread "File watcher server" daemon [_thread_in_native, id=9976, stack(0x000000cb52500000,0x000000cb52600000)]
  0x00000253c70949e0 JavaThread "File watcher consumer" daemon [_thread_blocked, id=12732, stack(0x000000cb52600000,0x000000cb52700000)]
  0x00000253c7093090 JavaThread "Cache worker for checksums cache (E:\Android\Movies\.gradle\8.6\checksums)" [_thread_blocked, id=9708, stack(0x000000cb52700000,0x000000cb52800000)]
  0x00000253c7093ab0 JavaThread "Cache worker for file hash cache (E:\Android\Movies\.gradle\8.6\fileHashes)" [_thread_blocked, id=12572, stack(0x000000cb52400000,0x000000cb52500000)]
  0x00000253c8a99440 JavaThread "Cache worker for cache directory md-supplier (C:\Users\compu market\.gradle\caches\8.6\md-supplier)" [_thread_blocked, id=5380, stack(0x000000cb52800000,0x000000cb52900000)]
  0x00000253c8a9db20 JavaThread "Cache worker for cache directory md-rule (C:\Users\compu market\.gradle\caches\8.6\md-rule)" [_thread_blocked, id=10020, stack(0x000000cb52900000,0x000000cb52a00000)]
  0x00000253c8a9ea50 JavaThread "Cache worker for file content cache (C:\Users\compu market\.gradle\caches\8.6\fileContent)" [_thread_blocked, id=5320, stack(0x000000cb52a00000,0x000000cb52b00000)]
  0x00000253c91f0ae0 JavaThread "C2 CompilerThread1" daemon [_thread_blocked, id=12844, stack(0x000000cb52b00000,0x000000cb52c00000)]
  0x00000253c8a9d100 JavaThread "jar transforms" [_thread_blocked, id=15588, stack(0x000000cb52c00000,0x000000cb52d00000)]

Other Threads:
=>0x00000253c1a99f30 VMThread "VM Thread" [stack: 0x000000cb50100000,0x000000cb50200000] [id=10528]
  0x00000253c1e70c60 WatcherThread [stack: 0x000000cb50d00000,0x000000cb50e00000] [id=3808]
  0x00000253a597e7e0 GCTaskThread "GC Thread#0" [stack: 0x000000cb4fc00000,0x000000cb4fd00000] [id=12960]
  0x00000253c71faca0 GCTaskThread "GC Thread#1" [stack: 0x000000cb51000000,0x000000cb51100000] [id=15472]
  0x00000253c6a59e60 GCTaskThread "GC Thread#2" [stack: 0x000000cb51100000,0x000000cb51200000] [id=11656]
  0x00000253c6398110 GCTaskThread "GC Thread#3" [stack: 0x000000cb51200000,0x000000cb51300000] [id=5552]
  0x00000253c6d37e30 GCTaskThread "GC Thread#4" [stack: 0x000000cb51300000,0x000000cb51400000] [id=12120]
  0x00000253c7b12e10 GCTaskThread "GC Thread#5" [stack: 0x000000cb51d00000,0x000000cb51e00000] [id=10352]
  0x00000253c703c7b0 GCTaskThread "GC Thread#6" [stack: 0x000000cb51e00000,0x000000cb51f00000] [id=13788]
  0x00000253c8339780 GCTaskThread "GC Thread#7" [stack: 0x000000cb51f00000,0x000000cb52000000] [id=3020]
  0x00000253a7c9c150 ConcurrentGCThread "G1 Main Marker" [stack: 0x000000cb4fd00000,0x000000cb4fe00000] [id=12352]
  0x00000253a7c9ca80 ConcurrentGCThread "G1 Conc#0" [stack: 0x000000cb4fe00000,0x000000cb4ff00000] [id=6440]
  0x00000253c7cc2720 ConcurrentGCThread "G1 Conc#1" [stack: 0x000000cb52000000,0x000000cb52100000] [id=12264]
  0x00000253a7cde3f0 ConcurrentGCThread "G1 Refine#0" [stack: 0x000000cb4ff00000,0x000000cb50000000] [id=4332]
  0x00000253c190a110 ConcurrentGCThread "G1 Service" [stack: 0x000000cb50000000,0x000000cb50100000] [id=12392]

Threads with active compile tasks:
C2 CompilerThread0     4694 3642   !   4       jdk.internal.loader.URLClassPath$JarLoader::getResource (354 bytes)
C2 CompilerThread1     4694 3600       4       java.net.URLClassLoader$1::run (5 bytes)

VM state: at safepoint (normal execution)

VM Mutex/Monitor currently owned by a thread:  ([mutex/lock_event])
[0x00000253a7c2bde0] Threads_lock - owner thread: 0x00000253c1a99f30
[0x00000253a7c2d730] Heap_lock - owner thread: 0x00000253c8570830

Heap address: 0x0000000080000000, size: 2048 MB, Compressed Oops mode: 32-bit

CDS archive(s) not mapped
Compressed class space mapped at: 0x0000000100000000-0x0000000140000000, reserved size: 1073741824
Narrow klass base: 0x0000000000000000, Narrow klass shift: 3, Narrow klass range: 0x140000000

GC Precious Log:
 CPUs: 8 total, 8 available
 Memory: 8033M
 Large Page Support: Disabled
 NUMA Support: Disabled
 Compressed Oops: Enabled (32-bit)
 Heap Region Size: 1M
 Heap Min Capacity: 8M
 Heap Initial Capacity: 126M
 Heap Max Capacity: 2G
 Pre-touch: Disabled
 Parallel Workers: 8
 Concurrent Workers: 2
 Concurrent Refinement Workers: 8
 Periodic GC: Disabled

Heap:
 garbage-first heap   total 76800K, used 31877K [0x0000000080000000, 0x0000000100000000)
  region size 1024K, 2 young (2048K), 2 survivors (2048K)
 Metaspace       used 42794K, committed 43136K, reserved 1114112K
  class space    used 5728K, committed 5888K, reserved 1048576K

Heap Regions: E=young(eden), S=young(survivor), O=old, HS=humongous(starts), HC=humongous(continues), CS=collection set, F=free, OA=open archive, CA=closed archive, TAMS=top-at-mark-start (previous, next)
|   0|0x0000000080000000, 0x0000000080100000, 0x0000000080100000|100%|HS|  |TAMS 0x0000000080100000, 0x0000000080100000| Complete 
|   1|0x0000000080100000, 0x0000000080200000, 0x0000000080200000|100%|HC|  |TAMS 0x0000000080200000, 0x0000000080200000| Complete 
|   2|0x0000000080200000, 0x0000000080300000, 0x0000000080300000|100%|HC|  |TAMS 0x0000000080300000, 0x0000000080300000| Complete 
|   3|0x0000000080300000, 0x0000000080400000, 0x0000000080400000|100%|HC|  |TAMS 0x0000000080400000, 0x0000000080400000| Complete 
|   4|0x0000000080400000, 0x0000000080500000, 0x0000000080500000|100%| O|  |TAMS 0x0000000080500000, 0x0000000080500000| Untracked 
|   5|0x0000000080500000, 0x0000000080600000, 0x0000000080600000|100%| O|  |TAMS 0x0000000080600000, 0x0000000080600000| Untracked 
|   6|0x0000000080600000, 0x0000000080700000, 0x0000000080700000|100%| O|  |TAMS 0x0000000080700000, 0x0000000080700000| Untracked 
|   7|0x0000000080700000, 0x0000000080800000, 0x0000000080800000|100%| O|  |TAMS 0x0000000080800000, 0x0000000080800000| Untracked 
|   8|0x0000000080800000, 0x0000000080900000, 0x0000000080900000|100%| O|  |TAMS 0x0000000080900000, 0x0000000080900000| Untracked 
|   9|0x0000000080900000, 0x0000000080a00000, 0x0000000080a00000|100%| O|  |TAMS 0x0000000080a00000, 0x0000000080a00000| Untracked 
|  10|0x0000000080a00000, 0x0000000080b00000, 0x0000000080b00000|100%| O|  |TAMS 0x0000000080a00000, 0x0000000080b00000| Untracked 
|  11|0x0000000080b00000, 0x0000000080c00000, 0x0000000080c00000|100%| O|  |TAMS 0x0000000080c00000, 0x0000000080c00000| Untracked 
|  12|0x0000000080c00000, 0x0000000080d00000, 0x0000000080d00000|100%| O|  |TAMS 0x0000000080d00000, 0x0000000080d00000| Untracked 
|  13|0x0000000080d00000, 0x0000000080e00000, 0x0000000080e00000|100%| O|  |TAMS 0x0000000080e00000, 0x0000000080e00000| Untracked 
|  14|0x0000000080e00000, 0x0000000080f00000, 0x0000000080f00000|100%| O|  |TAMS 0x0000000080f00000, 0x0000000080f00000| Untracked 
|  15|0x0000000080f00000, 0x0000000081000000, 0x0000000081000000|100%| O|  |TAMS 0x0000000081000000, 0x0000000081000000| Untracked 
|  16|0x0000000081000000, 0x0000000081100000, 0x0000000081100000|100%| O|  |TAMS 0x0000000081100000, 0x0000000081100000| Untracked 
|  17|0x0000000081100000, 0x0000000081200000, 0x0000000081200000|100%| O|  |TAMS 0x0000000081200000, 0x0000000081200000| Untracked 
|  18|0x0000000081200000, 0x0000000081300000, 0x0000000081300000|100%| O|  |TAMS 0x0000000081300000, 0x0000000081300000| Untracked 
|  19|0x0000000081300000, 0x0000000081400000, 0x0000000081400000|100%| O|  |TAMS 0x0000000081400000, 0x0000000081400000| Untracked 
|  20|0x0000000081400000, 0x0000000081400000, 0x0000000081500000|  0%| F|  |TAMS 0x0000000081400000, 0x0000000081400000| Untracked 
|  21|0x0000000081500000, 0x0000000081600000, 0x0000000081600000|100%| O|  |TAMS 0x0000000081500000, 0x0000000081600000| Untracked 
|  22|0x0000000081600000, 0x0000000081700000, 0x0000000081700000|100%| O|  |TAMS 0x0000000081600000, 0x0000000081700000| Untracked 
|  23|0x0000000081700000, 0x0000000081800000, 0x0000000081800000|100%| O|  |TAMS 0x0000000081700000, 0x0000000081800000| Untracked 
|  24|0x0000000081800000, 0x0000000081900000, 0x0000000081900000|100%| O|  |TAMS 0x0000000081800000, 0x0000000081900000| Untracked 
|  25|0x0000000081900000, 0x0000000081a00000, 0x0000000081a00000|100%| O|  |TAMS 0x0000000081900000, 0x0000000081a00000| Untracked 
|  26|0x0000000081a00000, 0x0000000081b00000, 0x0000000081b00000|100%| O|  |TAMS 0x0000000081a00000, 0x0000000081b00000| Untracked 
|  27|0x0000000081b00000, 0x0000000081c00000, 0x0000000081c00000|100%| O|  |TAMS 0x0000000081b00000, 0x0000000081c00000| Untracked 
|  28|0x0000000081c00000, 0x0000000081c2d200, 0x0000000081d00000| 17%| O|  |TAMS 0x0000000081c00000, 0x0000000081c2d200| Untracked 
|  29|0x0000000081d00000, 0x0000000081e00000, 0x0000000081e00000|100%|HS|  |TAMS 0x0000000081d00000, 0x0000000081e00000| Complete 
|  30|0x0000000081e00000, 0x0000000081f00000, 0x0000000081f00000|100%|HC|  |TAMS 0x0000000081e00000, 0x0000000081f00000| Complete 
|  31|0x0000000081f00000, 0x0000000081f00000, 0x0000000082000000|  0%| F|  |TAMS 0x0000000081f00000, 0x0000000081f00000| Untracked 
|  32|0x0000000082000000, 0x0000000082000000, 0x0000000082100000|  0%| F|  |TAMS 0x0000000082000000, 0x0000000082000000| Untracked 
|  33|0x0000000082100000, 0x0000000082100000, 0x0000000082200000|  0%| F|  |TAMS 0x0000000082100000, 0x0000000082100000| Untracked 
|  34|0x0000000082200000, 0x0000000082200000, 0x0000000082300000|  0%| F|  |TAMS 0x0000000082200000, 0x0000000082200000| Untracked 
|  35|0x0000000082300000, 0x0000000082300000, 0x0000000082400000|  0%| F|  |TAMS 0x0000000082300000, 0x0000000082300000| Untracked 
|  36|0x0000000082400000, 0x0000000082400000, 0x0000000082500000|  0%| F|  |TAMS 0x0000000082400000, 0x0000000082400000| Untracked 
|  37|0x0000000082500000, 0x0000000082500000, 0x0000000082600000|  0%| F|  |TAMS 0x0000000082500000, 0x0000000082500000| Untracked 
|  38|0x0000000082600000, 0x0000000082600000, 0x0000000082700000|  0%| F|  |TAMS 0x0000000082600000, 0x0000000082600000| Untracked 
|  39|0x0000000082700000, 0x0000000082700000, 0x0000000082800000|  0%| F|  |TAMS 0x0000000082700000, 0x0000000082700000| Untracked 
|  40|0x0000000082800000, 0x0000000082800000, 0x0000000082900000|  0%| F|  |TAMS 0x0000000082800000, 0x0000000082800000| Untracked 
|  41|0x0000000082900000, 0x0000000082900000, 0x0000000082a00000|  0%| F|  |TAMS 0x0000000082900000, 0x0000000082900000| Untracked 
|  42|0x0000000082a00000, 0x0000000082a00000, 0x0000000082b00000|  0%| F|  |TAMS 0x0000000082a00000, 0x0000000082a00000| Untracked 
|  43|0x0000000082b00000, 0x0000000082b00000, 0x0000000082c00000|  0%| F|  |TAMS 0x0000000082b00000, 0x0000000082b00000| Untracked 
|  44|0x0000000082c00000, 0x0000000082c00000, 0x0000000082d00000|  0%| F|  |TAMS 0x0000000082c00000, 0x0000000082c00000| Untracked 
|  45|0x0000000082d00000, 0x0000000082d00000, 0x0000000082e00000|  0%| F|  |TAMS 0x0000000082d00000, 0x0000000082d00000| Untracked 
|  46|0x0000000082e00000, 0x0000000082e00000, 0x0000000082f00000|  0%| F|  |TAMS 0x0000000082e00000, 0x0000000082e00000| Untracked 
|  47|0x0000000082f00000, 0x0000000082ff43b0, 0x0000000083000000| 95%| S|CS|TAMS 0x0000000082f00000, 0x0000000082f00000| Complete 
|  48|0x0000000083000000, 0x0000000083100000, 0x0000000083100000|100%| S|CS|TAMS 0x0000000083000000, 0x0000000083000000| Complete 
|  49|0x0000000083100000, 0x0000000083100000, 0x0000000083200000|  0%| F|  |TAMS 0x0000000083100000, 0x0000000083100000| Untracked 
|  50|0x0000000083200000, 0x0000000083200000, 0x0000000083300000|  0%| F|  |TAMS 0x0000000083200000, 0x0000000083200000| Untracked 
|  51|0x0000000083300000, 0x0000000083300000, 0x0000000083400000|  0%| F|  |TAMS 0x0000000083300000, 0x0000000083300000| Untracked 
|  52|0x0000000083400000, 0x0000000083400000, 0x0000000083500000|  0%| F|  |TAMS 0x0000000083400000, 0x0000000083400000| Untracked 
|  53|0x0000000083500000, 0x0000000083500000, 0x0000000083600000|  0%| F|  |TAMS 0x0000000083500000, 0x0000000083500000| Untracked 
|  54|0x0000000083600000, 0x0000000083600000, 0x0000000083700000|  0%| F|  |TAMS 0x0000000083600000, 0x0000000083600000| Untracked 
|  55|0x0000000083700000, 0x0000000083700000, 0x0000000083800000|  0%| F|  |TAMS 0x0000000083700000, 0x0000000083700000| Untracked 
|  56|0x0000000083800000, 0x0000000083800000, 0x0000000083900000|  0%| F|  |TAMS 0x0000000083800000, 0x0000000083800000| Untracked 
|  57|0x0000000083900000, 0x0000000083900000, 0x0000000083a00000|  0%| F|  |TAMS 0x0000000083900000, 0x0000000083900000| Untracked 
|  58|0x0000000083a00000, 0x0000000083a00000, 0x0000000083b00000|  0%| F|  |TAMS 0x0000000083a00000, 0x0000000083a00000| Untracked 
|  59|0x0000000083b00000, 0x0000000083b00000, 0x0000000083c00000|  0%| F|  |TAMS 0x0000000083b00000, 0x0000000083b00000| Untracked 
|  60|0x0000000083c00000, 0x0000000083c00000, 0x0000000083d00000|  0%| F|  |TAMS 0x0000000083c00000, 0x0000000083c00000| Untracked 
|  61|0x0000000083d00000, 0x0000000083d00000, 0x0000000083e00000|  0%| F|  |TAMS 0x0000000083d00000, 0x0000000083d00000| Untracked 
|  62|0x0000000083e00000, 0x0000000083e00000, 0x0000000083f00000|  0%| F|  |TAMS 0x0000000083e00000, 0x0000000083e00000| Untracked 
|  63|0x0000000083f00000, 0x0000000083f00000, 0x0000000084000000|  0%| F|  |TAMS 0x0000000083f00000, 0x0000000083f00000| Untracked 
|  64|0x0000000084000000, 0x0000000084000000, 0x0000000084100000|  0%| F|  |TAMS 0x0000000084000000, 0x0000000084000000| Untracked 
|  65|0x0000000084100000, 0x0000000084100000, 0x0000000084200000|  0%| F|  |TAMS 0x0000000084100000, 0x0000000084100000| Untracked 
|  66|0x0000000084200000, 0x0000000084200000, 0x0000000084300000|  0%| F|  |TAMS 0x0000000084200000, 0x0000000084200000| Untracked 
|  67|0x0000000084300000, 0x0000000084300000, 0x0000000084400000|  0%| F|  |TAMS 0x0000000084300000, 0x0000000084300000| Untracked 
|  68|0x0000000084400000, 0x0000000084400000, 0x0000000084500000|  0%| F|  |TAMS 0x0000000084400000, 0x0000000084400000| Untracked 
|  69|0x0000000084500000, 0x0000000084500000, 0x0000000084600000|  0%| F|  |TAMS 0x0000000084500000, 0x0000000084500000| Untracked 
|  70|0x0000000084600000, 0x0000000084600000, 0x0000000084700000|  0%| F|  |TAMS 0x0000000084600000, 0x0000000084600000| Untracked 
|  71|0x0000000084700000, 0x0000000084700000, 0x0000000084800000|  0%| F|  |TAMS 0x0000000084700000, 0x0000000084700000| Untracked 
|  72|0x0000000084800000, 0x0000000084800000, 0x0000000084900000|  0%| F|  |TAMS 0x0000000084800000, 0x0000000084800000| Untracked 
|  73|0x0000000084900000, 0x0000000084900000, 0x0000000084a00000|  0%| F|  |TAMS 0x0000000084900000, 0x0000000084900000| Untracked 
| 125|0x0000000087d00000, 0x0000000087d00000, 0x0000000087e00000|  0%| F|  |TAMS 0x0000000087d00000, 0x0000000087d00000| Untracked 

Card table byte_map: [0x00000253ba830000,0x00000253bac30000] _byte_map_base: 0x00000253ba430000

Marking Bits (Prev, Next): (CMBitMap*) 0x00000253a7c8b820, (CMBitMap*) 0x00000253a7c8b860
 Prev Bits: [0x00000253bb030000, 0x00000253bd030000)
 Next Bits: [0x00000253bd030000, 0x00000253bf030000)

Polling page: 0x00000253a5b60000

Metaspace:

Usage:
  Non-class:     36.20 MB used.
      Class:      5.59 MB used.
       Both:     41.79 MB used.

Virtual space:
  Non-class space:       64.00 MB reserved,      36.38 MB ( 57%) committed,  1 nodes.
      Class space:        1.00 GB reserved,       5.75 MB ( <1%) committed,  1 nodes.
             Both:        1.06 GB reserved,      42.12 MB (  4%) committed. 

Chunk freelists:
   Non-Class:  11.02 MB
       Class:  10.27 MB
        Both:  21.29 MB

MaxMetaspaceSize: unlimited
CompressedClassSpaceSize: 1.00 GB
Initial GC threshold: 21.00 MB
Current GC threshold: 59.00 MB
CDS: off
MetaspaceReclaimPolicy: balanced
 - commit_granule_bytes: 65536.
 - commit_granule_words: 8192.
 - virtual_space_node_default_size: 8388608.
 - enlarge_chunks_in_place: 1.
 - new_chunks_are_fully_committed: 0.
 - uncommit_free_chunks: 1.
 - use_allocation_guard: 0.
 - handle_deallocations: 1.


Internal statistics:

num_allocs_failed_limit: 6.
num_arena_births: 334.
num_arena_deaths: 0.
num_vsnodes_births: 2.
num_vsnodes_deaths: 0.
num_space_committed: 674.
num_space_uncommitted: 0.
num_chunks_returned_to_freelist: 6.
num_chunks_taken_from_freelist: 1556.
num_chunk_merges: 6.
num_chunk_splits: 1028.
num_chunks_enlarged: 731.
num_inconsistent_stats: 0.

CodeHeap 'non-profiled nmethods': size=120000Kb used=2008Kb max_used=2008Kb free=117991Kb
 bounds [0x00000253b2bd0000, 0x00000253b2e40000, 0x00000253ba100000]
CodeHeap 'profiled nmethods': size=120000Kb used=7676Kb max_used=7676Kb free=112324Kb
 bounds [0x00000253ab100000, 0x00000253ab880000, 0x00000253b2630000]
CodeHeap 'non-nmethods': size=5760Kb used=1591Kb max_used=1673Kb free=4168Kb
 bounds [0x00000253b2630000, 0x00000253b28a0000, 0x00000253b2bd0000]
 total_blobs=4364 nmethods=3706 adapters=570
 compilation: enabled
              stopped_count=0, restarted_count=0
 full_count=0

Compilation events (20 events):
Event: 4.651 Thread 0x00000253c1c44350 3716       3       org.codehaus.groovy.util.ComplexKeyHashMap$1::hasNext (13 bytes)
Event: 4.651 Thread 0x00000253c1c44350 nmethod 3716 0x00000253ab877d90 code [0x00000253ab877f20, 0x00000253ab878098]
Event: 4.652 Thread 0x00000253c1c44350 3717       3       groovy.lang.MetaBeanProperty::<init> (18 bytes)
Event: 4.652 Thread 0x00000253c1c44350 nmethod 3717 0x00000253ab878110 code [0x00000253ab8782c0, 0x00000253ab8785f8]
Event: 4.652 Thread 0x00000253c1c44350 3718       3       groovy.lang.MetaClassImpl::createMetaBeanProperty (35 bytes)
Event: 4.652 Thread 0x00000253c1c44350 nmethod 3718 0x00000253ab878710 code [0x00000253ab8788e0, 0x00000253ab878d88]
Event: 4.652 Thread 0x00000253c1c44350 3719       3       groovy.lang.MetaClassImpl::makeReplacementMetaProperty (241 bytes)
Event: 4.654 Thread 0x00000253c1c44350 nmethod 3719 0x00000253ab878f90 code [0x00000253ab8793a0, 0x00000253ab87b988]
Event: 4.654 Thread 0x00000253c1c44350 3720       1       groovy.lang.MetaProperty::getType (5 bytes)
Event: 4.654 Thread 0x00000253c1c44350 nmethod 3720 0x00000253b2dc5a90 code [0x00000253b2dc5c20, 0x00000253b2dc5cf8]
Event: 4.655 Thread 0x00000253c1c44350 3722       3       org.codehaus.groovy.reflection.CachedMethod::compareToMethod (125 bytes)
Event: 4.656 Thread 0x00000253c1c44350 nmethod 3722 0x00000253ab87c290 code [0x00000253ab87c560, 0x00000253ab87d3e8]
Event: 4.656 Thread 0x00000253c1c44350 3721       3       org.codehaus.groovy.reflection.CachedMethod$MyComparator::compare (43 bytes)
Event: 4.657 Thread 0x00000253c1c44350 nmethod 3721 0x00000253ab87da10 code [0x00000253ab87dc80, 0x00000253ab87ea68]
Event: 4.657 Thread 0x00000253c1c44350 3723       3       org.codehaus.groovy.util.ComplexKeyHashMap$1::next (5 bytes)
Event: 4.657 Thread 0x00000253c1c44350 nmethod 3723 0x00000253ab87ec90 code [0x00000253ab87ee40, 0x00000253ab87ef88]
Event: 4.657 Thread 0x00000253c1c44350 3724       1       groovy.lang.MetaBeanProperty::getGetter (5 bytes)
Event: 4.657 Thread 0x00000253c1c44350 nmethod 3724 0x00000253b2dc5d90 code [0x00000253b2dc5f20, 0x00000253b2dc5ff8]
Event: 4.657 Thread 0x00000253c1c44350 3725       1       groovy.lang.MetaBeanProperty::getField (5 bytes)
Event: 4.657 Thread 0x00000253c1c44350 nmethod 3725 0x00000253b2dc6090 code [0x00000253b2dc6220, 0x00000253b2dc62f8]

GC Heap History (20 events):
Event: 0.827 GC heap after
{Heap after GC invocations=1 (full 0):
 garbage-first heap   total 129024K, used 10372K [0x0000000080000000, 0x0000000100000000)
  region size 1024K, 3 young (3072K), 3 survivors (3072K)
 Metaspace       used 10394K, committed 10560K, reserved 1114112K
  class space    used 1076K, committed 1152K, reserved 1048576K
}
Event: 1.311 GC heap before
{Heap before GC invocations=1 (full 0):
 garbage-first heap   total 129024K, used 39044K [0x0000000080000000, 0x0000000100000000)
  region size 1024K, 31 young (31744K), 3 survivors (3072K)
 Metaspace       used 11476K, committed 11648K, reserved 1114112K
  class space    used 1197K, committed 1280K, reserved 1048576K
}
Event: 1.315 GC heap after
{Heap after GC invocations=2 (full 0):
 garbage-first heap   total 129024K, used 11380K [0x0000000080000000, 0x0000000100000000)
  region size 1024K, 1 young (1024K), 1 survivors (1024K)
 Metaspace       used 11476K, committed 11648K, reserved 1114112K
  class space    used 1197K, committed 1280K, reserved 1048576K
}
Event: 2.320 GC heap before
{Heap before GC invocations=2 (full 0):
 garbage-first heap   total 129024K, used 63604K [0x0000000080000000, 0x0000000100000000)
  region size 1024K, 52 young (53248K), 1 survivors (1024K)
 Metaspace       used 21261K, committed 21504K, reserved 1114112K
  class space    used 2502K, committed 2624K, reserved 1048576K
}
Event: 2.327 GC heap after
{Heap after GC invocations=3 (full 0):
 garbage-first heap   total 129024K, used 18870K [0x0000000080000000, 0x0000000100000000)
  region size 1024K, 9 young (9216K), 9 survivors (9216K)
 Metaspace       used 21261K, committed 21504K, reserved 1114112K
  class space    used 2502K, committed 2624K, reserved 1048576K
}
Event: 3.082 GC heap before
{Heap before GC invocations=4 (full 0):
 garbage-first heap   total 71680K, used 52662K [0x0000000080000000, 0x0000000100000000)
  region size 1024K, 42 young (43008K), 9 survivors (9216K)
 Metaspace       used 26372K, committed 26624K, reserved 1114112K
  class space    used 3385K, committed 3456K, reserved 1048576K
}
Event: 3.087 GC heap after
{Heap after GC invocations=5 (full 0):
 garbage-first heap   total 71680K, used 20706K [0x0000000080000000, 0x0000000100000000)
  region size 1024K, 3 young (3072K), 3 survivors (3072K)
 Metaspace       used 26372K, committed 26624K, reserved 1114112K
  class space    used 3385K, committed 3456K, reserved 1048576K
}
Event: 3.107 GC heap before
{Heap before GC invocations=5 (full 0):
 garbage-first heap   total 71680K, used 21730K [0x0000000080000000, 0x0000000100000000)
  region size 1024K, 4 young (4096K), 3 survivors (3072K)
 Metaspace       used 26587K, committed 26816K, reserved 1114112K
  class space    used 3418K, committed 3520K, reserved 1048576K
}
Event: 3.108 GC heap after
{Heap after GC invocations=6 (full 0):
 garbage-first heap   total 71680K, used 20884K [0x0000000080000000, 0x0000000100000000)
  region size 1024K, 1 young (1024K), 1 survivors (1024K)
 Metaspace       used 26587K, committed 26816K, reserved 1114112K
  class space    used 3418K, committed 3520K, reserved 1048576K
}
Event: 3.502 GC heap before
{Heap before GC invocations=6 (full 0):
 garbage-first heap   total 71680K, used 50580K [0x0000000080000000, 0x0000000100000000)
  region size 1024K, 30 young (30720K), 1 survivors (1024K)
 Metaspace       used 30660K, committed 30912K, reserved 1114112K
  class space    used 4087K, committed 4224K, reserved 1048576K
}
Event: 3.504 GC heap after
{Heap after GC invocations=7 (full 0):
 garbage-first heap   total 71680K, used 22298K [0x0000000080000000, 0x0000000100000000)
  region size 1024K, 2 young (2048K), 2 survivors (2048K)
 Metaspace       used 30660K, committed 30912K, reserved 1114112K
  class space    used 4087K, committed 4224K, reserved 1048576K
}
Event: 3.946 GC heap before
{Heap before GC invocations=7 (full 0):
 garbage-first heap   total 71680K, used 51994K [0x0000000080000000, 0x0000000100000000)
  region size 1024K, 32 young (32768K), 2 survivors (2048K)
 Metaspace       used 34425K, committed 34752K, reserved 1114112K
  class space    used 4712K, committed 4864K, reserved 1048576K
}
Event: 3.949 GC heap after
{Heap after GC invocations=8 (full 0):
 garbage-first heap   total 71680K, used 23587K [0x0000000080000000, 0x0000000100000000)
  region size 1024K, 4 young (4096K), 4 survivors (4096K)
 Metaspace       used 34425K, committed 34752K, reserved 1114112K
  class space    used 4712K, committed 4864K, reserved 1048576K
}
Event: 4.057 GC heap before
{Heap before GC invocations=8 (full 0):
 garbage-first heap   total 71680K, used 30755K [0x0000000080000000, 0x0000000100000000)
  region size 1024K, 12 young (12288K), 4 survivors (4096K)
 Metaspace       used 35834K, committed 36096K, reserved 1114112K
  class space    used 4910K, committed 5056K, reserved 1048576K
}
Event: 4.060 GC heap after
{Heap after GC invocations=9 (full 0):
 garbage-first heap   total 71680K, used 24251K [0x0000000080000000, 0x0000000100000000)
  region size 1024K, 2 young (2048K), 2 survivors (2048K)
 Metaspace       used 35834K, committed 36096K, reserved 1114112K
  class space    used 4910K, committed 5056K, reserved 1048576K
}
Event: 4.443 GC heap before
{Heap before GC invocations=10 (full 0):
 garbage-first heap   total 71680K, used 54971K [0x0000000080000000, 0x0000000100000000)
  region size 1024K, 33 young (33792K), 2 survivors (2048K)
 Metaspace       used 40816K, committed 41152K, reserved 1114112K
  class space    used 5418K, committed 5568K, reserved 1048576K
}
Event: 4.447 GC heap after
{Heap after GC invocations=11 (full 0):
 garbage-first heap   total 71680K, used 28120K [0x0000000080000000, 0x0000000100000000)
  region size 1024K, 5 young (5120K), 5 survivors (5120K)
 Metaspace       used 40816K, committed 41152K, reserved 1114112K
  class space    used 5418K, committed 5568K, reserved 1048576K
}
Event: 4.450 GC heap before
{Heap before GC invocations=11 (full 0):
 garbage-first heap   total 71680K, used 29144K [0x0000000080000000, 0x0000000100000000)
  region size 1024K, 6 young (6144K), 5 survivors (5120K)
 Metaspace       used 40816K, committed 41152K, reserved 1114112K
  class space    used 5418K, committed 5568K, reserved 1048576K
}
Event: 4.453 GC heap after
{Heap after GC invocations=12 (full 0):
 garbage-first heap   total 71680K, used 28471K [0x0000000080000000, 0x0000000100000000)
  region size 1024K, 1 young (1024K), 1 survivors (1024K)
 Metaspace       used 40816K, committed 41152K, reserved 1114112K
  class space    used 5418K, committed 5568K, reserved 1048576K
}
Event: 4.664 GC heap before
{Heap before GC invocations=12 (full 0):
 garbage-first heap   total 71680K, used 49975K [0x0000000080000000, 0x0000000100000000)
  region size 1024K, 21 young (21504K), 1 survivors (1024K)
 Metaspace       used 42794K, committed 43136K, reserved 1114112K
  class space    used 5728K, committed 5888K, reserved 1048576K
}

Dll operation events (3 events):
Event: 0.021 Loaded shared library C:\Program Files\Android\Android Studio\jbr\bin\java.dll
Event: 0.185 Loaded shared library C:\Program Files\Android\Android Studio\jbr\bin\zip.dll
Event: 0.567 Loaded shared library C:\Program Files\Android\Android Studio\jbr\bin\verify.dll

Deoptimization events (20 events):
Event: 4.636 Thread 0x00000253c8570830 Uncommon trap: trap_request=0xffffffbe fr.pc=0x00000253b2d8880c relative=0x000000000000322c
Event: 4.636 Thread 0x00000253c8570830 Uncommon trap: reason=profile_predicate action=maybe_recompile pc=0x00000253b2d8880c method=java.util.AbstractCollection.addAll(Ljava/util/Collection;)Z @ 15 c2
Event: 4.636 Thread 0x00000253c8570830 DEOPT PACKING pc=0x00000253b2d8880c sp=0x000000cb519f8e10
Event: 4.636 Thread 0x00000253c8570830 DEOPT UNPACKING pc=0x00000253b26869a3 sp=0x000000cb519f8e08 mode 2
Event: 4.647 Thread 0x00000253c8570830 Uncommon trap: trap_request=0xffffffde fr.pc=0x00000253b2db731c relative=0x000000000000043c
Event: 4.647 Thread 0x00000253c8570830 Uncommon trap: reason=class_check action=maybe_recompile pc=0x00000253b2db731c method=java.util.regex.Pattern$Start.match(Ljava/util/regex/Matcher;ILjava/lang/CharSequence;)Z @ 44 c2
Event: 4.647 Thread 0x00000253c8570830 DEOPT PACKING pc=0x00000253b2db731c sp=0x000000cb519f8b30
Event: 4.647 Thread 0x00000253c8570830 DEOPT UNPACKING pc=0x00000253b26869a3 sp=0x000000cb519f89f8 mode 2
Event: 4.647 Thread 0x00000253c8570830 Uncommon trap: trap_request=0xffffffde fr.pc=0x00000253b2db731c relative=0x000000000000043c
Event: 4.647 Thread 0x00000253c8570830 Uncommon trap: reason=class_check action=maybe_recompile pc=0x00000253b2db731c method=java.util.regex.Pattern$Start.match(Ljava/util/regex/Matcher;ILjava/lang/CharSequence;)Z @ 44 c2
Event: 4.647 Thread 0x00000253c8570830 DEOPT PACKING pc=0x00000253b2db731c sp=0x000000cb519f8b30
Event: 4.647 Thread 0x00000253c8570830 DEOPT UNPACKING pc=0x00000253b26869a3 sp=0x000000cb519f89f8 mode 2
Event: 4.647 Thread 0x00000253c8570830 Uncommon trap: trap_request=0xffffffde fr.pc=0x00000253b2dad27c relative=0x000000000000041c
Event: 4.647 Thread 0x00000253c8570830 Uncommon trap: reason=class_check action=maybe_recompile pc=0x00000253b2dad27c method=java.util.regex.Pattern$Start.match(Ljava/util/regex/Matcher;ILjava/lang/CharSequence;)Z @ 44 c2
Event: 4.647 Thread 0x00000253c8570830 DEOPT PACKING pc=0x00000253b2dad27c sp=0x000000cb519f8ab0
Event: 4.647 Thread 0x00000253c8570830 DEOPT UNPACKING pc=0x00000253b26869a3 sp=0x000000cb519f89f0 mode 2
Event: 4.647 Thread 0x00000253c8570830 Uncommon trap: trap_request=0xffffffde fr.pc=0x00000253b2db091c relative=0x00000000000002dc
Event: 4.647 Thread 0x00000253c8570830 Uncommon trap: reason=class_check action=maybe_recompile pc=0x00000253b2db091c method=java.util.regex.Pattern$Start.match(Ljava/util/regex/Matcher;ILjava/lang/CharSequence;)Z @ 44 c2
Event: 4.647 Thread 0x00000253c8570830 DEOPT PACKING pc=0x00000253b2db091c sp=0x000000cb519f8a30
Event: 4.647 Thread 0x00000253c8570830 DEOPT UNPACKING pc=0x00000253b26869a3 sp=0x000000cb519f89f0 mode 2

Classes unloaded (0 events):
No events

Classes redefined (0 events):
No events

Internal exceptions (20 events):
Event: 4.621 Thread 0x00000253c8570830 Exception <a 'java/lang/ClassNotFoundException'{0x000000008360fb30}: groovy/lang/BindingBeanInfo> (0x000000008360fb30) 
thrown [s\src\hotspot\share\classfile\systemDictionary.cpp, line 256]
Event: 4.622 Thread 0x00000253c8570830 Exception <a 'java/lang/ClassNotFoundException'{0x0000000083627798}: groovy/lang/BindingCustomizer> (0x0000000083627798) 
thrown [s\src\hotspot\share\classfile\systemDictionary.cpp, line 256]
Event: 4.630 Thread 0x00000253c8570830 Exception <a 'java/lang/ClassNotFoundException'{0x000000008357ea68}: settings_7gldrxbpzwl7qqc0xubw7s924BeanInfo> (0x000000008357ea68) 
thrown [s\src\hotspot\share\classfile\systemDictionary.cpp, line 256]
Event: 4.630 Thread 0x00000253c8570830 Exception <a 'java/lang/ClassNotFoundException'{0x00000000835891b8}: org/gradle/initialization/SettingsScriptBeanInfo> (0x00000000835891b8) 
thrown [s\src\hotspot\share\classfile\systemDictionary.cpp, line 256]
Event: 4.631 Thread 0x00000253c8570830 Exception <a 'java/lang/ClassNotFoundException'{0x0000000083593a68}: org/gradle/plugin/use/internal/PluginsAwareScriptBeanInfo> (0x0000000083593a68) 
thrown [s\src\hotspot\share\classfile\systemDictionary.cpp, line 256]
Event: 4.631 Thread 0x00000253c8570830 Exception <a 'java/lang/ClassNotFoundException'{0x000000008359e200}: org/gradle/groovy/scripts/DefaultScriptBeanInfo> (0x000000008359e200) 
thrown [s\src\hotspot\share\classfile\systemDictionary.cpp, line 256]
Event: 4.631 Thread 0x00000253c8570830 Exception <a 'java/lang/ClassNotFoundException'{0x00000000835a8930}: org/gradle/groovy/scripts/BasicScriptBeanInfo> (0x00000000835a8930) 
thrown [s\src\hotspot\share\classfile\systemDictionary.cpp, line 256]
Event: 4.631 Thread 0x00000253c8570830 Exception <a 'java/lang/ClassNotFoundException'{0x00000000835b2ff0}: org/gradle/groovy/scripts/ScriptBeanInfo> (0x00000000835b2ff0) 
thrown [s\src\hotspot\share\classfile\systemDictionary.cpp, line 256]
Event: 4.632 Thread 0x00000253c8570830 Exception <a 'java/lang/ClassNotFoundException'{0x00000000835cac68}: groovy/lang/ScriptBeanInfo> (0x00000000835cac68) 
thrown [s\src\hotspot\share\classfile\systemDictionary.cpp, line 256]
Event: 4.632 Thread 0x00000253c8570830 Exception <a 'java/lang/ClassNotFoundException'{0x00000000835e28d0}: groovy/lang/ScriptCustomizer> (0x00000000835e28d0) 
thrown [s\src\hotspot\share\classfile\systemDictionary.cpp, line 256]
Event: 4.633 Thread 0x00000253c8570830 Exception <a 'java/lang/ClassNotFoundException'{0x00000000835f4c78}: org/gradle/groovy/scripts/ScriptCustomizer> (0x00000000835f4c78) 
thrown [s\src\hotspot\share\classfile\systemDictionary.cpp, line 256]
Event: 4.633 Thread 0x00000253c8570830 Exception <a 'java/lang/ClassNotFoundException'{0x0000000083406770}: org/gradle/groovy/scripts/BasicScriptCustomizer> (0x0000000083406770) 
thrown [s\src\hotspot\share\classfile\systemDictionary.cpp, line 256]
Event: 4.634 Thread 0x00000253c8570830 Exception <a 'java/lang/ClassNotFoundException'{0x000000008341d7d0}: org/gradle/groovy/scripts/DefaultScriptCustomizer> (0x000000008341d7d0) 
thrown [s\src\hotspot\share\classfile\systemDictionary.cpp, line 256]
Event: 4.635 Thread 0x00000253c8570830 Exception <a 'java/lang/ClassNotFoundException'{0x0000000083445c60}: org/gradle/plugin/use/internal/PluginsAwareScriptCustomizer> (0x0000000083445c60) 
thrown [s\src\hotspot\share\classfile\systemDictionary.cpp, line 256]
Event: 4.636 Thread 0x00000253c8570830 Exception <a 'java/lang/ClassNotFoundException'{0x00000000834584d0}: org/gradle/initialization/SettingsScriptCustomizer> (0x00000000834584d0) 
thrown [s\src\hotspot\share\classfile\systemDictionary.cpp, line 256]
Event: 4.636 Thread 0x00000253c8570830 Exception <a 'java/lang/ClassNotFoundException'{0x0000000083466570}: settings_7gldrxbpzwl7qqc0xubw7s924Customizer> (0x0000000083466570) 
thrown [s\src\hotspot\share\classfile\systemDictionary.cpp, line 256]
Event: 4.645 Thread 0x00000253c8570830 Exception <a 'java/lang/ClassNotFoundException'{0x00000000833194e0}: groovy/lang/Closure$1BeanInfo> (0x00000000833194e0) 
thrown [s\src\hotspot\share\classfile\systemDictionary.cpp, line 256]
Event: 4.646 Thread 0x00000253c8570830 Exception <a 'java/lang/ClassNotFoundException'{0x000000008333c0f0}: groovy/lang/ClosureBeanInfo> (0x000000008333c0f0) 
thrown [s\src\hotspot\share\classfile\systemDictionary.cpp, line 256]
Event: 4.646 Thread 0x00000253c8570830 Exception <a 'java/lang/ClassNotFoundException'{0x000000008335e770}: groovy/lang/ClosureCustomizer> (0x000000008335e770) 
thrown [s\src\hotspot\share\classfile\systemDictionary.cpp, line 256]
Event: 4.649 Thread 0x00000253c8570830 Exception <a 'java/lang/ClassNotFoundException'{0x00000000833a4f38}: groovy/lang/Closure$1Customizer> (0x00000000833a4f38) 
thrown [s\src\hotspot\share\classfile\systemDictionary.cpp, line 256]

VM Operations (20 events):
Event: 4.075 Executing VM operation: G1PauseRemark done
Event: 4.081 Executing VM operation: G1PauseCleanup
Event: 4.081 Executing VM operation: G1PauseCleanup done
Event: 4.241 Executing VM operation: HandshakeAllThreads
Event: 4.241 Executing VM operation: HandshakeAllThreads done
Event: 4.342 Executing VM operation: HandshakeAllThreads
Event: 4.342 Executing VM operation: HandshakeAllThreads done
Event: 4.343 Executing VM operation: HandshakeAllThreads
Event: 4.343 Executing VM operation: HandshakeAllThreads done
Event: 4.347 Executing VM operation: HandshakeAllThreads
Event: 4.347 Executing VM operation: HandshakeAllThreads done
Event: 4.408 Executing VM operation: HandshakeAllThreads
Event: 4.408 Executing VM operation: HandshakeAllThreads done
Event: 4.443 Executing VM operation: G1CollectForAllocation
Event: 4.447 Executing VM operation: G1CollectForAllocation done
Event: 4.450 Executing VM operation: G1CollectForAllocation
Event: 4.453 Executing VM operation: G1CollectForAllocation done
Event: 4.543 Executing VM operation: HandshakeAllThreads
Event: 4.543 Executing VM operation: HandshakeAllThreads done
Event: 4.664 Executing VM operation: G1TryInitiateConcMark

Events (20 events):
Event: 4.500 loading class java/math/MutableBigInteger done
Event: 4.509 loading class java/lang/ProcessBuilder
Event: 4.509 loading class java/lang/ProcessBuilder done
Event: 4.549 loading class java/nio/charset/CharacterCodingException
Event: 4.549 loading class java/nio/charset/CharacterCodingException done
Event: 4.567 Thread 0x00000253c8a9d100 Thread added: 0x00000253c8a9d100
Event: 4.591 loading class java/util/stream/Streams$RangeIntSpliterator
Event: 4.591 loading class java/util/stream/Streams$RangeIntSpliterator done
Event: 4.593 loading class java/util/stream/Nodes$FixedNodeBuilder
Event: 4.593 loading class java/util/stream/Nodes$ArrayNode
Event: 4.593 loading class java/util/stream/Nodes$ArrayNode done
Event: 4.593 loading class java/util/stream/Nodes$FixedNodeBuilder done
Event: 4.649 loading class com/sun/beans/finder/MethodFinder
Event: 4.649 loading class com/sun/beans/finder/AbstractFinder
Event: 4.649 loading class com/sun/beans/finder/AbstractFinder done
Event: 4.649 loading class com/sun/beans/finder/MethodFinder done
Event: 4.649 loading class com/sun/beans/finder/MethodFinder$1
Event: 4.649 loading class com/sun/beans/finder/MethodFinder$1 done
Event: 4.649 loading class com/sun/beans/finder/FinderUtils
Event: 4.649 loading class com/sun/beans/finder/FinderUtils done


Dynamic libraries:
0x00007ff7dd180000 - 0x00007ff7dd18a000 	C:\Program Files\Android\Android Studio\jbr\bin\java.exe
0x00007ffe12d50000 - 0x00007ffe12f67000 	C:\WINDOWS\SYSTEM32\ntdll.dll
0x00007ffe12150000 - 0x00007ffe12214000 	C:\WINDOWS\System32\KERNEL32.DLL
0x00007ffe10140000 - 0x00007ffe104ec000 	C:\WINDOWS\System32\KERNELBASE.dll
0x00007ffe10970000 - 0x00007ffe10a81000 	C:\WINDOWS\System32\ucrtbase.dll
0x00007ffe0a200000 - 0x00007ffe0a21b000 	C:\Program Files\Android\Android Studio\jbr\bin\VCRUNTIME140.dll
0x00007ffe04a60000 - 0x00007ffe04a77000 	C:\Program Files\Android\Android Studio\jbr\bin\jli.dll
0x00007ffdf1960000 - 0x00007ffdf1bf3000 	C:\WINDOWS\WinSxS\amd64_microsoft.windows.common-controls_6595b64144ccf1df_6.0.22621.3672_none_2713b9d173822955\COMCTL32.dll
0x00007ffe12af0000 - 0x00007ffe12b97000 	C:\WINDOWS\System32\msvcrt.dll
0x00007ffe12940000 - 0x00007ffe12aee000 	C:\WINDOWS\System32\USER32.dll
0x00007ffe10820000 - 0x00007ffe10846000 	C:\WINDOWS\System32\win32u.dll
0x00007ffe12120000 - 0x00007ffe12149000 	C:\WINDOWS\System32\GDI32.dll
0x00007ffe10850000 - 0x00007ffe10969000 	C:\WINDOWS\System32\gdi32full.dll
0x00007ffe104f0000 - 0x00007ffe1058a000 	C:\WINDOWS\System32\msvcp_win.dll
0x00007ffe12900000 - 0x00007ffe12931000 	C:\WINDOWS\System32\IMM32.DLL
0x00007ffe0af40000 - 0x00007ffe0af4c000 	C:\Program Files\Android\Android Studio\jbr\bin\vcruntime140_1.dll
0x00007ffded520000 - 0x00007ffded5ad000 	C:\Program Files\Android\Android Studio\jbr\bin\msvcp140.dll
0x00007ffda9270000 - 0x00007ffda9ef3000 	C:\Program Files\Android\Android Studio\jbr\bin\server\jvm.dll
0x00007ffe12060000 - 0x00007ffe12112000 	C:\WINDOWS\System32\ADVAPI32.dll
0x00007ffe11be0000 - 0x00007ffe11c88000 	C:\WINDOWS\System32\sechost.dll
0x00007ffe10590000 - 0x00007ffe105b8000 	C:\WINDOWS\System32\bcrypt.dll
0x00007ffe10bd0000 - 0x00007ffe10ce5000 	C:\WINDOWS\System32\RPCRT4.dll
0x00007ffe0ef10000 - 0x00007ffe0ef5d000 	C:\WINDOWS\SYSTEM32\POWRPROF.dll
0x00007ffdf48f0000 - 0x00007ffdf48f9000 	C:\WINDOWS\SYSTEM32\WSOCK32.dll
0x00007ffe10ae0000 - 0x00007ffe10b51000 	C:\WINDOWS\System32\WS2_32.dll
0x00007ffe08740000 - 0x00007ffe0874a000 	C:\WINDOWS\SYSTEM32\VERSION.dll
0x00007ffe06a90000 - 0x00007ffe06ac4000 	C:\WINDOWS\SYSTEM32\WINMM.dll
0x00007ffe0eef0000 - 0x00007ffe0ef03000 	C:\WINDOWS\SYSTEM32\UMPDC.dll
0x00007ffe0f1a0000 - 0x00007ffe0f1b8000 	C:\WINDOWS\SYSTEM32\kernel.appcore.dll
0x00007ffe07d60000 - 0x00007ffe07d6a000 	C:\Program Files\Android\Android Studio\jbr\bin\jimage.dll
0x00007ffe0d9c0000 - 0x00007ffe0dbf2000 	C:\WINDOWS\SYSTEM32\DBGHELP.DLL
0x00007ffe10e50000 - 0x00007ffe111d8000 	C:\WINDOWS\System32\combase.dll
0x00007ffe10d70000 - 0x00007ffe10e47000 	C:\WINDOWS\System32\OLEAUT32.dll
0x00007ffded120000 - 0x00007ffded152000 	C:\WINDOWS\SYSTEM32\dbgcore.DLL
0x00007ffe105c0000 - 0x00007ffe1063b000 	C:\WINDOWS\System32\bcryptPrimitives.dll
0x00007ffe04b40000 - 0x00007ffe04b4e000 	C:\Program Files\Android\Android Studio\jbr\bin\instrument.dll
0x00007ffe06ba0000 - 0x00007ffe06bc5000 	C:\Program Files\Android\Android Studio\jbr\bin\java.dll
0x00007ffe06ae0000 - 0x00007ffe06af8000 	C:\Program Files\Android\Android Studio\jbr\bin\zip.dll
0x00007ffe111e0000 - 0x00007ffe11a3c000 	C:\WINDOWS\System32\SHELL32.dll
0x00007ffe0dfe0000 - 0x00007ffe0e8d7000 	C:\WINDOWS\SYSTEM32\windows.storage.dll
0x00007ffe0dea0000 - 0x00007ffe0dfdf000 	C:\WINDOWS\SYSTEM32\wintypes.dll
0x00007ffe11ae0000 - 0x00007ffe11bd4000 	C:\WINDOWS\System32\SHCORE.dll
0x00007ffe11a40000 - 0x00007ffe11a9e000 	C:\WINDOWS\System32\shlwapi.dll
0x00007ffe0ffb0000 - 0x00007ffe0ffd1000 	C:\WINDOWS\SYSTEM32\profapi.dll
0x00007ffe04b50000 - 0x00007ffe04b69000 	C:\Program Files\Android\Android Studio\jbr\bin\net.dll
0x00007ffe08aa0000 - 0x00007ffe08bd6000 	C:\WINDOWS\SYSTEM32\WINHTTP.dll
0x00007ffe0f610000 - 0x00007ffe0f679000 	C:\WINDOWS\system32\mswsock.dll
0x00007ffe04ad0000 - 0x00007ffe04ae6000 	C:\Program Files\Android\Android Studio\jbr\bin\nio.dll
0x00007ffe06ad0000 - 0x00007ffe06ae0000 	C:\Program Files\Android\Android Studio\jbr\bin\verify.dll
0x00007ffded4f0000 - 0x00007ffded517000 	C:\Users\compu market\.gradle\native\c067742578af261105cb4f569cf0c3c89f3d7b1fecec35dd04571415982c5e48\windows-amd64\native-platform.dll
0x00007ffdb6a00000 - 0x00007ffdb6b44000 	C:\Users\compu market\.gradle\native\38dada09dfb8b06ba9b0570ebf7e218e3eb74d4ef43ca46872605cf95ebc2f47\windows-amd64\native-platform-file-events.dll
0x00007ffe07900000 - 0x00007ffe07909000 	C:\Program Files\Android\Android Studio\jbr\bin\management.dll
0x00007ffe07880000 - 0x00007ffe0788b000 	C:\Program Files\Android\Android Studio\jbr\bin\management_ext.dll
0x00007ffe10bc0000 - 0x00007ffe10bc8000 	C:\WINDOWS\System32\PSAPI.DLL
0x00007ffe0f880000 - 0x00007ffe0f89b000 	C:\WINDOWS\SYSTEM32\CRYPTSP.dll
0x00007ffe0f100000 - 0x00007ffe0f135000 	C:\WINDOWS\system32\rsaenh.dll
0x00007ffe0f710000 - 0x00007ffe0f738000 	C:\WINDOWS\SYSTEM32\USERENV.dll
0x00007ffe0f870000 - 0x00007ffe0f87c000 	C:\WINDOWS\SYSTEM32\CRYPTBASE.dll
0x00007ffe0ebb0000 - 0x00007ffe0ebdd000 	C:\WINDOWS\SYSTEM32\IPHLPAPI.DLL
0x00007ffe12230000 - 0x00007ffe12239000 	C:\WINDOWS\System32\NSI.dll
0x00007ffe08c20000 - 0x00007ffe08c39000 	C:\WINDOWS\SYSTEM32\dhcpcsvc6.DLL
0x00007ffe088e0000 - 0x00007ffe088ff000 	C:\WINDOWS\SYSTEM32\dhcpcsvc.DLL
0x00007ffe0ec20000 - 0x00007ffe0ed18000 	C:\WINDOWS\SYSTEM32\DNSAPI.dll
0x00007ffe07970000 - 0x00007ffe07979000 	C:\Program Files\Android\Android Studio\jbr\bin\extnet.dll
0x00007ffe07c70000 - 0x00007ffe07c78000 	C:\WINDOWS\system32\wshunix.dll

dbghelp: loaded successfully - version: 4.0.5 - missing functions: none
symbol engine: initialized successfully - sym options: 0x614 - pdb path: .;C:\Program Files\Android\Android Studio\jbr\bin;C:\WINDOWS\SYSTEM32;C:\WINDOWS\WinSxS\amd64_microsoft.windows.common-controls_6595b64144ccf1df_6.0.22621.3672_none_2713b9d173822955;C:\Program Files\Android\Android Studio\jbr\bin\server;C:\Users\compu market\.gradle\native\c067742578af261105cb4f569cf0c3c89f3d7b1fecec35dd04571415982c5e48\windows-amd64;C:\Users\compu market\.gradle\native\38dada09dfb8b06ba9b0570ebf7e218e3eb74d4ef43ca46872605cf95ebc2f47\windows-amd64

VM Arguments:
jvm_args: --add-opens=java.base/java.util=ALL-UNNAMED --add-opens=java.base/java.lang=ALL-UNNAMED --add-opens=java.base/java.lang.invoke=ALL-UNNAMED --add-opens=java.prefs/java.util.prefs=ALL-UNNAMED --add-opens=java.base/java.nio.charset=ALL-UNNAMED --add-opens=java.base/java.net=ALL-UNNAMED --add-opens=java.base/java.util.concurrent.atomic=ALL-UNNAMED -Xmx2048m -Dfile.encoding=UTF-8 -Duser.country=US -Duser.language=en -Duser.variant -javaagent:C:\Users\compu market\.gradle\wrapper\dists\gradle-8.6-bin\afr5mpiioh2wthjmwnkmdsd5w\gradle-8.6\lib\agents\gradle-instrumentation-agent-8.6.jar 
java_command: org.gradle.launcher.daemon.bootstrap.GradleDaemon 8.6
java_class_path (initial): C:\Users\compu market\.gradle\wrapper\dists\gradle-8.6-bin\afr5mpiioh2wthjmwnkmdsd5w\gradle-8.6\lib\gradle-launcher-8.6.jar
Launcher Type: SUN_STANDARD

[Global flags]
     intx CICompilerCount                          = 4                                         {product} {ergonomic}
     uint ConcGCThreads                            = 2                                         {product} {ergonomic}
     uint G1ConcRefinementThreads                  = 8                                         {product} {ergonomic}
   size_t G1HeapRegionSize                         = 1048576                                   {product} {ergonomic}
    uintx GCDrainStackTargetSize                   = 64                                        {product} {ergonomic}
   size_t InitialHeapSize                          = 132120576                                 {product} {ergonomic}
   size_t MarkStackSize                            = 4194304                                   {product} {ergonomic}
   size_t MaxHeapSize                              = 2147483648                                {product} {command line}
   size_t MaxNewSize                               = 1287651328                                {product} {ergonomic}
   size_t MinHeapDeltaBytes                        = 1048576                                   {product} {ergonomic}
   size_t MinHeapSize                              = 8388608                                   {product} {ergonomic}
    uintx NonNMethodCodeHeapSize                   = 5839372                                {pd product} {ergonomic}
    uintx NonProfiledCodeHeapSize                  = 122909434                              {pd product} {ergonomic}
    uintx ProfiledCodeHeapSize                     = 122909434                              {pd product} {ergonomic}
    uintx ReservedCodeCacheSize                    = 251658240                              {pd product} {ergonomic}
     bool SegmentedCodeCache                       = true                                      {product} {ergonomic}
   size_t SoftMaxHeapSize                          = 2147483648                             {manageable} {ergonomic}
     bool UseCompressedClassPointers               = true                           {product lp64_product} {ergonomic}
     bool UseCompressedOops                        = true                           {product lp64_product} {ergonomic}
     bool UseG1GC                                  = true                                      {product} {ergonomic}
     bool UseLargePagesIndividualAllocation        = false                                  {pd product} {ergonomic}

Logging:
Log output configuration:
 #0: stdout all=warning uptime,level,tags
 #1: stderr all=off uptime,level,tags

Environment Variables:
PATH=C:\Program Files\Common Files\Oracle\Java\javapath;C:\Program Files (x86)\Common Files\Intel\Shared Libraries\redist\intel64\compiler;C:\windows\system32;C:\windows;C:\windows\System32\Wbem;C:\windows\System32\WindowsPowerShell\v1.0\;C:\windows\System32\OpenSSH\;C:\Program Files (x86)\NVIDIA Corporation\PhysX\Common;C:\Program Files\NVIDIA Corporation\NVIDIA NvDLISR;C:\WINDOWS\system32;C:\WINDOWS;C:\WINDOWS\System32\Wbem;C:\WINDOWS\System32\WindowsPowerShell\v1.0\;C:\WINDOWS\System32\OpenSSH\;C:\PROGRA~2\PICC;C:\Program Files\Microsoft SQL Server\130\Tools\Binn\;C:\Program Files\Microsoft SQL Server\Client SDK\ODBC\170\Tools\Binn\;C:\Program Files (x86)\Microsoft SQL Server\150\Tools\Binn\;C:\Program Files\Microsoft SQL Server\150\Tools\Binn\;C:\Program Files\Microsoft SQL Server\150\DTS\Binn\;C:\Program Files (x86)\Microsoft SQL Server\150\DTS\Binn\;C:\Program Files\Azure Data Studio\bin;C:\Program Files\HP\HP One Agent;C:\Program Files\Git\cmd;C:\Users\compu market\AppData\Local\Microsoft\WindowsApps;C:\Users\compu market\AppData\Local\atom\bin;C:\Users\compu market\AppData\Local\Microsoft\WindowsApps;;C:\Program Files\Azure Data Studio\bin
USERNAME=Abdulrahman
OS=Windows_NT
PROCESSOR_IDENTIFIER=Intel64 Family 6 Model 158 Stepping 10, GenuineIntel
TMP=C:\Users\COMPUM~1\AppData\Local\Temp
TEMP=C:\Users\COMPUM~1\AppData\Local\Temp



Periodic native trim disabled

JNI global refs:
JNI global refs: 24, weak refs: 0

JNI global refs memory usage: 843, weak refs: 841

OOME stack traces (most recent first):
Classloader memory used:
Loader org.gradle.internal.classloader.VisitableURLClassLoader                         : 2513K
Loader bootstrap                                                                       : 2288K
Loader org.gradle.initialization.MixInLegacyTypesClassLoader                           : 448K
Loader jdk.internal.loader.ClassLoaders$PlatformClassLoader                            : 65674B
Loader jdk.internal.loader.ClassLoaders$AppClassLoader                                 : 28691B
Loader jdk.internal.reflect.DelegatingClassLoader                                      : 4428B
Loader org.gradle.groovy.scripts.internal.DefaultScriptCompilationHandler$ScriptClassLoader: 1715B

Classes loaded by more than one classloader:
Class org.gradle.internal.installation.GradleInstallation                             : loaded 2 times (x 73B)
Class org.gradle.internal.classpath.ClassPath                                         : loaded 2 times (x 68B)
Class org.gradle.api.internal.classpath.DefaultModuleRegistry                         : loaded 2 times (x 84B)
Class org.gradle.api.Action                                                           : loaded 2 times (x 68B)
Class org.gradle.api.internal.DefaultClassPathProvider                                : loaded 2 times (x 74B)
Class org.gradle.internal.installation.GradleInstallation$1                           : loaded 2 times (x 73B)
Class org.gradle.internal.classloader.FilteringClassLoader                            : loaded 2 times (x 103B)
Class org.gradle.internal.classpath.DefaultClassPath$ImmutableUniqueList$Builder      : loaded 2 times (x 73B)
Class org.gradle.internal.classloader.ClassLoaderVisitor                              : loaded 2 times (x 74B)
Class org.gradle.internal.service.DefaultServiceLocator                               : loaded 2 times (x 81B)
Class org.gradle.internal.service.UnknownServiceException                             : loaded 2 times (x 81B)
Class org.gradle.internal.classloader.DefaultClassLoaderFactory                       : loaded 2 times (x 80B)
Class org.gradle.internal.classloader.VisitableURLClassLoader$Spec                    : loaded 2 times (x 72B)
Class org.gradle.api.GradleException                                                  : loaded 2 times (x 80B)
Class org.gradle.api.internal.classpath.ModuleRegistry                                : loaded 2 times (x 68B)
Class org.gradle.api.internal.ClassPathProvider                                       : loaded 2 times (x 68B)
Class org.gradle.internal.classloader.ClasspathUtil$1                                 : loaded 2 times (x 74B)
Class org.gradle.internal.classloader.ClassLoaderFactory                              : loaded 2 times (x 68B)
Class org.gradle.api.internal.classpath.ManifestUtil                                  : loaded 2 times (x 69B)
Class org.gradle.api.specs.Spec                                                       : loaded 2 times (x 68B)
Class org.gradle.internal.IoActions                                                   : loaded 2 times (x 69B)
Class org.gradle.api.internal.classpath.EffectiveClassPath                            : loaded 2 times (x 88B)
Class org.gradle.internal.installation.CurrentGradleInstallation                      : loaded 2 times (x 71B)
Class org.gradle.internal.agents.InstrumentingClassLoader                             : loaded 2 times (x 68B)
Class org.gradle.internal.installation.CurrentGradleInstallationLocator               : loaded 2 times (x 69B)
Class org.gradle.api.internal.classpath.Module                                        : loaded 2 times (x 68B)
Class org.gradle.internal.service.CachingServiceLocator                               : loaded 2 times (x 80B)
Class org.gradle.internal.classpath.DefaultClassPath                                  : loaded 2 times (x 88B)
Class org.gradle.internal.classloader.SystemClassLoaderSpec                           : loaded 2 times (x 69B)
Class org.gradle.api.UncheckedIOException                                             : loaded 2 times (x 80B)
Class org.gradle.internal.classloader.ClasspathUtil                                   : loaded 2 times (x 69B)
Class org.gradle.api.internal.DefaultClassPathRegistry                                : loaded 2 times (x 74B)
Class org.gradle.api.internal.classpath.DefaultModuleRegistry$DefaultModule           : loaded 2 times (x 84B)
Class org.gradle.api.internal.classpath.UnknownModuleException                        : loaded 2 times (x 80B)
Class org.gradle.internal.service.ServiceLookupException                              : loaded 2 times (x 80B)
Class org.gradle.cache.GlobalCache                                                    : loaded 2 times (x 68B)
Class [Lorg.gradle.api.internal.ClassPathProvider;                                    : loaded 2 times (x 67B)
Class org.gradle.util.internal.GUtil                                                  : loaded 2 times (x 69B)
Class org.gradle.internal.classloader.ClassLoaderSpec                                 : loaded 2 times (x 69B)
Class org.gradle.internal.classloader.VisitableURLClassLoader                         : loaded 2 times (x 115B)
Class org.gradle.internal.Cast                                                        : loaded 2 times (x 69B)
Class org.gradle.api.internal.ClassPathRegistry                                       : loaded 2 times (x 68B)
Class org.gradle.internal.classloader.VisitableURLClassLoader$InstrumentingVisitableURLClassLoader: loaded 2 times (x 121B)
Class org.gradle.internal.classloader.ClassLoaderHierarchy                            : loaded 2 times (x 68B)
Class org.gradle.internal.InternalTransformer                                         : loaded 2 times (x 68B)
Class org.gradle.internal.service.ServiceLocator                                      : loaded 2 times (x 68B)
Class org.gradle.internal.classpath.DefaultClassPath$ImmutableUniqueList              : loaded 2 times (x 159B)
Class org.gradle.internal.classpath.TransformedClassPath                              : loaded 2 times (x 94B)


---------------  S Y S T E M  ---------------

OS:
 Windows 11 , 64 bit Build 22621 (10.0.22621.3672)
OS uptime: 0 days 0:17 hours

CPU: total 8 (initial active 8) (4 cores per cpu, 2 threads per core) family 6 model 158 stepping 10 microcode 0xf6, cx8, cmov, fxsr, ht, mmx, 3dnowpref, sse, sse2, sse3, ssse3, sse4.1, sse4.2, popcnt, lzcnt, tsc, tscinvbit, avx, avx2, aes, erms, clmul, bmi1, bmi2, adx, fma, vzeroupper, clflush, clflushopt
Processor Information for all 8 processors :
  Max Mhz: 2400, Current Mhz: 2400, Mhz Limit: 2400

Memory: 4k page, system-wide physical 8033M (586M free)
TotalPageFile size 10081M (AvailPageFile size 40M)
current process WorkingSet (physical memory assigned to process): 221M, peak: 221M
current process commit charge ("private bytes"): 260M, peak: 312M

vm_info: OpenJDK 64-Bit Server VM (17.0.10+0--11609105) for windows-amd64 JRE (17.0.10+0--11609105), built on Mar 21 2024 19:10:56 by "androidbuild" with MS VC++ 16.10 / 16.11 (VS2019)

END.
